#
# A fatal error has been detected by the Java Runtime Environment:
#
#  SIGSEGV (0xb) at pc=0x00007ff069124e9f, pid=8990, tid=140670136547072
#
# JRE version: 7.0_17-b02
# Java VM: Java HotSpot(TM) 64-Bit Server VM (23.7-b01 mixed mode linux-amd64 compressed oops)
# Problematic frame:
# V  [libjvm.so+0x57be9f]  jni_GetStringUTFChars+0x9f
#
# Failed to write core dump. Core dumps have been disabled. To enable core dumping, try "ulimit -c unlimited" before starting Java again
#
# If you would like to submit a bug report, please visit:
#   http://bugreport.sun.com/bugreport/crash.jsp
#

---------------  T H R E A D  ---------------

Current thread (0x00007ff064252000):  JavaThread "AWT-EventQueue-0" [_thread_in_vm, id=9012, stack(0x00007ff05174f000,0x00007ff051850000)]

siginfo:si_signo=SIGSEGV: si_errno=0, si_code=1 (SEGV_MAPERR), si_addr=0x0000000000000000

Registers:
RAX=0x0000000000000000, RBX=0x00007ff064252000, RCX=0x00000000ec6cf7b8, RDX=0x00007ff0698a30e0
RSP=0x00007ff05184cac0, RBP=0x00007ff05184cb30, RSI=0x0000000000000000, RDI=0x00007ff0642521d8
R8 =0x00007ff014218638, R9 =0x00000000ec6cf7b8, R10=0x0000000000000004, R11=0x00007ff0698a30e8
R12=0x0000000000000000, R13=0x0000000000000000, R14=0x00007ff05184cc08, R15=0x00007ff064252000
RIP=0x00007ff069124e9f, EFLAGS=0x0000000000010246, CSGSFS=0x0000000000000033, ERR=0x0000000000000004
  TRAPNO=0x000000000000000e

Top of Stack: (sp=0x00007ff05184cac0)
0x00007ff05184cac0:   0000000000000000 0000000000000000
0x00007ff05184cad0:   00007ff064252000 0000000000000000
0x00007ff05184cae0:   00007ff0607b8158 00000000ec6d0180
0x00007ff05184caf0:   00007ff064252000 00000000bf8623b1
0x00007ff05184cb00:   00007ff05184cb40 00000000bf7f6010
0x00007ff05184cb10:   00007ff0142182f8 0000000000000000
0x00007ff05184cb20:   00007ff05184cc08 00007ff064252000
0x00007ff05184cb30:   00007ff0642521d8 00007ff0514d42b0
0x00007ff05184cb40:   00000000ec6d0180 00007ff05184cb48
0x00007ff05184cb50:   00000000bf7f6010 00007ff05184cbe0
0x00007ff05184cb60:   0000000000000000 00000000bf7f6008
0x00007ff05184cb70:   00007ff05184cc08 00007ff0607c4963
0x00007ff05184cb80:   0000000000000000 00007ff0607c4e74
0x00007ff05184cb90:   0000000000000000 00000000ec6cf7b8
0x00007ff05184cba0:   00007ff05184cb90 0000000000000000
0x00007ff05184cbb0:   00007ff05184cc08 00000000bf800420
0x00007ff05184cbc0:   0000000000000000 00000000bf7f6010
0x00007ff05184cbd0:   0000000000000000 00007ff05184cc00
0x00007ff05184cbe0:   00007ff05184cc68 00007ff0607b8275
0x00007ff05184cbf0:   0000000000000000 00007ff0607c0dd7
0x00007ff05184cc00:   0000000000000000 00000000ec6cf7b8
0x00007ff05184cc10:   00000000ec6d0128 0000000000000001
0x00007ff05184cc20:   00000000ec6cf7b8 00007ff05184cc18
0x00007ff05184cc30:   00000000bf7faacd 00007ff05184cc80
0x00007ff05184cc40:   00000000bf7ffc80 0000000000000000
0x00007ff05184cc50:   00000000bf7fab18 00007ff05184cc00
0x00007ff05184cc60:   00007ff05184cc78 00007ff05184ccc8
0x00007ff05184cc70:   00007ff0607b8158 00000000ec6d0128
0x00007ff05184cc80:   00000000ec6cf7b8 00007ff05184cc88
0x00007ff05184cc90:   00000000bf85fbfe 00007ff05184cce0
0x00007ff05184cca0:   00000000bf874be8 0000000000000000
0x00007ff05184ccb0:   00000000bf85fc48 00007ff05184cc78 

Instructions: (pc=0x00007ff069124e9f)
0x00007ff069124e7f:   48 89 5d c0 48 89 5d a0 48 c7 45 a8 00 00 00 00
0x00007ff069124e8f:   48 83 7b 08 00 74 09 48 8d 7d a0 e8 e1 1a 21 00
0x00007ff069124e9f:   4d 8b 3c 24 4c 89 ff e8 65 8f fd ff 41 89 c5 48
0x00007ff069124eaf:   98 4c 8d 60 01 4c 89 e7 e8 14 29 1c 00 48 85 c0 

Register to memory mapping:

RAX=0x0000000000000000 is an unknown value
RBX=0x00007ff064252000 is a thread
RCX=0x00000000ec6cf7b8 is an oop
org.sqlite.NativeDB 
 - klass: 'org/sqlite/NativeDB'
RDX=0x00007ff0698a30e0: <offset 0xcfa0e0> in /usr/lib/jvm/java-7-oracle/jre/lib/amd64/server/libjvm.so at 0x00007ff068ba9000
RSP=0x00007ff05184cac0 is pointing into the stack for thread: 0x00007ff064252000
RBP=0x00007ff05184cb30 is pointing into the stack for thread: 0x00007ff064252000
RSI=0x0000000000000000 is an unknown value
RDI=0x00007ff0642521d8 is an unknown value
R8 =0x00007ff014218638 is an unknown value
R9 =0x00000000ec6cf7b8 is an oop
org.sqlite.NativeDB 
 - klass: 'org/sqlite/NativeDB'
R10=0x0000000000000004 is an unknown value
R11=0x00007ff0698a30e8: <offset 0xcfa0e8> in /usr/lib/jvm/java-7-oracle/jre/lib/amd64/server/libjvm.so at 0x00007ff068ba9000
R12=0x0000000000000000 is an unknown value
R13=0x0000000000000000 is an unknown value
R14=0x00007ff05184cc08 is pointing into the stack for thread: 0x00007ff064252000
R15=0x00007ff064252000 is a thread


Stack: [0x00007ff05174f000,0x00007ff051850000],  sp=0x00007ff05184cac0,  free space=1014k
Native frames: (J=compiled Java code, j=interpreted, Vv=VM code, C=native code)
V  [libjvm.so+0x57be9f]  jni_GetStringUTFChars+0x9f

Java frames: (J=compiled Java code, j=interpreted, Vv=VM code)
j  org.sqlite.NativeDB.prepare(Ljava/lang/String;)J+0
j  org.sqlite.DB.prepare(Lorg/sqlite/Stmt;)V+21
j  org.sqlite.Stmt.executeQuery(Ljava/lang/String;)Ljava/sql/ResultSet;+14
j  modele.SQLiteImpl.query(Ljava/lang/String;)Ljava/util/List;+38
j  modele.DataBase.getObjets(Ljava/lang/String;)Ljava/util/List;+5
j  modele.ListeObjet.recherche(Ljava/lang/String;)V+26
j  ihm.barresOutils.BarreOutilsPersonnes$TextRecherche.keyPressed(Ljava/awt/event/KeyEvent;)V+17
j  java.awt.Component.processKeyEvent(Ljava/awt/event/KeyEvent;)V+52
j  javax.swing.JComponent.processKeyEvent(Ljava/awt/event/KeyEvent;)V+2
j  java.awt.Component.processEvent(Ljava/awt/AWTEvent;)V+121
j  java.awt.Container.processEvent(Ljava/awt/AWTEvent;)V+18
j  java.awt.Component.dispatchEventImpl(Ljava/awt/AWTEvent;)V+581
j  java.awt.Container.dispatchEventImpl(Ljava/awt/AWTEvent;)V+42
j  java.awt.Component.dispatchEvent(Ljava/awt/AWTEvent;)V+2
j  java.awt.KeyboardFocusManager.redispatchEvent(Ljava/awt/Component;Ljava/awt/AWTEvent;)V+7
j  java.awt.DefaultKeyboardFocusManager.dispatchKeyEvent(Ljava/awt/event/KeyEvent;)Z+63
j  java.awt.DefaultKeyboardFocusManager.preDispatchKeyEvent(Ljava/awt/event/KeyEvent;)Z+140
j  java.awt.DefaultKeyboardFocusManager.typeAheadAssertions(Ljava/awt/Component;Ljava/awt/AWTEvent;)Z+154
j  java.awt.DefaultKeyboardFocusManager.dispatchEvent(Ljava/awt/AWTEvent;)Z+1548
j  java.awt.Component.dispatchEventImpl(Ljava/awt/AWTEvent;)V+144
j  java.awt.Container.dispatchEventImpl(Ljava/awt/AWTEvent;)V+42
j  java.awt.Window.dispatchEventImpl(Ljava/awt/AWTEvent;)V+19
j  java.awt.Component.dispatchEvent(Ljava/awt/AWTEvent;)V+2
j  java.awt.EventQueue.dispatchEventImpl(Ljava/awt/AWTEvent;Ljava/lang/Object;)V+41
j  java.awt.EventQueue.access$200(Ljava/awt/EventQueue;Ljava/awt/AWTEvent;Ljava/lang/Object;)V+3
j  java.awt.EventQueue$3.run()Ljava/lang/Void;+12
j  java.awt.EventQueue$3.run()Ljava/lang/Object;+1
v  ~StubRoutines::call_stub
j  java.security.AccessController.doPrivileged(Ljava/security/PrivilegedAction;Ljava/security/AccessControlContext;)Ljava/lang/Object;+0
j  java.security.ProtectionDomain$1.doIntersectionPrivilege(Ljava/security/PrivilegedAction;Ljava/security/AccessControlContext;Ljava/security/AccessControlContext;)Ljava/lang/Object;+28
j  java.security.ProtectionDomain$1.doIntersectionPrivilege(Ljava/security/PrivilegedAction;Ljava/security/AccessControlContext;)Ljava/lang/Object;+6
j  java.awt.EventQueue$4.run()Ljava/lang/Void;+11
j  java.awt.EventQueue$4.run()Ljava/lang/Object;+1
v  ~StubRoutines::call_stub
j  java.security.AccessController.doPrivileged(Ljava/security/PrivilegedAction;Ljava/security/AccessControlContext;)Ljava/lang/Object;+0
j  java.security.ProtectionDomain$1.doIntersectionPrivilege(Ljava/security/PrivilegedAction;Ljava/security/AccessControlContext;Ljava/security/AccessControlContext;)Ljava/lang/Object;+28
j  java.awt.EventQueue.dispatchEvent(Ljava/awt/AWTEvent;)V+73
j  java.awt.EventDispatchThread.pumpOneEventForFilters(I)V+245
j  java.awt.EventDispatchThread.pumpEventsForFilter(ILjava/awt/Conditional;Ljava/awt/EventFilter;)V+35
j  java.awt.EventDispatchThread.pumpEventsForHierarchy(ILjava/awt/Conditional;Ljava/awt/Component;)V+11
j  java.awt.EventDispatchThread.pumpEvents(ILjava/awt/Conditional;)V+4
j  java.awt.EventDispatchThread.pumpEvents(Ljava/awt/Conditional;)V+3
j  java.awt.EventDispatchThread.run()V+9
v  ~StubRoutines::call_stub

---------------  P R O C E S S  ---------------

Java Threads: ( => current thread )
  0x00007ff0141aa000 JavaThread "TimerQueue" daemon [_thread_blocked, id=9013, stack(0x00007ff0508b2000,0x00007ff0509b3000)]
  0x00007ff064009000 JavaThread "DestroyJavaVM" [_thread_blocked, id=8996, stack(0x00007ff06a3c5000,0x00007ff06a4c6000)]
=>0x00007ff064252000 JavaThread "AWT-EventQueue-0" [_thread_in_vm, id=9012, stack(0x00007ff05174f000,0x00007ff051850000)]
  0x00007ff064250000 JavaThread "AWT-Shutdown" [_thread_blocked, id=9011, stack(0x00007ff051850000,0x00007ff051951000)]
  0x00007ff06424b800 JavaThread "AWT-XAWT" daemon [_thread_in_native, id=9010, stack(0x00007ff051951000,0x00007ff051a52000)]
  0x00007ff06421c000 JavaThread "Java2D Disposer" daemon [_thread_blocked, id=9009, stack(0x00007ff051e62000,0x00007ff051f63000)]
  0x00007ff0640f0800 JavaThread "Service Thread" daemon [_thread_blocked, id=9007, stack(0x00007ff053716000,0x00007ff053817000)]
  0x00007ff0640ee000 JavaThread "C2 CompilerThread1" daemon [_thread_blocked, id=9006, stack(0x00007ff053817000,0x00007ff053918000)]
  0x00007ff0640eb000 JavaThread "C2 CompilerThread0" daemon [_thread_blocked, id=9005, stack(0x00007ff05808f000,0x00007ff058190000)]
  0x00007ff0640e9000 JavaThread "Signal Dispatcher" daemon [_thread_blocked, id=9004, stack(0x00007ff058190000,0x00007ff058291000)]
  0x00007ff06409c000 JavaThread "Finalizer" daemon [_thread_blocked, id=9003, stack(0x00007ff058291000,0x00007ff058392000)]
  0x00007ff064099800 JavaThread "Reference Handler" daemon [_thread_blocked, id=9002, stack(0x00007ff058392000,0x00007ff058493000)]

Other Threads:
  0x00007ff064092000 VMThread [stack: 0x00007ff058493000,0x00007ff058594000] [id=9001]
  0x00007ff0640fb000 WatcherThread [stack: 0x00007ff053615000,0x00007ff053716000] [id=9008]

VM state:not at safepoint (normal execution)

VM Mutex/Monitor currently owned by a thread: None

Heap
 PSYoungGen      total 17856K, used 5852K [0x00000000ec160000, 0x00000000ed540000, 0x0000000100000000)
  eden space 15360K, 38% used [0x00000000ec160000,0x00000000ec7173f0,0x00000000ed060000)
  from space 2496K, 0% used [0x00000000ed2d0000,0x00000000ed2d0000,0x00000000ed540000)
  to   space 2496K, 0% used [0x00000000ed060000,0x00000000ed060000,0x00000000ed2d0000)
 ParOldGen       total 40768K, used 0K [0x00000000c4400000, 0x00000000c6bd0000, 0x00000000ec160000)
  object space 40768K, 0% used [0x00000000c4400000,0x00000000c4400000,0x00000000c6bd0000)
 PSPermGen       total 21248K, used 12713K [0x00000000bf200000, 0x00000000c06c0000, 0x00000000c4400000)
  object space 21248K, 59% used [0x00000000bf200000,0x00000000bfe6a6f8,0x00000000c06c0000)

Card table byte_map: [0x00007ff0605aa000,0x00007ff0607b2000] byte_map_base: 0x00007ff05ffb1000

Polling page: 0x00007ff06a4e5000

Code Cache  [0x00007ff0607b2000, 0x00007ff060a22000, 0x00007ff0637b2000)
 total_blobs=509 nmethods=42 adapters=419 free_code_cache=48539Kb largest_free_block=49693824

Compilation events (10 events):
Event: 0,936 Thread 0x00007ff0640eb000   34             java.util.HashMap::indexFor (6 bytes)
Event: 0,937 Thread 0x00007ff0640eb000 nmethod 34 0x00007ff060823190 code [0x00007ff0608232c0, 0x00007ff0608232f8]
Event: 1,152 Thread 0x00007ff0640ee000   35             java.util.Arrays::binarySearch0 (95 bytes)
Event: 1,153 Thread 0x00007ff0640eb000   36             sun.java2d.loops.GraphicsPrimitiveMgr$2::compare (39 bytes)
Event: 1,155 Thread 0x00007ff0640eb000 nmethod 36 0x00007ff06084bf90 code [0x00007ff06084c0e0, 0x00007ff06084c1b8]
Event: 1,161 Thread 0x00007ff0640ee000 nmethod 35 0x00007ff06084a590 code [0x00007ff06084a6e0, 0x00007ff06084a898]
Event: 1,338 Thread 0x00007ff0640eb000   37             java.util.HashMap::hash (59 bytes)
Event: 1,343 Thread 0x00007ff0640eb000 nmethod 37 0x00007ff060849bd0 code [0x00007ff060849d20, 0x00007ff060849e68]
Event: 2,222 Thread 0x00007ff0640ee000   38             java.util.Hashtable::rehash (198 bytes)
Event: 2,236 Thread 0x00007ff0640ee000 nmethod 38 0x00007ff06084c890 code [0x00007ff06084ca20, 0x00007ff06084ce18]

GC Heap History (0 events):
No events

Deoptimization events (10 events):
Event: 0,553 Thread 0x00007ff064252000 Uncommon trap 18 fr.pc 0x00007ff06082f70c
Event: 0,554 Thread 0x00007ff064252000 Uncommon trap -83 fr.pc 0x00007ff06082d954
Event: 0,819 Thread 0x00007ff064252000 Uncommon trap -34 fr.pc 0x00007ff06082ba8c
Event: 0,819 Thread 0x00007ff064252000 Uncommon trap -34 fr.pc 0x00007ff06082ba8c
Event: 0,820 Thread 0x00007ff064252000 Uncommon trap -34 fr.pc 0x00007ff06082ba8c
Event: 0,820 Thread 0x00007ff064252000 Uncommon trap -34 fr.pc 0x00007ff06082ba8c
Event: 2,229 Thread 0x00007ff064252000 Uncommon trap -34 fr.pc 0x00007ff06083a294
Event: 2,229 Thread 0x00007ff064252000 Uncommon trap -34 fr.pc 0x00007ff06083a294
Event: 2,424 Thread 0x00007ff064252000 Uncommon trap -34 fr.pc 0x00007ff06083a294
Event: 2,424 Thread 0x00007ff064252000 Uncommon trap -34 fr.pc 0x00007ff06083a294

Internal exceptions (10 events):
Event: 0,675 Thread 0x00007ff064252000 Threw 0x00000000ec40a0e0 at /HUDSON/workspace/jdk7u17-2-build-linux-amd64-product/jdk7u17/hotspot/src/share/vm/prims/jvm.cpp:1166
Event: 0,677 Thread 0x00007ff064252000 Threw 0x00000000ec413188 at /HUDSON/workspace/jdk7u17-2-build-linux-amd64-product/jdk7u17/hotspot/src/share/vm/prims/jvm.cpp:1166
Event: 0,679 Thread 0x00007ff064252000 Threw 0x00000000ec4192a0 at /HUDSON/workspace/jdk7u17-2-build-linux-amd64-product/jdk7u17/hotspot/src/share/vm/prims/jvm.cpp:1166
Event: 0,749 Thread 0x00007ff064252000 Threw 0x00000000ec4a1ed0 at /HUDSON/workspace/jdk7u17-2-build-linux-amd64-product/jdk7u17/hotspot/src/share/vm/prims/jvm.cpp:1166
Event: 0,771 Thread 0x00007ff064252000 Threw 0x00000000ec4ba6a8 at /HUDSON/workspace/jdk7u17-2-build-linux-amd64-product/jdk7u17/hotspot/src/share/vm/prims/jvm.cpp:1166
Event: 0,775 Thread 0x00007ff064252000 Threw 0x00000000ec4bf7a8 at /HUDSON/workspace/jdk7u17-2-build-linux-amd64-product/jdk7u17/hotspot/src/share/vm/prims/jvm.cpp:1166
Event: 0,777 Thread 0x00007ff064252000 Threw 0x00000000ec4c62b0 at /HUDSON/workspace/jdk7u17-2-build-linux-amd64-product/jdk7u17/hotspot/src/share/vm/prims/jvm.cpp:1166
Event: 0,778 Thread 0x00007ff064252000 Threw 0x00000000ec4c9e48 at /HUDSON/workspace/jdk7u17-2-build-linux-amd64-product/jdk7u17/hotspot/src/share/vm/prims/jvm.cpp:1166
Event: 0,899 Thread 0x00007ff064252000 Threw 0x00000000ec5dc720 at /HUDSON/workspace/jdk7u17-2-build-linux-amd64-product/jdk7u17/hotspot/src/share/vm/prims/jvm.cpp:1166
Event: 1,282 Thread 0x00007ff064252000 Threw 0x00000000ec6a4af0 at /HUDSON/workspace/jdk7u17-2-build-linux-amd64-product/jdk7u17/hotspot/src/share/vm/prims/jni.cpp:742

Events (10 events):
Event: 2,229 Thread 0x00007ff064252000 DEOPT PACKING pc=0x00007ff06083a294 sp=0x00007ff05184cb90
Event: 2,229 Thread 0x00007ff064252000 DEOPT UNPACKING pc=0x00007ff0607eb145 sp=0x00007ff05184cb40 mode 2
Event: 2,229 Thread 0x00007ff064252000 DEOPT PACKING pc=0x00007ff06083a294 sp=0x00007ff05184cb90
Event: 2,229 Thread 0x00007ff064252000 DEOPT UNPACKING pc=0x00007ff0607eb145 sp=0x00007ff05184cb40 mode 2
Event: 2,229 loading class 0x00007ff064152260
Event: 2,230 loading class 0x00007ff064152260 done
Event: 2,424 Thread 0x00007ff064252000 DEOPT PACKING pc=0x00007ff06083a294 sp=0x00007ff05184cb90
Event: 2,424 Thread 0x00007ff064252000 DEOPT UNPACKING pc=0x00007ff0607eb145 sp=0x00007ff05184cb40 mode 2
Event: 2,424 Thread 0x00007ff064252000 DEOPT PACKING pc=0x00007ff06083a294 sp=0x00007ff05184cb90
Event: 2,424 Thread 0x00007ff064252000 DEOPT UNPACKING pc=0x00007ff0607eb145 sp=0x00007ff05184cb40 mode 2


Dynamic libraries:
00400000-00401000 r-xp 00000000 08:06 145006                             /usr/lib/jvm/java-7-oracle/bin/java
00600000-00601000 rw-p 00000000 08:06 145006                             /usr/lib/jvm/java-7-oracle/bin/java
00c8c000-00cad000 rw-p 00000000 00:00 0                                  [heap]
bf200000-c06c0000 rw-p 00000000 00:00 0 
c06c0000-c4400000 rw-p 00000000 00:00 0 
c4400000-c6bd0000 rw-p 00000000 00:00 0 
c6bd0000-ec160000 rw-p 00000000 00:00 0 
ec160000-ed540000 rw-p 00000000 00:00 0 
ed540000-100000000 rw-p 00000000 00:00 0 
7ff014000000-7ff01432c000 rw-p 00000000 00:00 0 
7ff01432c000-7ff018000000 ---p 00000000 00:00 0 
7ff018000000-7ff018021000 rw-p 00000000 00:00 0 
7ff018021000-7ff01c000000 ---p 00000000 00:00 0 
7ff01c000000-7ff01c021000 rw-p 00000000 00:00 0 
7ff01c021000-7ff020000000 ---p 00000000 00:00 0 
7ff020000000-7ff020021000 rw-p 00000000 00:00 0 
7ff020021000-7ff024000000 ---p 00000000 00:00 0 
7ff024000000-7ff024021000 rw-p 00000000 00:00 0 
7ff024021000-7ff028000000 ---p 00000000 00:00 0 
7ff028000000-7ff028021000 rw-p 00000000 00:00 0 
7ff028021000-7ff02c000000 ---p 00000000 00:00 0 
7ff02c000000-7ff02c24f000 rw-p 00000000 00:00 0 
7ff02c24f000-7ff030000000 ---p 00000000 00:00 0 
7ff030000000-7ff030021000 rw-p 00000000 00:00 0 
7ff030021000-7ff034000000 ---p 00000000 00:00 0 
7ff034000000-7ff034021000 rw-p 00000000 00:00 0 
7ff034021000-7ff038000000 ---p 00000000 00:00 0 
7ff038000000-7ff038247000 rw-p 00000000 00:00 0 
7ff038247000-7ff03c000000 ---p 00000000 00:00 0 
7ff03c000000-7ff03c021000 rw-p 00000000 00:00 0 
7ff03c021000-7ff040000000 ---p 00000000 00:00 0 
7ff040000000-7ff040021000 rw-p 00000000 00:00 0 
7ff040021000-7ff044000000 ---p 00000000 00:00 0 
7ff044000000-7ff044021000 rw-p 00000000 00:00 0 
7ff044021000-7ff048000000 ---p 00000000 00:00 0 
7ff048000000-7ff048021000 rw-p 00000000 00:00 0 
7ff048021000-7ff04c000000 ---p 00000000 00:00 0 
7ff04c000000-7ff04c021000 rw-p 00000000 00:00 0 
7ff04c021000-7ff050000000 ---p 00000000 00:00 0 
7ff0506bb000-7ff0508b2000 rw-p 00000000 00:00 0 
7ff0508b2000-7ff0508b5000 ---p 00000000 00:00 0 
7ff0508b5000-7ff0509b3000 rw-p 00000000 00:00 0 
7ff0509b3000-7ff050a1b000 r-xp 00000000 08:06 147104                     /usr/lib/jvm/java-7-oracle/jre/lib/amd64/libt2k.so
7ff050a1b000-7ff050c1b000 ---p 00068000 08:06 147104                     /usr/lib/jvm/java-7-oracle/jre/lib/amd64/libt2k.so
7ff050c1b000-7ff050c22000 rw-p 00068000 08:06 147104                     /usr/lib/jvm/java-7-oracle/jre/lib/amd64/libt2k.so
7ff050c22000-7ff050c32000 rw-p 00000000 00:00 0 
7ff050c32000-7ff050c42000 r-xp 00000000 08:06 147088                     /usr/lib/jvm/java-7-oracle/jre/lib/amd64/libnio.so
7ff050c42000-7ff050e42000 ---p 00010000 08:06 147088                     /usr/lib/jvm/java-7-oracle/jre/lib/amd64/libnio.so
7ff050e42000-7ff050e43000 rw-p 00010000 08:06 147088                     /usr/lib/jvm/java-7-oracle/jre/lib/amd64/libnio.so
7ff050e43000-7ff050e58000 r-xp 00000000 08:06 147103                     /usr/lib/jvm/java-7-oracle/jre/lib/amd64/libnet.so
7ff050e58000-7ff051058000 ---p 00015000 08:06 147103                     /usr/lib/jvm/java-7-oracle/jre/lib/amd64/libnet.so
7ff051058000-7ff051059000 rw-p 00015000 08:06 147103                     /usr/lib/jvm/java-7-oracle/jre/lib/amd64/libnet.so
7ff051059000-7ff05106e000 r-xp 00000000 08:06 1183589                    /lib/x86_64-linux-gnu/libgcc_s.so.1
7ff05106e000-7ff05126d000 ---p 00015000 08:06 1183589                    /lib/x86_64-linux-gnu/libgcc_s.so.1
7ff05126d000-7ff05126e000 r--p 00014000 08:06 1183589                    /lib/x86_64-linux-gnu/libgcc_s.so.1
7ff05126e000-7ff05126f000 rw-p 00015000 08:06 1183589                    /lib/x86_64-linux-gnu/libgcc_s.so.1
7ff05126f000-7ff0512b3000 r-xp 00000000 08:06 147111                     /usr/lib/jvm/java-7-oracle/jre/lib/amd64/libfontmanager.so
7ff0512b3000-7ff0514b3000 ---p 00044000 08:06 147111                     /usr/lib/jvm/java-7-oracle/jre/lib/amd64/libfontmanager.so
7ff0514b3000-7ff0514b7000 rw-p 00044000 08:06 147111                     /usr/lib/jvm/java-7-oracle/jre/lib/amd64/libfontmanager.so
7ff0514b7000-7ff0514c7000 rw-p 00000000 00:00 0 
7ff0514c7000-7ff05154b000 r-xp 00000000 08:06 663254                     /tmp/sqlite-3.7.2-libsqlitejdbc.so
7ff05154b000-7ff05174b000 ---p 00084000 08:06 663254                     /tmp/sqlite-3.7.2-libsqlitejdbc.so
7ff05174b000-7ff05174c000 r--p 00084000 08:06 663254                     /tmp/sqlite-3.7.2-libsqlitejdbc.so
7ff05174c000-7ff05174f000 rw-p 00085000 08:06 663254                     /tmp/sqlite-3.7.2-libsqlitejdbc.so
7ff05174f000-7ff051752000 ---p 00000000 00:00 0 
7ff051752000-7ff051850000 rw-p 00000000 00:00 0 
7ff051850000-7ff051853000 ---p 00000000 00:00 0 
7ff051853000-7ff051951000 rw-p 00000000 00:00 0 
7ff051951000-7ff051954000 ---p 00000000 00:00 0 
7ff051954000-7ff051a52000 rw-p 00000000 00:00 0 
7ff051a52000-7ff051a57000 r-xp 00000000 08:06 1712222                    /usr/lib/x86_64-linux-gnu/libXfixes.so.3.1.0
7ff051a57000-7ff051c56000 ---p 00005000 08:06 1712222                    /usr/lib/x86_64-linux-gnu/libXfixes.so.3.1.0
7ff051c56000-7ff051c57000 r--p 00004000 08:06 1712222                    /usr/lib/x86_64-linux-gnu/libXfixes.so.3.1.0
7ff051c57000-7ff051c58000 rw-p 00005000 08:06 1712222                    /usr/lib/x86_64-linux-gnu/libXfixes.so.3.1.0
7ff051c58000-7ff051c61000 r-xp 00000000 08:06 1712214                    /usr/lib/x86_64-linux-gnu/libXcursor.so.1.0.2
7ff051c61000-7ff051e60000 ---p 00009000 08:06 1712214                    /usr/lib/x86_64-linux-gnu/libXcursor.so.1.0.2
7ff051e60000-7ff051e61000 r--p 00008000 08:06 1712214                    /usr/lib/x86_64-linux-gnu/libXcursor.so.1.0.2
7ff051e61000-7ff051e62000 rw-p 00009000 08:06 1712214                    /usr/lib/x86_64-linux-gnu/libXcursor.so.1.0.2
7ff051e62000-7ff051e65000 ---p 00000000 00:00 0 
7ff051e65000-7ff051f63000 rw-p 00000000 00:00 0 
7ff051f63000-7ff051f68000 r-xp 00000000 08:06 1712218                    /usr/lib/x86_64-linux-gnu/libXdmcp.so.6.0.0
7ff051f68000-7ff052167000 ---p 00005000 08:06 1712218                    /usr/lib/x86_64-linux-gnu/libXdmcp.so.6.0.0
7ff052167000-7ff052168000 r--p 00004000 08:06 1712218                    /usr/lib/x86_64-linux-gnu/libXdmcp.so.6.0.0
7ff052168000-7ff052169000 rw-p 00005000 08:06 1712218                    /usr/lib/x86_64-linux-gnu/libXdmcp.so.6.0.0
7ff052169000-7ff05216b000 r-xp 00000000 08:06 1712207                    /usr/lib/x86_64-linux-gnu/libXau.so.6.0.0
7ff05216b000-7ff05236a000 ---p 00002000 08:06 1712207                    /usr/lib/x86_64-linux-gnu/libXau.so.6.0.0
7ff05236a000-7ff05236b000 r--p 00001000 08:06 1712207                    /usr/lib/x86_64-linux-gnu/libXau.so.6.0.0
7ff05236b000-7ff05236c000 rw-p 00002000 08:06 1712207                    /usr/lib/x86_64-linux-gnu/libXau.so.6.0.0
7ff05236c000-7ff052389000 r-xp 00000000 08:06 1705050                    /usr/lib/x86_64-linux-gnu/libxcb.so.1.1.0
7ff052389000-7ff052588000 ---p 0001d000 08:06 1705050                    /usr/lib/x86_64-linux-gnu/libxcb.so.1.1.0
7ff052588000-7ff052589000 r--p 0001c000 08:06 1705050                    /usr/lib/x86_64-linux-gnu/libxcb.so.1.1.0
7ff052589000-7ff05258a000 rw-p 0001d000 08:06 1705050                    /usr/lib/x86_64-linux-gnu/libxcb.so.1.1.0
7ff05258a000-7ff052598000 r-xp 00000000 08:06 1712226                    /usr/lib/x86_64-linux-gnu/libXi.so.6.1.0
7ff052598000-7ff052797000 ---p 0000e000 08:06 1712226                    /usr/lib/x86_64-linux-gnu/libXi.so.6.1.0
7ff052797000-7ff052798000 r--p 0000d000 08:06 1712226                    /usr/lib/x86_64-linux-gnu/libXi.so.6.1.0
7ff052798000-7ff052799000 rw-p 0000e000 08:06 1712226                    /usr/lib/x86_64-linux-gnu/libXi.so.6.1.0
7ff052799000-7ff05279e000 r-xp 00000000 08:06 1712244                    /usr/lib/x86_64-linux-gnu/libXtst.so.6.1.0
7ff05279e000-7ff05299d000 ---p 00005000 08:06 1712244                    /usr/lib/x86_64-linux-gnu/libXtst.so.6.1.0
7ff05299d000-7ff05299e000 r--p 00004000 08:06 1712244                    /usr/lib/x86_64-linux-gnu/libXtst.so.6.1.0
7ff05299e000-7ff05299f000 rw-p 00005000 08:06 1712244                    /usr/lib/x86_64-linux-gnu/libXtst.so.6.1.0
7ff05299f000-7ff0529a8000 r-xp 00000000 08:06 1712240                    /usr/lib/x86_64-linux-gnu/libXrender.so.1.3.0
7ff0529a8000-7ff052ba7000 ---p 00009000 08:06 1712240                    /usr/lib/x86_64-linux-gnu/libXrender.so.1.3.0
7ff052ba7000-7ff052ba8000 r--p 00008000 08:06 1712240                    /usr/lib/x86_64-linux-gnu/libXrender.so.1.3.0
7ff052ba8000-7ff052ba9000 rw-p 00009000 08:06 1712240                    /usr/lib/x86_64-linux-gnu/libXrender.so.1.3.0
7ff052ba9000-7ff052cd8000 r-xp 00000000 08:06 1712205                    /usr/lib/x86_64-linux-gnu/libX11.so.6.3.0
7ff052cd8000-7ff052ed8000 ---p 0012f000 08:06 1712205                    /usr/lib/x86_64-linux-gnu/libX11.so.6.3.0
7ff052ed8000-7ff052ed9000 r--p 0012f000 08:06 1712205                    /usr/lib/x86_64-linux-gnu/libX11.so.6.3.0
7ff052ed9000-7ff052edd000 rw-p 00130000 08:06 1712205                    /usr/lib/x86_64-linux-gnu/libX11.so.6.3.0
7ff052edd000-7ff052eed000 r-xp 00000000 08:06 1712220                    /usr/lib/x86_64-linux-gnu/libXext.so.6.4.0
7ff052eed000-7ff0530ec000 ---p 00010000 08:06 1712220                    /usr/lib/x86_64-linux-gnu/libXext.so.6.4.0
7ff0530ec000-7ff0530ed000 r--p 0000f000 08:06 1712220                    /usr/lib/x86_64-linux-gnu/libXext.so.6.4.0
7ff0530ed000-7ff0530ee000 rw-p 00010000 08:06 1712220                    /usr/lib/x86_64-linux-gnu/libXext.so.6.4.0
7ff0530ee000-7ff05313e000 r-xp 00000000 08:06 147145                     /usr/lib/jvm/java-7-oracle/jre/lib/amd64/xawt/libmawt.so
7ff05313e000-7ff05333e000 ---p 00050000 08:06 147145                     /usr/lib/jvm/java-7-oracle/jre/lib/amd64/xawt/libmawt.so
7ff05333e000-7ff053342000 rw-p 00050000 08:06 147145                     /usr/lib/jvm/java-7-oracle/jre/lib/amd64/xawt/libmawt.so
7ff053342000-7ff053343000 rw-p 00000000 00:00 0 
7ff053343000-7ff0533e5000 r-xp 00000000 08:06 147121                     /usr/lib/jvm/java-7-oracle/jre/lib/amd64/libawt.so
7ff0533e5000-7ff0535e5000 ---p 000a2000 08:06 147121                     /usr/lib/jvm/java-7-oracle/jre/lib/amd64/libawt.so
7ff0535e5000-7ff0535f1000 rw-p 000a2000 08:06 147121                     /usr/lib/jvm/java-7-oracle/jre/lib/amd64/libawt.so
7ff0535f1000-7ff053615000 rw-p 00000000 00:00 0 
7ff053615000-7ff053616000 ---p 00000000 00:00 0 
7ff053616000-7ff053716000 rw-p 00000000 00:00 0 
7ff053716000-7ff053719000 ---p 00000000 00:00 0 
7ff053719000-7ff053817000 rw-p 00000000 00:00 0 
7ff053817000-7ff05381a000 ---p 00000000 00:00 0 
7ff05381a000-7ff053918000 rw-p 00000000 00:00 0 
7ff053918000-7ff054000000 r--p 00000000 08:06 1711054                    /usr/lib/locale/locale-archive
7ff054000000-7ff054021000 rw-p 00000000 00:00 0 
7ff054021000-7ff058000000 ---p 00000000 00:00 0 
7ff05808f000-7ff058092000 ---p 00000000 00:00 0 
7ff058092000-7ff058190000 rw-p 00000000 00:00 0 
7ff058190000-7ff058193000 ---p 00000000 00:00 0 
7ff058193000-7ff058291000 rw-p 00000000 00:00 0 
7ff058291000-7ff058294000 ---p 00000000 00:00 0 
7ff058294000-7ff058392000 rw-p 00000000 00:00 0 
7ff058392000-7ff058395000 ---p 00000000 00:00 0 
7ff058395000-7ff058493000 rw-p 00000000 00:00 0 
7ff058493000-7ff058494000 ---p 00000000 00:00 0 
7ff058494000-7ff0595b8000 rw-p 00000000 00:00 0 
7ff0595b8000-7ff059774000 r--s 039dc000 08:06 146816                     /usr/lib/jvm/java-7-oracle/jre/lib/rt.jar
7ff059774000-7ff05c000000 rw-p 00000000 00:00 0 
7ff05c000000-7ff05c021000 rw-p 00000000 00:00 0 
7ff05c021000-7ff060000000 ---p 00000000 00:00 0 
7ff060042000-7ff060067000 r--p 00000000 08:06 153572                     /usr/share/locale-langpack/fr/LC_MESSAGES/libc.mo
7ff060067000-7ff060068000 ---p 00000000 00:00 0 
7ff060068000-7ff060168000 rw-p 00000000 00:00 0 
7ff060168000-7ff060169000 ---p 00000000 00:00 0 
7ff060169000-7ff060269000 rw-p 00000000 00:00 0 
7ff060269000-7ff06026a000 ---p 00000000 00:00 0 
7ff06026a000-7ff06036a000 rw-p 00000000 00:00 0 
7ff06036a000-7ff06036b000 ---p 00000000 00:00 0 
7ff06036b000-7ff06047f000 rw-p 00000000 00:00 0 
7ff06047f000-7ff0605aa000 rw-p 00000000 00:00 0 
7ff0605aa000-7ff0605b5000 rw-p 00000000 00:00 0 
7ff0605b5000-7ff0605d3000 rw-p 00000000 00:00 0 
7ff0605d3000-7ff0605e7000 rw-p 00000000 00:00 0 
7ff0605e7000-7ff060711000 rw-p 00000000 00:00 0 
7ff060711000-7ff06071c000 rw-p 00000000 00:00 0 
7ff06071c000-7ff0607b1000 rw-p 00000000 00:00 0 
7ff0607b1000-7ff0607b2000 rw-p 00000000 00:00 0 
7ff0607b2000-7ff060a22000 rwxp 00000000 00:00 0 
7ff060a22000-7ff0637b2000 rw-p 00000000 00:00 0 
7ff0637b2000-7ff0637cc000 r-xp 00000000 08:06 147136                     /usr/lib/jvm/java-7-oracle/jre/lib/amd64/libzip.so
7ff0637cc000-7ff0639cc000 ---p 0001a000 08:06 147136                     /usr/lib/jvm/java-7-oracle/jre/lib/amd64/libzip.so
7ff0639cc000-7ff0639cd000 rw-p 0001a000 08:06 147136                     /usr/lib/jvm/java-7-oracle/jre/lib/amd64/libzip.so
7ff0639cd000-7ff0639d9000 r-xp 00000000 08:06 1190731                    /lib/x86_64-linux-gnu/libnss_files-2.15.so
7ff0639d9000-7ff063bd8000 ---p 0000c000 08:06 1190731                    /lib/x86_64-linux-gnu/libnss_files-2.15.so
7ff063bd8000-7ff063bd9000 r--p 0000b000 08:06 1190731                    /lib/x86_64-linux-gnu/libnss_files-2.15.so
7ff063bd9000-7ff063bda000 rw-p 0000c000 08:06 1190731                    /lib/x86_64-linux-gnu/libnss_files-2.15.so
7ff063bda000-7ff063be4000 r-xp 00000000 08:06 1190655                    /lib/x86_64-linux-gnu/libnss_nis-2.15.so
7ff063be4000-7ff063de4000 ---p 0000a000 08:06 1190655                    /lib/x86_64-linux-gnu/libnss_nis-2.15.so
7ff063de4000-7ff063de5000 r--p 0000a000 08:06 1190655                    /lib/x86_64-linux-gnu/libnss_nis-2.15.so
7ff063de5000-7ff063de6000 rw-p 0000b000 08:06 1190655                    /lib/x86_64-linux-gnu/libnss_nis-2.15.so
7ff063de6000-7ff063dfd000 r-xp 00000000 08:06 1190745                    /lib/x86_64-linux-gnu/libnsl-2.15.so
7ff063dfd000-7ff063ffc000 ---p 00017000 08:06 1190745                    /lib/x86_64-linux-gnu/libnsl-2.15.so
7ff063ffc000-7ff063ffd000 r--p 00016000 08:06 1190745                    /lib/x86_64-linux-gnu/libnsl-2.15.so
7ff063ffd000-7ff063ffe000 rw-p 00017000 08:06 1190745                    /lib/x86_64-linux-gnu/libnsl-2.15.so
7ff063ffe000-7ff064000000 rw-p 00000000 00:00 0 
7ff064000000-7ff064255000 rw-p 00000000 00:00 0 
7ff064255000-7ff068000000 ---p 00000000 00:00 0 
7ff068012000-7ff068045000 rw-p 00000000 00:00 0 
7ff068045000-7ff068063000 rw-p 00000000 00:00 0 
7ff068063000-7ff06806b000 r-xp 00000000 08:06 1190732                    /lib/x86_64-linux-gnu/libnss_compat-2.15.so
7ff06806b000-7ff06826a000 ---p 00008000 08:06 1190732                    /lib/x86_64-linux-gnu/libnss_compat-2.15.so
7ff06826a000-7ff06826b000 r--p 00007000 08:06 1190732                    /lib/x86_64-linux-gnu/libnss_compat-2.15.so
7ff06826b000-7ff06826c000 rw-p 00008000 08:06 1190732                    /lib/x86_64-linux-gnu/libnss_compat-2.15.so
7ff06826c000-7ff068295000 r-xp 00000000 08:06 147089                     /usr/lib/jvm/java-7-oracle/jre/lib/amd64/libjava.so
7ff068295000-7ff068495000 ---p 00029000 08:06 147089                     /usr/lib/jvm/java-7-oracle/jre/lib/amd64/libjava.so
7ff068495000-7ff068497000 rw-p 00029000 08:06 147089                     /usr/lib/jvm/java-7-oracle/jre/lib/amd64/libjava.so
7ff068497000-7ff0684a4000 r-xp 00000000 08:06 147093                     /usr/lib/jvm/java-7-oracle/jre/lib/amd64/libverify.so
7ff0684a4000-7ff0686a3000 ---p 0000d000 08:06 147093                     /usr/lib/jvm/java-7-oracle/jre/lib/amd64/libverify.so
7ff0686a3000-7ff0686a5000 rw-p 0000c000 08:06 147093                     /usr/lib/jvm/java-7-oracle/jre/lib/amd64/libverify.so
7ff0686a5000-7ff0686ac000 r-xp 00000000 08:06 1190653                    /lib/x86_64-linux-gnu/librt-2.15.so
7ff0686ac000-7ff0688ab000 ---p 00007000 08:06 1190653                    /lib/x86_64-linux-gnu/librt-2.15.so
7ff0688ab000-7ff0688ac000 r--p 00006000 08:06 1190653                    /lib/x86_64-linux-gnu/librt-2.15.so
7ff0688ac000-7ff0688ad000 rw-p 00007000 08:06 1190653                    /lib/x86_64-linux-gnu/librt-2.15.so
7ff0688ad000-7ff0689a8000 r-xp 00000000 08:06 1190724                    /lib/x86_64-linux-gnu/libm-2.15.so
7ff0689a8000-7ff068ba7000 ---p 000fb000 08:06 1190724                    /lib/x86_64-linux-gnu/libm-2.15.so
7ff068ba7000-7ff068ba8000 r--p 000fa000 08:06 1190724                    /lib/x86_64-linux-gnu/libm-2.15.so
7ff068ba8000-7ff068ba9000 rw-p 000fb000 08:06 1190724                    /lib/x86_64-linux-gnu/libm-2.15.so
7ff068ba9000-7ff0695f0000 r-xp 00000000 08:06 147141                     /usr/lib/jvm/java-7-oracle/jre/lib/amd64/server/libjvm.so
7ff0695f0000-7ff0697f0000 ---p 00a47000 08:06 147141                     /usr/lib/jvm/java-7-oracle/jre/lib/amd64/server/libjvm.so
7ff0697f0000-7ff069893000 rw-p 00a47000 08:06 147141                     /usr/lib/jvm/java-7-oracle/jre/lib/amd64/server/libjvm.so
7ff069893000-7ff0698cf000 rw-p 00000000 00:00 0 
7ff0698cf000-7ff069a84000 r-xp 00000000 08:06 1190614                    /lib/x86_64-linux-gnu/libc-2.15.so
7ff069a84000-7ff069c83000 ---p 001b5000 08:06 1190614                    /lib/x86_64-linux-gnu/libc-2.15.so
7ff069c83000-7ff069c87000 r--p 001b4000 08:06 1190614                    /lib/x86_64-linux-gnu/libc-2.15.so
7ff069c87000-7ff069c89000 rw-p 001b8000 08:06 1190614                    /lib/x86_64-linux-gnu/libc-2.15.so
7ff069c89000-7ff069c8e000 rw-p 00000000 00:00 0 
7ff069c8e000-7ff069c90000 r-xp 00000000 08:06 1190613                    /lib/x86_64-linux-gnu/libdl-2.15.so
7ff069c90000-7ff069e90000 ---p 00002000 08:06 1190613                    /lib/x86_64-linux-gnu/libdl-2.15.so
7ff069e90000-7ff069e91000 r--p 00002000 08:06 1190613                    /lib/x86_64-linux-gnu/libdl-2.15.so
7ff069e91000-7ff069e92000 rw-p 00003000 08:06 1190613                    /lib/x86_64-linux-gnu/libdl-2.15.so
7ff069e92000-7ff069ea8000 r-xp 00000000 08:06 147116                     /usr/lib/jvm/java-7-oracle/jre/lib/amd64/jli/libjli.so
7ff069ea8000-7ff06a0a8000 ---p 00016000 08:06 147116                     /usr/lib/jvm/java-7-oracle/jre/lib/amd64/jli/libjli.so
7ff06a0a8000-7ff06a0a9000 rw-p 00016000 08:06 147116                     /usr/lib/jvm/java-7-oracle/jre/lib/amd64/jli/libjli.so
7ff06a0a9000-7ff06a0c1000 r-xp 00000000 08:06 1190624                    /lib/x86_64-linux-gnu/libpthread-2.15.so
7ff06a0c1000-7ff06a2c0000 ---p 00018000 08:06 1190624                    /lib/x86_64-linux-gnu/libpthread-2.15.so
7ff06a2c0000-7ff06a2c1000 r--p 00017000 08:06 1190624                    /lib/x86_64-linux-gnu/libpthread-2.15.so
7ff06a2c1000-7ff06a2c2000 rw-p 00018000 08:06 1190624                    /lib/x86_64-linux-gnu/libpthread-2.15.so
7ff06a2c2000-7ff06a2c6000 rw-p 00000000 00:00 0 
7ff06a2c6000-7ff06a2e8000 r-xp 00000000 08:06 1190735                    /lib/x86_64-linux-gnu/ld-2.15.so
7ff06a2f7000-7ff06a2fb000 r--s 0008a000 08:06 147216                     /usr/lib/jvm/java-7-oracle/jre/lib/jsse.jar
7ff06a2fb000-7ff06a305000 r--s 00254000 08:06 147083                     /usr/lib/jvm/java-7-oracle/jre/lib/resources.jar
7ff06a305000-7ff06a30f000 rw-p 00000000 00:00 0 
7ff06a30f000-7ff06a3c5000 rw-p 00000000 00:00 0 
7ff06a3c5000-7ff06a3c8000 ---p 00000000 00:00 0 
7ff06a3c8000-7ff06a4ca000 rw-p 00000000 00:00 0 
7ff06a4cf000-7ff06a4d0000 rw-p 00000000 00:00 0 
7ff06a4d0000-7ff06a4d5000 r--s 00309000 08:02 187442                     /media/WINDOWS/Users/Xavier/Software/workspace/Eclipse Project/Projet_Billeterie/lib/sqlite-jdbc-3.7.2.jar
7ff06a4d5000-7ff06a4dc000 r--s 00000000 08:06 4688                       /usr/lib/x86_64-linux-gnu/gconv/gconv-modules.cache
7ff06a4dc000-7ff06a4e4000 rw-s 00000000 08:06 661819                     /tmp/hsperfdata_xavier/8990
7ff06a4e4000-7ff06a4e5000 rw-p 00000000 00:00 0 
7ff06a4e5000-7ff06a4e6000 r--p 00000000 00:00 0 
7ff06a4e6000-7ff06a4e8000 rw-p 00000000 00:00 0 
7ff06a4e8000-7ff06a4e9000 r--p 00022000 08:06 1190735                    /lib/x86_64-linux-gnu/ld-2.15.so
7ff06a4e9000-7ff06a4eb000 rw-p 00023000 08:06 1190735                    /lib/x86_64-linux-gnu/ld-2.15.so
7fff092d7000-7fff092f8000 rw-p 00000000 00:00 0                          [stack]
7fff0932e000-7fff0932f000 r-xp 00000000 00:00 0                          [vdso]
ffffffffff600000-ffffffffff601000 r-xp 00000000 00:00 0                  [vsyscall]

VM Arguments:
jvm_args: -Dfile.encoding=UTF-8 
java_command: ihm.fenetres.FenetrePrincipale
Launcher Type: SUN_STANDARD

Environment Variables:
PATH=/usr/lib/lightdm/lightdm:/usr/local/sbin:/usr/local/bin:/usr/sbin:/usr/bin:/sbin:/bin:/usr/games
SHELL=/bin/bash
DISPLAY=:0.0

Signal Handlers:
SIGSEGV: [libjvm.so+0x8a5d70], sa_mask[0]=0x7ffbfeff, sa_flags=0x10000004
SIGBUS: [libjvm.so+0x8a5d70], sa_mask[0]=0x7ffbfeff, sa_flags=0x10000004
SIGFPE: [libjvm.so+0x741e50], sa_mask[0]=0x7ffbfeff, sa_flags=0x10000004
SIGPIPE: [libjvm.so+0x741e50], sa_mask[0]=0x7ffbfeff, sa_flags=0x10000004
SIGXFSZ: [libjvm.so+0x741e50], sa_mask[0]=0x7ffbfeff, sa_flags=0x10000004
SIGILL: [libjvm.so+0x741e50], sa_mask[0]=0x7ffbfeff, sa_flags=0x10000004
SIGUSR1: SIG_DFL, sa_mask[0]=0x00000000, sa_flags=0x00000000
SIGUSR2: [libjvm.so+0x7417a0], sa_mask[0]=0x00000004, sa_flags=0x10000004
SIGHUP: [libjvm.so+0x743b30], sa_mask[0]=0x7ffbfeff, sa_flags=0x10000004
SIGINT: [libjvm.so+0x743b30], sa_mask[0]=0x7ffbfeff, sa_flags=0x10000004
SIGTERM: [libjvm.so+0x743b30], sa_mask[0]=0x7ffbfeff, sa_flags=0x10000004
SIGQUIT: [libjvm.so+0x743b30], sa_mask[0]=0x7ffbfeff, sa_flags=0x10000004


---------------  S Y S T E M  ---------------

OS:wheezy/sid

uname:Linux 3.2.0-40-generic #64-Ubuntu SMP Mon Mar 25 21:22:10 UTC 2013 x86_64
libc:glibc 2.15 NPTL 2.15 
rlimit: STACK 8192k, CORE 0k, NPROC 30408, NOFILE 4096, AS infinity
load average:0,34 0,39 0,41

/proc/meminfo:
MemTotal:        3909972 kB
MemFree:         1273544 kB
Buffers:          255256 kB
Cached:           889300 kB
SwapCached:            0 kB
Active:          1395916 kB
Inactive:         875056 kB
Active(anon):    1127216 kB
Inactive(anon):     2228 kB
Active(file):     268700 kB
Inactive(file):   872828 kB
Unevictable:           0 kB
Mlocked:               0 kB
SwapTotal:       3905532 kB
SwapFree:        3905532 kB
Dirty:               464 kB
Writeback:             0 kB
AnonPages:       1126680 kB
Mapped:           271344 kB
Shmem:              3028 kB
Slab:              72076 kB
SReclaimable:      43044 kB
SUnreclaim:        29032 kB
KernelStack:        3632 kB
PageTables:        25432 kB
NFS_Unstable:          0 kB
Bounce:                0 kB
WritebackTmp:          0 kB
CommitLimit:     5860516 kB
Committed_AS:    3429352 kB
VmallocTotal:   34359738367 kB
VmallocUsed:      304632 kB
VmallocChunk:   34359431528 kB
HardwareCorrupted:     0 kB
AnonHugePages:         0 kB
HugePages_Total:       0
HugePages_Free:        0
HugePages_Rsvd:        0
HugePages_Surp:        0
Hugepagesize:       2048 kB
DirectMap4k:      143360 kB
DirectMap2M:     3911680 kB


CPU:total 4 (2 cores per cpu, 2 threads per core) family 6 model 37 stepping 2, cmov, cx8, fxsr, mmx, sse, sse2, sse3, ssse3, sse4.1, sse4.2, popcnt, ht, tsc, tscinvbit

/proc/cpuinfo:
processor	: 0
vendor_id	: GenuineIntel
cpu family	: 6
model		: 37
model name	: Intel(R) Core(TM) i3 CPU       M 330  @ 2.13GHz
stepping	: 2
microcode	: 0x8
cpu MHz		: 2133.000
cache size	: 3072 KB
physical id	: 0
siblings	: 4
core id		: 0
cpu cores	: 2
apicid		: 0
initial apicid	: 0
fpu		: yes
fpu_exception	: yes
cpuid level	: 11
wp		: yes
flags		: fpu vme de pse tsc msr pae mce cx8 apic sep mtrr pge mca cmov pat pse36 clflush dts acpi mmx fxsr sse sse2 ss ht tm pbe syscall nx rdtscp lm constant_tsc arch_perfmon pebs bts nopl xtopology nonstop_tsc aperfmperf pni dtes64 monitor ds_cpl vmx est tm2 ssse3 cx16 xtpr pdcm sse4_1 sse4_2 popcnt lahf_lm arat dtherm tpr_shadow vnmi flexpriority ept vpid
bogomips	: 4256.21
clflush size	: 64
cache_alignment	: 64
address sizes	: 36 bits physical, 48 bits virtual
power management:

processor	: 1
vendor_id	: GenuineIntel
cpu family	: 6
model		: 37
model name	: Intel(R) Core(TM) i3 CPU       M 330  @ 2.13GHz
stepping	: 2
microcode	: 0x8
cpu MHz		: 1333.000
cache size	: 3072 KB
physical id	: 0
siblings	: 4
core id		: 0
cpu cores	: 2
apicid		: 1
initial apicid	: 1
fpu		: yes
fpu_exception	: yes
cpuid level	: 11
wp		: yes
flags		: fpu vme de pse tsc msr pae mce cx8 apic sep mtrr pge mca cmov pat pse36 clflush dts acpi mmx fxsr sse sse2 ss ht tm pbe syscall nx rdtscp lm constant_tsc arch_perfmon pebs bts nopl xtopology nonstop_tsc aperfmperf pni dtes64 monitor ds_cpl vmx est tm2 ssse3 cx16 xtpr pdcm sse4_1 sse4_2 popcnt lahf_lm arat dtherm tpr_shadow vnmi flexpriority ept vpid
bogomips	: 4255.90
clflush size	: 64
cache_alignment	: 64
address sizes	: 36 bits physical, 48 bits virtual
power management:

processor	: 2
vendor_id	: GenuineIntel
cpu family	: 6
model		: 37
model name	: Intel(R) Core(TM) i3 CPU       M 330  @ 2.13GHz
stepping	: 2
microcode	: 0x8
cpu MHz		: 1599.000
cache size	: 3072 KB
physical id	: 0
siblings	: 4
core id		: 2
cpu cores	: 2
apicid		: 4
initial apicid	: 4
fpu		: yes
fpu_exception	: yes
cpuid level	: 11
wp		: yes
flags		: fpu vme de pse tsc msr pae mce cx8 apic sep mtrr pge mca cmov pat pse36 clflush dts acpi mmx fxsr sse sse2 ss ht tm pbe syscall nx rdtscp lm constant_tsc arch_perfmon pebs bts nopl xtopology nonstop_tsc aperfmperf pni dtes64 monitor ds_cpl vmx est tm2 ssse3 cx16 xtpr pdcm sse4_1 sse4_2 popcnt lahf_lm arat dtherm tpr_shadow vnmi flexpriority ept vpid
bogomips	: 4255.91
clflush size	: 64
cache_alignment	: 64
address sizes	: 36 bits physical, 48 bits virtual
power management:

processor	: 3
vendor_id	: GenuineIntel
cpu family	: 6
model		: 37
model name	: Intel(R) Core(TM) i3 CPU       M 330  @ 2.13GHz
stepping	: 2
microcode	: 0x8
cpu MHz		: 2133.000
cache size	: 3072 KB
physical id	: 0
siblings	: 4
core id		: 2
cpu cores	: 2
apicid		: 5
initial apicid	: 5
fpu		: yes
fpu_exception	: yes
cpuid level	: 11
wp		: yes
flags		: fpu vme de pse tsc msr pae mce cx8 apic sep mtrr pge mca cmov pat pse36 clflush dts acpi mmx fxsr sse sse2 ss ht tm pbe syscall nx rdtscp lm constant_tsc arch_perfmon pebs bts nopl xtopology nonstop_tsc aperfmperf pni dtes64 monitor ds_cpl vmx est tm2 ssse3 cx16 xtpr pdcm sse4_1 sse4_2 popcnt lahf_lm arat dtherm tpr_shadow vnmi flexpriority ept vpid
bogomips	: 4255.91
clflush size	: 64
cache_alignment	: 64
address sizes	: 36 bits physical, 48 bits virtual
power management:



Memory: 4k page, physical 3909972k(1273544k free), swap 3905532k(3905532k free)

vm_info: Java HotSpot(TM) 64-Bit Server VM (23.7-b01) for linux-amd64 JRE (1.7.0_17-b02), built on Mar  1 2013 02:59:06 by "java_re" with gcc 4.3.0 20080428 (Red Hat 4.3.0-8)

time: Sat Apr 13 18:38:08 2013
elapsed time: 3 seconds

