#
# A fatal error has been detected by the Java Runtime Environment:
#
#  SIGSEGV (0xb) at pc=0x00007f5dddb2de9f, pid=9065, tid=140040732911360
#
# JRE version: 7.0_17-b02
# Java VM: Java HotSpot(TM) 64-Bit Server VM (23.7-b01 mixed mode linux-amd64 compressed oops)
# Problematic frame:
# V  [libjvm.so+0x57be9f]  jni_GetStringUTFChars+0x9f
#
# Failed to write core dump. Core dumps have been disabled. To enable core dumping, try "ulimit -c unlimited" before starting Java again
#
# If you would like to submit a bug report, please visit:
#   http://bugreport.sun.com/bugreport/crash.jsp
#

---------------  T H R E A D  ---------------

Current thread (0x00007f5dd8242000):  JavaThread "AWT-EventQueue-0" [_thread_in_vm, id=9087, stack(0x00007f5dc613a000,0x00007f5dc623b000)]

siginfo:si_signo=SIGSEGV: si_errno=0, si_code=1 (SEGV_MAPERR), si_addr=0x0000000000000000

Registers:
RAX=0x0000000000000000, RBX=0x00007f5dd8242000, RCX=0x00000000ec6c8c38, RDX=0x00007f5dde2ac0e0
RSP=0x00007f5dc62377f0, RBP=0x00007f5dc6237860, RSI=0x0000000000000000, RDI=0x00007f5dd82421d8
R8 =0x00007f5d8c21fde8, R9 =0x00000000ec6c8c38, R10=0x0000000000000004, R11=0x00007f5dde2ac0e8
R12=0x0000000000000000, R13=0x0000000000000000, R14=0x00007f5dc6237940, R15=0x00007f5dd8242000
RIP=0x00007f5dddb2de9f, EFLAGS=0x0000000000010246, CSGSFS=0x0000000000000033, ERR=0x0000000000000004
  TRAPNO=0x000000000000000e

Top of Stack: (sp=0x00007f5dc62377f0)
0x00007f5dc62377f0:   0000000000000000 0000000000000000
0x00007f5dc6237800:   00007f5dd8242000 0000000000000000
0x00007f5dc6237810:   00007f5dc6237840 00007f5dd5006158
0x00007f5dc6237820:   00007f5dd8242000 00007f5dc6237828
0x00007f5dc6237830:   00000000bf8623b1 00000000bf7f6010
0x00007f5dc6237840:   00007f5d8c21faa8 0000000000000000
0x00007f5dc6237850:   00007f5dc6237940 00007f5dd8242000
0x00007f5dc6237860:   00007f5dd82421d8 00007f5dc5ebf2b0
0x00007f5dc6237870:   00007f5dd5006158 00000000ec6c9600
0x00007f5dc6237880:   00000000bf7f6010 00007f5dc6237918
0x00007f5dc6237890:   0000000000000000 00000000bf7f6008
0x00007f5dc62378a0:   00007f5dc6237940 00007f5dd5012963
0x00007f5dc62378b0:   0000000000000000 00007f5dc5ec5794
0x00007f5dc62378c0:   0000000000000000 0000000000000000
0x00007f5dc62378d0:   00000000ec6c8c38 00007f5dc62378c8
0x00007f5dc62378e0:   0000000000000000 00007f5dc6237940
0x00007f5dc62378f0:   00000000bf800420 0000000000000000
0x00007f5dc6237900:   00000000bf7f6010 0000000000000000
0x00007f5dc6237910:   00007f5dc6237938 00007f5dc62379a0
0x00007f5dc6237920:   00007f5dd5006275 0000000000000000
0x00007f5dc6237930:   00007f5dd500edd7 0000000000000000
0x00007f5dc6237940:   00000000ec6c8c38 00000000ec6c95a8
0x00007f5dc6237950:   0000000000000001 00000000ec6c8c38
0x00007f5dc6237960:   00007f5dc6237950 00000000bf7faacd
0x00007f5dc6237970:   00007f5dc62379b8 00000000bf7ffc80
0x00007f5dc6237980:   0000000000000000 00000000bf7fab18
0x00007f5dc6237990:   00007f5dc6237938 00007f5dc62379b0
0x00007f5dc62379a0:   00007f5dc6237a00 00007f5dd5006158
0x00007f5dc62379b0:   00000000ec6c95a8 00000000ec6c8c38
0x00007f5dc62379c0:   00007f5dc62379c0 00000000bf85fbfe
0x00007f5dc62379d0:   00007f5dc6237a18 00000000bf874be8
0x00007f5dc62379e0:   0000000000000000 00000000bf85fc48 

Instructions: (pc=0x00007f5dddb2de9f)
0x00007f5dddb2de7f:   48 89 5d c0 48 89 5d a0 48 c7 45 a8 00 00 00 00
0x00007f5dddb2de8f:   48 83 7b 08 00 74 09 48 8d 7d a0 e8 e1 1a 21 00
0x00007f5dddb2de9f:   4d 8b 3c 24 4c 89 ff e8 65 8f fd ff 41 89 c5 48
0x00007f5dddb2deaf:   98 4c 8d 60 01 4c 89 e7 e8 14 29 1c 00 48 85 c0 

Register to memory mapping:

RAX=0x0000000000000000 is an unknown value
RBX=0x00007f5dd8242000 is a thread
RCX=0x00000000ec6c8c38 is an oop
org.sqlite.NativeDB 
 - klass: 'org/sqlite/NativeDB'
RDX=0x00007f5dde2ac0e0: <offset 0xcfa0e0> in /usr/lib/jvm/java-7-oracle/jre/lib/amd64/server/libjvm.so at 0x00007f5ddd5b2000
RSP=0x00007f5dc62377f0 is pointing into the stack for thread: 0x00007f5dd8242000
RBP=0x00007f5dc6237860 is pointing into the stack for thread: 0x00007f5dd8242000
RSI=0x0000000000000000 is an unknown value
RDI=0x00007f5dd82421d8 is an unknown value
R8 =0x00007f5d8c21fde8 is an unknown value
R9 =0x00000000ec6c8c38 is an oop
org.sqlite.NativeDB 
 - klass: 'org/sqlite/NativeDB'
R10=0x0000000000000004 is an unknown value
R11=0x00007f5dde2ac0e8: <offset 0xcfa0e8> in /usr/lib/jvm/java-7-oracle/jre/lib/amd64/server/libjvm.so at 0x00007f5ddd5b2000
R12=0x0000000000000000 is an unknown value
R13=0x0000000000000000 is an unknown value
R14=0x00007f5dc6237940 is pointing into the stack for thread: 0x00007f5dd8242000
R15=0x00007f5dd8242000 is a thread


Stack: [0x00007f5dc613a000,0x00007f5dc623b000],  sp=0x00007f5dc62377f0,  free space=1013k
Native frames: (J=compiled Java code, j=interpreted, Vv=VM code, C=native code)
V  [libjvm.so+0x57be9f]  jni_GetStringUTFChars+0x9f

Java frames: (J=compiled Java code, j=interpreted, Vv=VM code)
j  org.sqlite.NativeDB.prepare(Ljava/lang/String;)J+0
j  org.sqlite.DB.prepare(Lorg/sqlite/Stmt;)V+21
j  org.sqlite.Stmt.executeQuery(Ljava/lang/String;)Ljava/sql/ResultSet;+14
j  modele.SQLiteImpl.query(Ljava/lang/String;)Ljava/util/List;+38
j  modele.DataBase.getObjets(Ljava/lang/String;)Ljava/util/List;+5
j  modele.ListeObjet.recherche(Ljava/lang/String;)V+26
j  ihm.barresOutils.BarreOutilsPersonnes$RechercheAction.actionPerformed(Ljava/awt/event/ActionEvent;)V+14
j  javax.swing.AbstractButton.fireActionPerformed(Ljava/awt/event/ActionEvent;)V+84
j  javax.swing.AbstractButton$Handler.actionPerformed(Ljava/awt/event/ActionEvent;)V+5
j  javax.swing.DefaultButtonModel.fireActionPerformed(Ljava/awt/event/ActionEvent;)V+35
j  javax.swing.DefaultButtonModel.setPressed(Z)V+117
j  javax.swing.plaf.basic.BasicButtonListener.mouseReleased(Ljava/awt/event/MouseEvent;)V+35
j  java.awt.Component.processMouseEvent(Ljava/awt/event/MouseEvent;)V+64
j  javax.swing.JComponent.processMouseEvent(Ljava/awt/event/MouseEvent;)V+23
j  java.awt.Component.processEvent(Ljava/awt/AWTEvent;)V+81
j  java.awt.Container.processEvent(Ljava/awt/AWTEvent;)V+18
j  java.awt.Component.dispatchEventImpl(Ljava/awt/AWTEvent;)V+581
j  java.awt.Container.dispatchEventImpl(Ljava/awt/AWTEvent;)V+42
j  java.awt.Component.dispatchEvent(Ljava/awt/AWTEvent;)V+2
j  java.awt.LightweightDispatcher.retargetMouseEvent(Ljava/awt/Component;ILjava/awt/event/MouseEvent;)V+327
j  java.awt.LightweightDispatcher.processMouseEvent(Ljava/awt/event/MouseEvent;)Z+139
j  java.awt.LightweightDispatcher.dispatchEvent(Ljava/awt/AWTEvent;)Z+50
j  java.awt.Container.dispatchEventImpl(Ljava/awt/AWTEvent;)V+12
j  java.awt.Window.dispatchEventImpl(Ljava/awt/AWTEvent;)V+19
j  java.awt.Component.dispatchEvent(Ljava/awt/AWTEvent;)V+2
j  java.awt.EventQueue.dispatchEventImpl(Ljava/awt/AWTEvent;Ljava/lang/Object;)V+41
j  java.awt.EventQueue.access$200(Ljava/awt/EventQueue;Ljava/awt/AWTEvent;Ljava/lang/Object;)V+3
j  java.awt.EventQueue$3.run()Ljava/lang/Void;+12
j  java.awt.EventQueue$3.run()Ljava/lang/Object;+1
v  ~StubRoutines::call_stub
j  java.security.AccessController.doPrivileged(Ljava/security/PrivilegedAction;Ljava/security/AccessControlContext;)Ljava/lang/Object;+0
j  java.security.ProtectionDomain$1.doIntersectionPrivilege(Ljava/security/PrivilegedAction;Ljava/security/AccessControlContext;Ljava/security/AccessControlContext;)Ljava/lang/Object;+28
j  java.security.ProtectionDomain$1.doIntersectionPrivilege(Ljava/security/PrivilegedAction;Ljava/security/AccessControlContext;)Ljava/lang/Object;+6
j  java.awt.EventQueue$4.run()Ljava/lang/Void;+11
j  java.awt.EventQueue$4.run()Ljava/lang/Object;+1
v  ~StubRoutines::call_stub
j  java.security.AccessController.doPrivileged(Ljava/security/PrivilegedAction;Ljava/security/AccessControlContext;)Ljava/lang/Object;+0
j  java.security.ProtectionDomain$1.doIntersectionPrivilege(Ljava/security/PrivilegedAction;Ljava/security/AccessControlContext;Ljava/security/AccessControlContext;)Ljava/lang/Object;+28
j  java.awt.EventQueue.dispatchEvent(Ljava/awt/AWTEvent;)V+73
j  java.awt.EventDispatchThread.pumpOneEventForFilters(I)V+245
j  java.awt.EventDispatchThread.pumpEventsForFilter(ILjava/awt/Conditional;Ljava/awt/EventFilter;)V+35
j  java.awt.EventDispatchThread.pumpEventsForHierarchy(ILjava/awt/Conditional;Ljava/awt/Component;)V+11
j  java.awt.EventDispatchThread.pumpEvents(ILjava/awt/Conditional;)V+4
j  java.awt.EventDispatchThread.pumpEvents(Ljava/awt/Conditional;)V+3
j  java.awt.EventDispatchThread.run()V+9
v  ~StubRoutines::call_stub

---------------  P R O C E S S  ---------------

Java Threads: ( => current thread )
  0x00007f5d8c1b2000 JavaThread "TimerQueue" daemon [_thread_blocked, id=9089, stack(0x00007f5dc529d000,0x00007f5dc539e000)]
  0x00007f5dd8009000 JavaThread "DestroyJavaVM" [_thread_blocked, id=9071, stack(0x00007f5ddedce000,0x00007f5ddeecf000)]
=>0x00007f5dd8242000 JavaThread "AWT-EventQueue-0" [_thread_in_vm, id=9087, stack(0x00007f5dc613a000,0x00007f5dc623b000)]
  0x00007f5dd8240000 JavaThread "AWT-Shutdown" [_thread_blocked, id=9086, stack(0x00007f5dc623b000,0x00007f5dc633c000)]
  0x00007f5dd823b800 JavaThread "AWT-XAWT" daemon [_thread_in_native, id=9085, stack(0x00007f5dc633c000,0x00007f5dc643d000)]
  0x00007f5dd820c000 JavaThread "Java2D Disposer" daemon [_thread_blocked, id=9084, stack(0x00007f5dc684d000,0x00007f5dc694e000)]
  0x00007f5dd80f0800 JavaThread "Service Thread" daemon [_thread_blocked, id=9082, stack(0x00007f5dcc1ed000,0x00007f5dcc2ee000)]
  0x00007f5dd80ee000 JavaThread "C2 CompilerThread1" daemon [_thread_blocked, id=9081, stack(0x00007f5dcc2ee000,0x00007f5dcc3ef000)]
  0x00007f5dd80eb000 JavaThread "C2 CompilerThread0" daemon [_thread_blocked, id=9080, stack(0x00007f5dcc3ef000,0x00007f5dcc4f0000)]
  0x00007f5dd80e9000 JavaThread "Signal Dispatcher" daemon [_thread_blocked, id=9079, stack(0x00007f5dcc4f0000,0x00007f5dcc5f1000)]
  0x00007f5dd809c000 JavaThread "Finalizer" daemon [_thread_blocked, id=9078, stack(0x00007f5dcccd9000,0x00007f5dccdda000)]
  0x00007f5dd8099800 JavaThread "Reference Handler" daemon [_thread_blocked, id=9077, stack(0x00007f5dccdda000,0x00007f5dccedb000)]

Other Threads:
  0x00007f5dd8092000 VMThread [stack: 0x00007f5dccedb000,0x00007f5dccfdc000] [id=9076]
  0x00007f5dd80fb000 WatcherThread [stack: 0x00007f5dcc0ec000,0x00007f5dcc1ed000] [id=9083]

VM state:not at safepoint (normal execution)

VM Mutex/Monitor currently owned by a thread: None

Heap
 PSYoungGen      total 17856K, used 5543K [0x00000000ec160000, 0x00000000ed540000, 0x0000000100000000)
  eden space 15360K, 36% used [0x00000000ec160000,0x00000000ec6c9f08,0x00000000ed060000)
  from space 2496K, 0% used [0x00000000ed2d0000,0x00000000ed2d0000,0x00000000ed540000)
  to   space 2496K, 0% used [0x00000000ed060000,0x00000000ed060000,0x00000000ed2d0000)
 ParOldGen       total 40768K, used 0K [0x00000000c4400000, 0x00000000c6bd0000, 0x00000000ec160000)
  object space 40768K, 0% used [0x00000000c4400000,0x00000000c4400000,0x00000000c6bd0000)
 PSPermGen       total 21248K, used 12713K [0x00000000bf200000, 0x00000000c06c0000, 0x00000000c4400000)
  object space 21248K, 59% used [0x00000000bf200000,0x00000000bfe6a5a8,0x00000000c06c0000)

Card table byte_map: [0x00007f5ddc016000,0x00007f5ddc21e000] byte_map_base: 0x00007f5ddba1d000

Polling page: 0x00007f5ddeeee000

Code Cache  [0x00007f5dd5000000, 0x00007f5dd5270000, 0x00007f5dd8000000)
 total_blobs=509 nmethods=42 adapters=419 free_code_cache=48538Kb largest_free_block=49686592

Compilation events (10 events):
Event: 0,987 Thread 0x00007f5dd80ee000   34             java.util.HashMap::indexFor (6 bytes)
Event: 0,988 Thread 0x00007f5dd80ee000 nmethod 34 0x00007f5dd5092650 code [0x00007f5dd5092780, 0x00007f5dd50927b8]
Event: 1,173 Thread 0x00007f5dd80eb000   35             java.util.Arrays::binarySearch0 (95 bytes)
Event: 1,178 Thread 0x00007f5dd80ee000   36             sun.java2d.loops.GraphicsPrimitiveMgr$2::compare (39 bytes)
Event: 1,181 Thread 0x00007f5dd80eb000 nmethod 35 0x00007f5dd509d2d0 code [0x00007f5dd509d420, 0x00007f5dd509d5d8]
Event: 1,181 Thread 0x00007f5dd80ee000 nmethod 36 0x00007f5dd509a290 code [0x00007f5dd509a3e0, 0x00007f5dd509a4b8]
Event: 1,594 Thread 0x00007f5dd80ee000   37             java.util.HashMap::hash (59 bytes)
Event: 1,598 Thread 0x00007f5dd80ee000 nmethod 37 0x00007f5dd50983d0 code [0x00007f5dd5098520, 0x00007f5dd5098668]
Event: 2,315 Thread 0x00007f5dd80eb000   39             java.util.Hashtable::rehash (198 bytes)
Event: 2,322 Thread 0x00007f5dd80eb000 nmethod 39 0x00007f5dd509cb10 code [0x00007f5dd509cca0, 0x00007f5dd509d098]

GC Heap History (0 events):
No events

Deoptimization events (10 events):
Event: 0,462 Thread 0x00007f5dd8242000 Uncommon trap 18 fr.pc 0x00007f5dd507734c
Event: 0,463 Thread 0x00007f5dd8242000 Uncommon trap -83 fr.pc 0x00007f5dd507b914
Event: 0,817 Thread 0x00007f5dd8242000 Uncommon trap -34 fr.pc 0x00007f5dd5079a4c
Event: 0,817 Thread 0x00007f5dd8242000 Uncommon trap -34 fr.pc 0x00007f5dd5079a4c
Event: 0,818 Thread 0x00007f5dd8242000 Uncommon trap -34 fr.pc 0x00007f5dd5079a4c
Event: 0,818 Thread 0x00007f5dd8242000 Uncommon trap -34 fr.pc 0x00007f5dd5079a4c
Event: 2,319 Thread 0x00007f5dd8242000 Uncommon trap -34 fr.pc 0x00007f5dd508b554
Event: 2,319 Thread 0x00007f5dd8242000 Uncommon trap -34 fr.pc 0x00007f5dd508b554
Event: 2,592 Thread 0x00007f5dd8242000 Uncommon trap -34 fr.pc 0x00007f5dd508b554
Event: 2,593 Thread 0x00007f5dd8242000 Uncommon trap -34 fr.pc 0x00007f5dd508b554

Internal exceptions (10 events):
Event: 0,593 Thread 0x00007f5dd8242000 Threw 0x00000000ec40a0e0 at /HUDSON/workspace/jdk7u17-2-build-linux-amd64-product/jdk7u17/hotspot/src/share/vm/prims/jvm.cpp:1166
Event: 0,598 Thread 0x00007f5dd8242000 Threw 0x00000000ec413188 at /HUDSON/workspace/jdk7u17-2-build-linux-amd64-product/jdk7u17/hotspot/src/share/vm/prims/jvm.cpp:1166
Event: 0,601 Thread 0x00007f5dd8242000 Threw 0x00000000ec4192a0 at /HUDSON/workspace/jdk7u17-2-build-linux-amd64-product/jdk7u17/hotspot/src/share/vm/prims/jvm.cpp:1166
Event: 0,717 Thread 0x00007f5dd8242000 Threw 0x00000000ec4a1f20 at /HUDSON/workspace/jdk7u17-2-build-linux-amd64-product/jdk7u17/hotspot/src/share/vm/prims/jvm.cpp:1166
Event: 0,761 Thread 0x00007f5dd8242000 Threw 0x00000000ec4ba700 at /HUDSON/workspace/jdk7u17-2-build-linux-amd64-product/jdk7u17/hotspot/src/share/vm/prims/jvm.cpp:1166
Event: 0,766 Thread 0x00007f5dd8242000 Threw 0x00000000ec4bf800 at /HUDSON/workspace/jdk7u17-2-build-linux-amd64-product/jdk7u17/hotspot/src/share/vm/prims/jvm.cpp:1166
Event: 0,768 Thread 0x00007f5dd8242000 Threw 0x00000000ec4c6308 at /HUDSON/workspace/jdk7u17-2-build-linux-amd64-product/jdk7u17/hotspot/src/share/vm/prims/jvm.cpp:1166
Event: 0,769 Thread 0x00007f5dd8242000 Threw 0x00000000ec4c9ea0 at /HUDSON/workspace/jdk7u17-2-build-linux-amd64-product/jdk7u17/hotspot/src/share/vm/prims/jvm.cpp:1166
Event: 0,924 Thread 0x00007f5dd8242000 Threw 0x00000000ec5dc708 at /HUDSON/workspace/jdk7u17-2-build-linux-amd64-product/jdk7u17/hotspot/src/share/vm/prims/jvm.cpp:1166
Event: 1,262 Thread 0x00007f5dd8242000 Threw 0x00000000ec690200 at /HUDSON/workspace/jdk7u17-2-build-linux-amd64-product/jdk7u17/hotspot/src/share/vm/prims/jni.cpp:742

Events (10 events):
Event: 2,319 Thread 0x00007f5dd8242000 DEOPT PACKING pc=0x00007f5dd508b554 sp=0x00007f5dc6237910
Event: 2,319 Thread 0x00007f5dd8242000 DEOPT UNPACKING pc=0x00007f5dd5039145 sp=0x00007f5dc62378c0 mode 2
Event: 2,319 Thread 0x00007f5dd8242000 DEOPT PACKING pc=0x00007f5dd508b554 sp=0x00007f5dc6237910
Event: 2,319 Thread 0x00007f5dd8242000 DEOPT UNPACKING pc=0x00007f5dd5039145 sp=0x00007f5dc62378c0 mode 2
Event: 2,319 loading class 0x00007f5dd8152260
Event: 2,319 loading class 0x00007f5dd8152260 done
Event: 2,593 Thread 0x00007f5dd8242000 DEOPT PACKING pc=0x00007f5dd508b554 sp=0x00007f5dc6237910
Event: 2,593 Thread 0x00007f5dd8242000 DEOPT UNPACKING pc=0x00007f5dd5039145 sp=0x00007f5dc62378c0 mode 2
Event: 2,593 Thread 0x00007f5dd8242000 DEOPT PACKING pc=0x00007f5dd508b554 sp=0x00007f5dc6237910
Event: 2,593 Thread 0x00007f5dd8242000 DEOPT UNPACKING pc=0x00007f5dd5039145 sp=0x00007f5dc62378c0 mode 2


Dynamic libraries:
00400000-00401000 r-xp 00000000 08:06 145006                             /usr/lib/jvm/java-7-oracle/bin/java
00600000-00601000 rw-p 00000000 08:06 145006                             /usr/lib/jvm/java-7-oracle/bin/java
02397000-023b8000 rw-p 00000000 00:00 0                                  [heap]
bf200000-c06c0000 rw-p 00000000 00:00 0 
c06c0000-c4400000 rw-p 00000000 00:00 0 
c4400000-c6bd0000 rw-p 00000000 00:00 0 
c6bd0000-ec160000 rw-p 00000000 00:00 0 
ec160000-ed540000 rw-p 00000000 00:00 0 
ed540000-100000000 rw-p 00000000 00:00 0 
7f5d80000000-7f5d80021000 rw-p 00000000 00:00 0 
7f5d80021000-7f5d84000000 ---p 00000000 00:00 0 
7f5d88000000-7f5d88021000 rw-p 00000000 00:00 0 
7f5d88021000-7f5d8c000000 ---p 00000000 00:00 0 
7f5d8c000000-7f5d8c333000 rw-p 00000000 00:00 0 
7f5d8c333000-7f5d90000000 ---p 00000000 00:00 0 
7f5d90000000-7f5d90021000 rw-p 00000000 00:00 0 
7f5d90021000-7f5d94000000 ---p 00000000 00:00 0 
7f5d94000000-7f5d94021000 rw-p 00000000 00:00 0 
7f5d94021000-7f5d98000000 ---p 00000000 00:00 0 
7f5d98000000-7f5d98021000 rw-p 00000000 00:00 0 
7f5d98021000-7f5d9c000000 ---p 00000000 00:00 0 
7f5d9c000000-7f5d9c021000 rw-p 00000000 00:00 0 
7f5d9c021000-7f5da0000000 ---p 00000000 00:00 0 
7f5da0000000-7f5da024f000 rw-p 00000000 00:00 0 
7f5da024f000-7f5da4000000 ---p 00000000 00:00 0 
7f5da4000000-7f5da42be000 rw-p 00000000 00:00 0 
7f5da42be000-7f5da8000000 ---p 00000000 00:00 0 
7f5da8000000-7f5da8021000 rw-p 00000000 00:00 0 
7f5da8021000-7f5dac000000 ---p 00000000 00:00 0 
7f5dac000000-7f5dac021000 rw-p 00000000 00:00 0 
7f5dac021000-7f5db0000000 ---p 00000000 00:00 0 
7f5db0000000-7f5db0021000 rw-p 00000000 00:00 0 
7f5db0021000-7f5db4000000 ---p 00000000 00:00 0 
7f5db4000000-7f5db4021000 rw-p 00000000 00:00 0 
7f5db4021000-7f5db8000000 ---p 00000000 00:00 0 
7f5db8000000-7f5db8021000 rw-p 00000000 00:00 0 
7f5db8021000-7f5dbc000000 ---p 00000000 00:00 0 
7f5dc0000000-7f5dc0021000 rw-p 00000000 00:00 0 
7f5dc0021000-7f5dc4000000 ---p 00000000 00:00 0 
7f5dc5164000-7f5dc529d000 rw-p 00000000 00:00 0 
7f5dc529d000-7f5dc52a0000 ---p 00000000 00:00 0 
7f5dc52a0000-7f5dc539e000 rw-p 00000000 00:00 0 
7f5dc539e000-7f5dc5406000 r-xp 00000000 08:06 147104                     /usr/lib/jvm/java-7-oracle/jre/lib/amd64/libt2k.so
7f5dc5406000-7f5dc5606000 ---p 00068000 08:06 147104                     /usr/lib/jvm/java-7-oracle/jre/lib/amd64/libt2k.so
7f5dc5606000-7f5dc560d000 rw-p 00068000 08:06 147104                     /usr/lib/jvm/java-7-oracle/jre/lib/amd64/libt2k.so
7f5dc560d000-7f5dc561d000 rw-p 00000000 00:00 0 
7f5dc561d000-7f5dc562d000 r-xp 00000000 08:06 147088                     /usr/lib/jvm/java-7-oracle/jre/lib/amd64/libnio.so
7f5dc562d000-7f5dc582d000 ---p 00010000 08:06 147088                     /usr/lib/jvm/java-7-oracle/jre/lib/amd64/libnio.so
7f5dc582d000-7f5dc582e000 rw-p 00010000 08:06 147088                     /usr/lib/jvm/java-7-oracle/jre/lib/amd64/libnio.so
7f5dc582e000-7f5dc5843000 r-xp 00000000 08:06 147103                     /usr/lib/jvm/java-7-oracle/jre/lib/amd64/libnet.so
7f5dc5843000-7f5dc5a43000 ---p 00015000 08:06 147103                     /usr/lib/jvm/java-7-oracle/jre/lib/amd64/libnet.so
7f5dc5a43000-7f5dc5a44000 rw-p 00015000 08:06 147103                     /usr/lib/jvm/java-7-oracle/jre/lib/amd64/libnet.so
7f5dc5a44000-7f5dc5a59000 r-xp 00000000 08:06 1183589                    /lib/x86_64-linux-gnu/libgcc_s.so.1
7f5dc5a59000-7f5dc5c58000 ---p 00015000 08:06 1183589                    /lib/x86_64-linux-gnu/libgcc_s.so.1
7f5dc5c58000-7f5dc5c59000 r--p 00014000 08:06 1183589                    /lib/x86_64-linux-gnu/libgcc_s.so.1
7f5dc5c59000-7f5dc5c5a000 rw-p 00015000 08:06 1183589                    /lib/x86_64-linux-gnu/libgcc_s.so.1
7f5dc5c5a000-7f5dc5c9e000 r-xp 00000000 08:06 147111                     /usr/lib/jvm/java-7-oracle/jre/lib/amd64/libfontmanager.so
7f5dc5c9e000-7f5dc5e9e000 ---p 00044000 08:06 147111                     /usr/lib/jvm/java-7-oracle/jre/lib/amd64/libfontmanager.so
7f5dc5e9e000-7f5dc5ea2000 rw-p 00044000 08:06 147111                     /usr/lib/jvm/java-7-oracle/jre/lib/amd64/libfontmanager.so
7f5dc5ea2000-7f5dc5eb2000 rw-p 00000000 00:00 0 
7f5dc5eb2000-7f5dc5f36000 r-xp 00000000 08:06 663254                     /tmp/sqlite-3.7.2-libsqlitejdbc.so
7f5dc5f36000-7f5dc6136000 ---p 00084000 08:06 663254                     /tmp/sqlite-3.7.2-libsqlitejdbc.so
7f5dc6136000-7f5dc6137000 r--p 00084000 08:06 663254                     /tmp/sqlite-3.7.2-libsqlitejdbc.so
7f5dc6137000-7f5dc613a000 rw-p 00085000 08:06 663254                     /tmp/sqlite-3.7.2-libsqlitejdbc.so
7f5dc613a000-7f5dc613d000 ---p 00000000 00:00 0 
7f5dc613d000-7f5dc623b000 rw-p 00000000 00:00 0 
7f5dc623b000-7f5dc623e000 ---p 00000000 00:00 0 
7f5dc623e000-7f5dc633c000 rw-p 00000000 00:00 0 
7f5dc633c000-7f5dc633f000 ---p 00000000 00:00 0 
7f5dc633f000-7f5dc643d000 rw-p 00000000 00:00 0 
7f5dc643d000-7f5dc6442000 r-xp 00000000 08:06 1712222                    /usr/lib/x86_64-linux-gnu/libXfixes.so.3.1.0
7f5dc6442000-7f5dc6641000 ---p 00005000 08:06 1712222                    /usr/lib/x86_64-linux-gnu/libXfixes.so.3.1.0
7f5dc6641000-7f5dc6642000 r--p 00004000 08:06 1712222                    /usr/lib/x86_64-linux-gnu/libXfixes.so.3.1.0
7f5dc6642000-7f5dc6643000 rw-p 00005000 08:06 1712222                    /usr/lib/x86_64-linux-gnu/libXfixes.so.3.1.0
7f5dc6643000-7f5dc664c000 r-xp 00000000 08:06 1712214                    /usr/lib/x86_64-linux-gnu/libXcursor.so.1.0.2
7f5dc664c000-7f5dc684b000 ---p 00009000 08:06 1712214                    /usr/lib/x86_64-linux-gnu/libXcursor.so.1.0.2
7f5dc684b000-7f5dc684c000 r--p 00008000 08:06 1712214                    /usr/lib/x86_64-linux-gnu/libXcursor.so.1.0.2
7f5dc684c000-7f5dc684d000 rw-p 00009000 08:06 1712214                    /usr/lib/x86_64-linux-gnu/libXcursor.so.1.0.2
7f5dc684d000-7f5dc6850000 ---p 00000000 00:00 0 
7f5dc6850000-7f5dc694e000 rw-p 00000000 00:00 0 
7f5dc694e000-7f5dc6953000 r-xp 00000000 08:06 1712218                    /usr/lib/x86_64-linux-gnu/libXdmcp.so.6.0.0
7f5dc6953000-7f5dc6b52000 ---p 00005000 08:06 1712218                    /usr/lib/x86_64-linux-gnu/libXdmcp.so.6.0.0
7f5dc6b52000-7f5dc6b53000 r--p 00004000 08:06 1712218                    /usr/lib/x86_64-linux-gnu/libXdmcp.so.6.0.0
7f5dc6b53000-7f5dc6b54000 rw-p 00005000 08:06 1712218                    /usr/lib/x86_64-linux-gnu/libXdmcp.so.6.0.0
7f5dc6b54000-7f5dc6b56000 r-xp 00000000 08:06 1712207                    /usr/lib/x86_64-linux-gnu/libXau.so.6.0.0
7f5dc6b56000-7f5dc6d55000 ---p 00002000 08:06 1712207                    /usr/lib/x86_64-linux-gnu/libXau.so.6.0.0
7f5dc6d55000-7f5dc6d56000 r--p 00001000 08:06 1712207                    /usr/lib/x86_64-linux-gnu/libXau.so.6.0.0
7f5dc6d56000-7f5dc6d57000 rw-p 00002000 08:06 1712207                    /usr/lib/x86_64-linux-gnu/libXau.so.6.0.0
7f5dc6d57000-7f5dc6d74000 r-xp 00000000 08:06 1705050                    /usr/lib/x86_64-linux-gnu/libxcb.so.1.1.0
7f5dc6d74000-7f5dc6f73000 ---p 0001d000 08:06 1705050                    /usr/lib/x86_64-linux-gnu/libxcb.so.1.1.0
7f5dc6f73000-7f5dc6f74000 r--p 0001c000 08:06 1705050                    /usr/lib/x86_64-linux-gnu/libxcb.so.1.1.0
7f5dc6f74000-7f5dc6f75000 rw-p 0001d000 08:06 1705050                    /usr/lib/x86_64-linux-gnu/libxcb.so.1.1.0
7f5dc6f75000-7f5dc6f83000 r-xp 00000000 08:06 1712226                    /usr/lib/x86_64-linux-gnu/libXi.so.6.1.0
7f5dc6f83000-7f5dc7182000 ---p 0000e000 08:06 1712226                    /usr/lib/x86_64-linux-gnu/libXi.so.6.1.0
7f5dc7182000-7f5dc7183000 r--p 0000d000 08:06 1712226                    /usr/lib/x86_64-linux-gnu/libXi.so.6.1.0
7f5dc7183000-7f5dc7184000 rw-p 0000e000 08:06 1712226                    /usr/lib/x86_64-linux-gnu/libXi.so.6.1.0
7f5dc7184000-7f5dc7189000 r-xp 00000000 08:06 1712244                    /usr/lib/x86_64-linux-gnu/libXtst.so.6.1.0
7f5dc7189000-7f5dc7388000 ---p 00005000 08:06 1712244                    /usr/lib/x86_64-linux-gnu/libXtst.so.6.1.0
7f5dc7388000-7f5dc7389000 r--p 00004000 08:06 1712244                    /usr/lib/x86_64-linux-gnu/libXtst.so.6.1.0
7f5dc7389000-7f5dc738a000 rw-p 00005000 08:06 1712244                    /usr/lib/x86_64-linux-gnu/libXtst.so.6.1.0
7f5dc738a000-7f5dc7393000 r-xp 00000000 08:06 1712240                    /usr/lib/x86_64-linux-gnu/libXrender.so.1.3.0
7f5dc7393000-7f5dc7592000 ---p 00009000 08:06 1712240                    /usr/lib/x86_64-linux-gnu/libXrender.so.1.3.0
7f5dc7592000-7f5dc7593000 r--p 00008000 08:06 1712240                    /usr/lib/x86_64-linux-gnu/libXrender.so.1.3.0
7f5dc7593000-7f5dc7594000 rw-p 00009000 08:06 1712240                    /usr/lib/x86_64-linux-gnu/libXrender.so.1.3.0
7f5dc7594000-7f5dc76c3000 r-xp 00000000 08:06 1712205                    /usr/lib/x86_64-linux-gnu/libX11.so.6.3.0
7f5dc76c3000-7f5dc78c3000 ---p 0012f000 08:06 1712205                    /usr/lib/x86_64-linux-gnu/libX11.so.6.3.0
7f5dc78c3000-7f5dc78c4000 r--p 0012f000 08:06 1712205                    /usr/lib/x86_64-linux-gnu/libX11.so.6.3.0
7f5dc78c4000-7f5dc78c8000 rw-p 00130000 08:06 1712205                    /usr/lib/x86_64-linux-gnu/libX11.so.6.3.0
7f5dc78c8000-7f5dc78d8000 r-xp 00000000 08:06 1712220                    /usr/lib/x86_64-linux-gnu/libXext.so.6.4.0
7f5dc78d8000-7f5dc7ad7000 ---p 00010000 08:06 1712220                    /usr/lib/x86_64-linux-gnu/libXext.so.6.4.0
7f5dc7ad7000-7f5dc7ad8000 r--p 0000f000 08:06 1712220                    /usr/lib/x86_64-linux-gnu/libXext.so.6.4.0
7f5dc7ad8000-7f5dc7ad9000 rw-p 00010000 08:06 1712220                    /usr/lib/x86_64-linux-gnu/libXext.so.6.4.0
7f5dc7ad9000-7f5dc7b29000 r-xp 00000000 08:06 147145                     /usr/lib/jvm/java-7-oracle/jre/lib/amd64/xawt/libmawt.so
7f5dc7b29000-7f5dc7d29000 ---p 00050000 08:06 147145                     /usr/lib/jvm/java-7-oracle/jre/lib/amd64/xawt/libmawt.so
7f5dc7d29000-7f5dc7d2d000 rw-p 00050000 08:06 147145                     /usr/lib/jvm/java-7-oracle/jre/lib/amd64/xawt/libmawt.so
7f5dc7d2d000-7f5dc7d2e000 rw-p 00000000 00:00 0 
7f5dc7d2e000-7f5dc7dd0000 r-xp 00000000 08:06 147121                     /usr/lib/jvm/java-7-oracle/jre/lib/amd64/libawt.so
7f5dc7dd0000-7f5dc7fd0000 ---p 000a2000 08:06 147121                     /usr/lib/jvm/java-7-oracle/jre/lib/amd64/libawt.so
7f5dc7fd0000-7f5dc7fdc000 rw-p 000a2000 08:06 147121                     /usr/lib/jvm/java-7-oracle/jre/lib/amd64/libawt.so
7f5dc7fdc000-7f5dc8000000 rw-p 00000000 00:00 0 
7f5dc8000000-7f5dc8021000 rw-p 00000000 00:00 0 
7f5dc8021000-7f5dcc000000 ---p 00000000 00:00 0 
7f5dcc009000-7f5dcc0c7000 rw-p 00000000 00:00 0 
7f5dcc0c7000-7f5dcc0ec000 r--p 00000000 08:06 153572                     /usr/share/locale-langpack/fr/LC_MESSAGES/libc.mo
7f5dcc0ec000-7f5dcc0ed000 ---p 00000000 00:00 0 
7f5dcc0ed000-7f5dcc1ed000 rw-p 00000000 00:00 0 
7f5dcc1ed000-7f5dcc1f0000 ---p 00000000 00:00 0 
7f5dcc1f0000-7f5dcc2ee000 rw-p 00000000 00:00 0 
7f5dcc2ee000-7f5dcc2f1000 ---p 00000000 00:00 0 
7f5dcc2f1000-7f5dcc3ef000 rw-p 00000000 00:00 0 
7f5dcc3ef000-7f5dcc3f2000 ---p 00000000 00:00 0 
7f5dcc3f2000-7f5dcc4f0000 rw-p 00000000 00:00 0 
7f5dcc4f0000-7f5dcc4f3000 ---p 00000000 00:00 0 
7f5dcc4f3000-7f5dcc5f1000 rw-p 00000000 00:00 0 
7f5dcc5f1000-7f5dcccd9000 r--p 00000000 08:06 1711054                    /usr/lib/locale/locale-archive
7f5dcccd9000-7f5dcccdc000 ---p 00000000 00:00 0 
7f5dcccdc000-7f5dccdda000 rw-p 00000000 00:00 0 
7f5dccdda000-7f5dccddd000 ---p 00000000 00:00 0 
7f5dccddd000-7f5dccedb000 rw-p 00000000 00:00 0 
7f5dccedb000-7f5dccedc000 ---p 00000000 00:00 0 
7f5dccedc000-7f5dd0000000 rw-p 00000000 00:00 0 
7f5dd0000000-7f5dd0021000 rw-p 00000000 00:00 0 
7f5dd0021000-7f5dd4000000 ---p 00000000 00:00 0 
7f5dd4024000-7f5dd4094000 rw-p 00000000 00:00 0 
7f5dd4094000-7f5dd4250000 r--s 039dc000 08:06 146816                     /usr/lib/jvm/java-7-oracle/jre/lib/rt.jar
7f5dd4250000-7f5dd4a94000 rw-p 00000000 00:00 0 
7f5dd4a94000-7f5dd4a95000 ---p 00000000 00:00 0 
7f5dd4a95000-7f5dd4b95000 rw-p 00000000 00:00 0 
7f5dd4b95000-7f5dd4b96000 ---p 00000000 00:00 0 
7f5dd4b96000-7f5dd4c96000 rw-p 00000000 00:00 0 
7f5dd4c96000-7f5dd4c97000 ---p 00000000 00:00 0 
7f5dd4c97000-7f5dd4d97000 rw-p 00000000 00:00 0 
7f5dd4d97000-7f5dd4d98000 ---p 00000000 00:00 0 
7f5dd4d98000-7f5dd4ea3000 rw-p 00000000 00:00 0 
7f5dd4ea3000-7f5dd4ec1000 rw-p 00000000 00:00 0 
7f5dd4ec1000-7f5dd4ed5000 rw-p 00000000 00:00 0 
7f5dd4ed5000-7f5dd5000000 rw-p 00000000 00:00 0 
7f5dd5000000-7f5dd5270000 rwxp 00000000 00:00 0 
7f5dd5270000-7f5dd8245000 rw-p 00000000 00:00 0 
7f5dd8245000-7f5ddc000000 ---p 00000000 00:00 0 
7f5ddc016000-7f5ddc021000 rw-p 00000000 00:00 0 
7f5ddc021000-7f5ddc03f000 rw-p 00000000 00:00 0 
7f5ddc03f000-7f5ddc053000 rw-p 00000000 00:00 0 
7f5ddc053000-7f5ddc17d000 rw-p 00000000 00:00 0 
7f5ddc17d000-7f5ddc188000 rw-p 00000000 00:00 0 
7f5ddc188000-7f5ddc21d000 rw-p 00000000 00:00 0 
7f5ddc21d000-7f5ddc21e000 rw-p 00000000 00:00 0 
7f5ddc21e000-7f5ddc238000 r-xp 00000000 08:06 147136                     /usr/lib/jvm/java-7-oracle/jre/lib/amd64/libzip.so
7f5ddc238000-7f5ddc438000 ---p 0001a000 08:06 147136                     /usr/lib/jvm/java-7-oracle/jre/lib/amd64/libzip.so
7f5ddc438000-7f5ddc439000 rw-p 0001a000 08:06 147136                     /usr/lib/jvm/java-7-oracle/jre/lib/amd64/libzip.so
7f5ddc439000-7f5ddc445000 r-xp 00000000 08:06 1190731                    /lib/x86_64-linux-gnu/libnss_files-2.15.so
7f5ddc445000-7f5ddc644000 ---p 0000c000 08:06 1190731                    /lib/x86_64-linux-gnu/libnss_files-2.15.so
7f5ddc644000-7f5ddc645000 r--p 0000b000 08:06 1190731                    /lib/x86_64-linux-gnu/libnss_files-2.15.so
7f5ddc645000-7f5ddc646000 rw-p 0000c000 08:06 1190731                    /lib/x86_64-linux-gnu/libnss_files-2.15.so
7f5ddc646000-7f5ddc650000 r-xp 00000000 08:06 1190655                    /lib/x86_64-linux-gnu/libnss_nis-2.15.so
7f5ddc650000-7f5ddc850000 ---p 0000a000 08:06 1190655                    /lib/x86_64-linux-gnu/libnss_nis-2.15.so
7f5ddc850000-7f5ddc851000 r--p 0000a000 08:06 1190655                    /lib/x86_64-linux-gnu/libnss_nis-2.15.so
7f5ddc851000-7f5ddc852000 rw-p 0000b000 08:06 1190655                    /lib/x86_64-linux-gnu/libnss_nis-2.15.so
7f5ddc852000-7f5ddc869000 r-xp 00000000 08:06 1190745                    /lib/x86_64-linux-gnu/libnsl-2.15.so
7f5ddc869000-7f5ddca68000 ---p 00017000 08:06 1190745                    /lib/x86_64-linux-gnu/libnsl-2.15.so
7f5ddca68000-7f5ddca69000 r--p 00016000 08:06 1190745                    /lib/x86_64-linux-gnu/libnsl-2.15.so
7f5ddca69000-7f5ddca6a000 rw-p 00017000 08:06 1190745                    /lib/x86_64-linux-gnu/libnsl-2.15.so
7f5ddca6a000-7f5ddca6c000 rw-p 00000000 00:00 0 
7f5ddca6c000-7f5ddca74000 r-xp 00000000 08:06 1190732                    /lib/x86_64-linux-gnu/libnss_compat-2.15.so
7f5ddca74000-7f5ddcc73000 ---p 00008000 08:06 1190732                    /lib/x86_64-linux-gnu/libnss_compat-2.15.so
7f5ddcc73000-7f5ddcc74000 r--p 00007000 08:06 1190732                    /lib/x86_64-linux-gnu/libnss_compat-2.15.so
7f5ddcc74000-7f5ddcc75000 rw-p 00008000 08:06 1190732                    /lib/x86_64-linux-gnu/libnss_compat-2.15.so
7f5ddcc75000-7f5ddcc9e000 r-xp 00000000 08:06 147089                     /usr/lib/jvm/java-7-oracle/jre/lib/amd64/libjava.so
7f5ddcc9e000-7f5ddce9e000 ---p 00029000 08:06 147089                     /usr/lib/jvm/java-7-oracle/jre/lib/amd64/libjava.so
7f5ddce9e000-7f5ddcea0000 rw-p 00029000 08:06 147089                     /usr/lib/jvm/java-7-oracle/jre/lib/amd64/libjava.so
7f5ddcea0000-7f5ddcead000 r-xp 00000000 08:06 147093                     /usr/lib/jvm/java-7-oracle/jre/lib/amd64/libverify.so
7f5ddcead000-7f5ddd0ac000 ---p 0000d000 08:06 147093                     /usr/lib/jvm/java-7-oracle/jre/lib/amd64/libverify.so
7f5ddd0ac000-7f5ddd0ae000 rw-p 0000c000 08:06 147093                     /usr/lib/jvm/java-7-oracle/jre/lib/amd64/libverify.so
7f5ddd0ae000-7f5ddd0b5000 r-xp 00000000 08:06 1190653                    /lib/x86_64-linux-gnu/librt-2.15.so
7f5ddd0b5000-7f5ddd2b4000 ---p 00007000 08:06 1190653                    /lib/x86_64-linux-gnu/librt-2.15.so
7f5ddd2b4000-7f5ddd2b5000 r--p 00006000 08:06 1190653                    /lib/x86_64-linux-gnu/librt-2.15.so
7f5ddd2b5000-7f5ddd2b6000 rw-p 00007000 08:06 1190653                    /lib/x86_64-linux-gnu/librt-2.15.so
7f5ddd2b6000-7f5ddd3b1000 r-xp 00000000 08:06 1190724                    /lib/x86_64-linux-gnu/libm-2.15.so
7f5ddd3b1000-7f5ddd5b0000 ---p 000fb000 08:06 1190724                    /lib/x86_64-linux-gnu/libm-2.15.so
7f5ddd5b0000-7f5ddd5b1000 r--p 000fa000 08:06 1190724                    /lib/x86_64-linux-gnu/libm-2.15.so
7f5ddd5b1000-7f5ddd5b2000 rw-p 000fb000 08:06 1190724                    /lib/x86_64-linux-gnu/libm-2.15.so
7f5ddd5b2000-7f5dddff9000 r-xp 00000000 08:06 147141                     /usr/lib/jvm/java-7-oracle/jre/lib/amd64/server/libjvm.so
7f5dddff9000-7f5dde1f9000 ---p 00a47000 08:06 147141                     /usr/lib/jvm/java-7-oracle/jre/lib/amd64/server/libjvm.so
7f5dde1f9000-7f5dde29c000 rw-p 00a47000 08:06 147141                     /usr/lib/jvm/java-7-oracle/jre/lib/amd64/server/libjvm.so
7f5dde29c000-7f5dde2d8000 rw-p 00000000 00:00 0 
7f5dde2d8000-7f5dde48d000 r-xp 00000000 08:06 1190614                    /lib/x86_64-linux-gnu/libc-2.15.so
7f5dde48d000-7f5dde68c000 ---p 001b5000 08:06 1190614                    /lib/x86_64-linux-gnu/libc-2.15.so
7f5dde68c000-7f5dde690000 r--p 001b4000 08:06 1190614                    /lib/x86_64-linux-gnu/libc-2.15.so
7f5dde690000-7f5dde692000 rw-p 001b8000 08:06 1190614                    /lib/x86_64-linux-gnu/libc-2.15.so
7f5dde692000-7f5dde697000 rw-p 00000000 00:00 0 
7f5dde697000-7f5dde699000 r-xp 00000000 08:06 1190613                    /lib/x86_64-linux-gnu/libdl-2.15.so
7f5dde699000-7f5dde899000 ---p 00002000 08:06 1190613                    /lib/x86_64-linux-gnu/libdl-2.15.so
7f5dde899000-7f5dde89a000 r--p 00002000 08:06 1190613                    /lib/x86_64-linux-gnu/libdl-2.15.so
7f5dde89a000-7f5dde89b000 rw-p 00003000 08:06 1190613                    /lib/x86_64-linux-gnu/libdl-2.15.so
7f5dde89b000-7f5dde8b1000 r-xp 00000000 08:06 147116                     /usr/lib/jvm/java-7-oracle/jre/lib/amd64/jli/libjli.so
7f5dde8b1000-7f5ddeab1000 ---p 00016000 08:06 147116                     /usr/lib/jvm/java-7-oracle/jre/lib/amd64/jli/libjli.so
7f5ddeab1000-7f5ddeab2000 rw-p 00016000 08:06 147116                     /usr/lib/jvm/java-7-oracle/jre/lib/amd64/jli/libjli.so
7f5ddeab2000-7f5ddeaca000 r-xp 00000000 08:06 1190624                    /lib/x86_64-linux-gnu/libpthread-2.15.so
7f5ddeaca000-7f5ddecc9000 ---p 00018000 08:06 1190624                    /lib/x86_64-linux-gnu/libpthread-2.15.so
7f5ddecc9000-7f5ddecca000 r--p 00017000 08:06 1190624                    /lib/x86_64-linux-gnu/libpthread-2.15.so
7f5ddecca000-7f5ddeccb000 rw-p 00018000 08:06 1190624                    /lib/x86_64-linux-gnu/libpthread-2.15.so
7f5ddeccb000-7f5ddeccf000 rw-p 00000000 00:00 0 
7f5ddeccf000-7f5ddecf1000 r-xp 00000000 08:06 1190735                    /lib/x86_64-linux-gnu/ld-2.15.so
7f5dded00000-7f5dded04000 r--s 0008a000 08:06 147216                     /usr/lib/jvm/java-7-oracle/jre/lib/jsse.jar
7f5dded04000-7f5dded0e000 r--s 00254000 08:06 147083                     /usr/lib/jvm/java-7-oracle/jre/lib/resources.jar
7f5dded0e000-7f5dded18000 rw-p 00000000 00:00 0 
7f5dded18000-7f5ddedce000 rw-p 00000000 00:00 0 
7f5ddedce000-7f5ddedd1000 ---p 00000000 00:00 0 
7f5ddedd1000-7f5ddeed3000 rw-p 00000000 00:00 0 
7f5ddeed8000-7f5ddeed9000 rw-p 00000000 00:00 0 
7f5ddeed9000-7f5ddeede000 r--s 00309000 08:02 187442                     /media/WINDOWS/Users/Xavier/Software/workspace/Eclipse Project/Projet_Billeterie/lib/sqlite-jdbc-3.7.2.jar
7f5ddeede000-7f5ddeee5000 r--s 00000000 08:06 4688                       /usr/lib/x86_64-linux-gnu/gconv/gconv-modules.cache
7f5ddeee5000-7f5ddeeed000 rw-s 00000000 08:06 661975                     /tmp/hsperfdata_xavier/9065
7f5ddeeed000-7f5ddeeee000 rw-p 00000000 00:00 0 
7f5ddeeee000-7f5ddeeef000 r--p 00000000 00:00 0 
7f5ddeeef000-7f5ddeef1000 rw-p 00000000 00:00 0 
7f5ddeef1000-7f5ddeef2000 r--p 00022000 08:06 1190735                    /lib/x86_64-linux-gnu/ld-2.15.so
7f5ddeef2000-7f5ddeef4000 rw-p 00023000 08:06 1190735                    /lib/x86_64-linux-gnu/ld-2.15.so
7fff51fc4000-7fff51fe5000 rw-p 00000000 00:00 0                          [stack]
7fff51fff000-7fff52000000 r-xp 00000000 00:00 0                          [vdso]
ffffffffff600000-ffffffffff601000 r-xp 00000000 00:00 0                  [vsyscall]

VM Arguments:
jvm_args: -Dfile.encoding=UTF-8 
java_command: ihm.fenetres.FenetrePrincipale
Launcher Type: SUN_STANDARD

Environment Variables:
PATH=/usr/lib/lightdm/lightdm:/usr/local/sbin:/usr/local/bin:/usr/sbin:/usr/bin:/sbin:/bin:/usr/games
SHELL=/bin/bash
DISPLAY=:0.0

Signal Handlers:
SIGSEGV: [libjvm.so+0x8a5d70], sa_mask[0]=0x7ffbfeff, sa_flags=0x10000004
SIGBUS: [libjvm.so+0x8a5d70], sa_mask[0]=0x7ffbfeff, sa_flags=0x10000004
SIGFPE: [libjvm.so+0x741e50], sa_mask[0]=0x7ffbfeff, sa_flags=0x10000004
SIGPIPE: [libjvm.so+0x741e50], sa_mask[0]=0x7ffbfeff, sa_flags=0x10000004
SIGXFSZ: [libjvm.so+0x741e50], sa_mask[0]=0x7ffbfeff, sa_flags=0x10000004
SIGILL: [libjvm.so+0x741e50], sa_mask[0]=0x7ffbfeff, sa_flags=0x10000004
SIGUSR1: SIG_DFL, sa_mask[0]=0x00000000, sa_flags=0x00000000
SIGUSR2: [libjvm.so+0x7417a0], sa_mask[0]=0x00000004, sa_flags=0x10000004
SIGHUP: [libjvm.so+0x743b30], sa_mask[0]=0x7ffbfeff, sa_flags=0x10000004
SIGINT: [libjvm.so+0x743b30], sa_mask[0]=0x7ffbfeff, sa_flags=0x10000004
SIGTERM: [libjvm.so+0x743b30], sa_mask[0]=0x7ffbfeff, sa_flags=0x10000004
SIGQUIT: [libjvm.so+0x743b30], sa_mask[0]=0x7ffbfeff, sa_flags=0x10000004


---------------  S Y S T E M  ---------------

OS:wheezy/sid

uname:Linux 3.2.0-40-generic #64-Ubuntu SMP Mon Mar 25 21:22:10 UTC 2013 x86_64
libc:glibc 2.15 NPTL 2.15 
rlimit: STACK 8192k, CORE 0k, NPROC 30408, NOFILE 4096, AS infinity
load average:0,10 0,30 0,38

/proc/meminfo:
MemTotal:        3909972 kB
MemFree:         1259448 kB
Buffers:          255524 kB
Cached:           889004 kB
SwapCached:            0 kB
Active:          1410480 kB
Inactive:         874504 kB
Active(anon):    1141252 kB
Inactive(anon):     2228 kB
Active(file):     269228 kB
Inactive(file):   872276 kB
Unevictable:           0 kB
Mlocked:               0 kB
SwapTotal:       3905532 kB
SwapFree:        3905532 kB
Dirty:               216 kB
Writeback:             0 kB
AnonPages:       1140644 kB
Mapped:           276976 kB
Shmem:              3028 kB
Slab:              72128 kB
SReclaimable:      43152 kB
SUnreclaim:        28976 kB
KernelStack:        3632 kB
PageTables:        25476 kB
NFS_Unstable:          0 kB
Bounce:                0 kB
WritebackTmp:          0 kB
CommitLimit:     5860516 kB
Committed_AS:    3443696 kB
VmallocTotal:   34359738367 kB
VmallocUsed:      304632 kB
VmallocChunk:   34359431528 kB
HardwareCorrupted:     0 kB
AnonHugePages:         0 kB
HugePages_Total:       0
HugePages_Free:        0
HugePages_Rsvd:        0
HugePages_Surp:        0
Hugepagesize:       2048 kB
DirectMap4k:      143360 kB
DirectMap2M:     3911680 kB


CPU:total 4 (2 cores per cpu, 2 threads per core) family 6 model 37 stepping 2, cmov, cx8, fxsr, mmx, sse, sse2, sse3, ssse3, sse4.1, sse4.2, popcnt, ht, tsc, tscinvbit

/proc/cpuinfo:
processor	: 0
vendor_id	: GenuineIntel
cpu family	: 6
model		: 37
model name	: Intel(R) Core(TM) i3 CPU       M 330  @ 2.13GHz
stepping	: 2
microcode	: 0x8
cpu MHz		: 2133.000
cache size	: 3072 KB
physical id	: 0
siblings	: 4
core id		: 0
cpu cores	: 2
apicid		: 0
initial apicid	: 0
fpu		: yes
fpu_exception	: yes
cpuid level	: 11
wp		: yes
flags		: fpu vme de pse tsc msr pae mce cx8 apic sep mtrr pge mca cmov pat pse36 clflush dts acpi mmx fxsr sse sse2 ss ht tm pbe syscall nx rdtscp lm constant_tsc arch_perfmon pebs bts nopl xtopology nonstop_tsc aperfmperf pni dtes64 monitor ds_cpl vmx est tm2 ssse3 cx16 xtpr pdcm sse4_1 sse4_2 popcnt lahf_lm arat dtherm tpr_shadow vnmi flexpriority ept vpid
bogomips	: 4256.21
clflush size	: 64
cache_alignment	: 64
address sizes	: 36 bits physical, 48 bits virtual
power management:

processor	: 1
vendor_id	: GenuineIntel
cpu family	: 6
model		: 37
model name	: Intel(R) Core(TM) i3 CPU       M 330  @ 2.13GHz
stepping	: 2
microcode	: 0x8
cpu MHz		: 933.000
cache size	: 3072 KB
physical id	: 0
siblings	: 4
core id		: 0
cpu cores	: 2
apicid		: 1
initial apicid	: 1
fpu		: yes
fpu_exception	: yes
cpuid level	: 11
wp		: yes
flags		: fpu vme de pse tsc msr pae mce cx8 apic sep mtrr pge mca cmov pat pse36 clflush dts acpi mmx fxsr sse sse2 ss ht tm pbe syscall nx rdtscp lm constant_tsc arch_perfmon pebs bts nopl xtopology nonstop_tsc aperfmperf pni dtes64 monitor ds_cpl vmx est tm2 ssse3 cx16 xtpr pdcm sse4_1 sse4_2 popcnt lahf_lm arat dtherm tpr_shadow vnmi flexpriority ept vpid
bogomips	: 4255.90
clflush size	: 64
cache_alignment	: 64
address sizes	: 36 bits physical, 48 bits virtual
power management:

processor	: 2
vendor_id	: GenuineIntel
cpu family	: 6
model		: 37
model name	: Intel(R) Core(TM) i3 CPU       M 330  @ 2.13GHz
stepping	: 2
microcode	: 0x8
cpu MHz		: 933.000
cache size	: 3072 KB
physical id	: 0
siblings	: 4
core id		: 2
cpu cores	: 2
apicid		: 4
initial apicid	: 4
fpu		: yes
fpu_exception	: yes
cpuid level	: 11
wp		: yes
flags		: fpu vme de pse tsc msr pae mce cx8 apic sep mtrr pge mca cmov pat pse36 clflush dts acpi mmx fxsr sse sse2 ss ht tm pbe syscall nx rdtscp lm constant_tsc arch_perfmon pebs bts nopl xtopology nonstop_tsc aperfmperf pni dtes64 monitor ds_cpl vmx est tm2 ssse3 cx16 xtpr pdcm sse4_1 sse4_2 popcnt lahf_lm arat dtherm tpr_shadow vnmi flexpriority ept vpid
bogomips	: 4255.91
clflush size	: 64
cache_alignment	: 64
address sizes	: 36 bits physical, 48 bits virtual
power management:

processor	: 3
vendor_id	: GenuineIntel
cpu family	: 6
model		: 37
model name	: Intel(R) Core(TM) i3 CPU       M 330  @ 2.13GHz
stepping	: 2
microcode	: 0x8
cpu MHz		: 2133.000
cache size	: 3072 KB
physical id	: 0
siblings	: 4
core id		: 2
cpu cores	: 2
apicid		: 5
initial apicid	: 5
fpu		: yes
fpu_exception	: yes
cpuid level	: 11
wp		: yes
flags		: fpu vme de pse tsc msr pae mce cx8 apic sep mtrr pge mca cmov pat pse36 clflush dts acpi mmx fxsr sse sse2 ss ht tm pbe syscall nx rdtscp lm constant_tsc arch_perfmon pebs bts nopl xtopology nonstop_tsc aperfmperf pni dtes64 monitor ds_cpl vmx est tm2 ssse3 cx16 xtpr pdcm sse4_1 sse4_2 popcnt lahf_lm arat dtherm tpr_shadow vnmi flexpriority ept vpid
bogomips	: 4255.91
clflush size	: 64
cache_alignment	: 64
address sizes	: 36 bits physical, 48 bits virtual
power management:



Memory: 4k page, physical 3909972k(1259448k free), swap 3905532k(3905532k free)

vm_info: Java HotSpot(TM) 64-Bit Server VM (23.7-b01) for linux-amd64 JRE (1.7.0_17-b02), built on Mar  1 2013 02:59:06 by "java_re" with gcc 4.3.0 20080428 (Red Hat 4.3.0-8)

time: Sat Apr 13 18:40:05 2013
elapsed time: 3 seconds

