#
# A fatal error has been detected by the Java Runtime Environment:
#
#  SIGSEGV (0xb) at pc=0x00007f1b8c737e9f, pid=8725, tid=139755969074944
#
# JRE version: 7.0_17-b02
# Java VM: Java HotSpot(TM) 64-Bit Server VM (23.7-b01 mixed mode linux-amd64 compressed oops)
# Problematic frame:
# V  [libjvm.so+0x57be9f]  jni_GetStringUTFChars+0x9f
#
# Failed to write core dump. Core dumps have been disabled. To enable core dumping, try "ulimit -c unlimited" before starting Java again
#
# If you would like to submit a bug report, please visit:
#   http://bugreport.sun.com/bugreport/crash.jsp
#

---------------  T H R E A D  ---------------

Current thread (0x00007f1b8424a000):  JavaThread "AWT-EventQueue-0" [_thread_in_vm, id=8746, stack(0x00007f1b78d45000,0x00007f1b78e46000)]

siginfo:si_signo=SIGSEGV: si_errno=0, si_code=1 (SEGV_MAPERR), si_addr=0x0000000000000000

Registers:
RAX=0x0000000000000000, RBX=0x00007f1b8424a000, RCX=0x00000000eca640a8, RDX=0x00007f1b8ceb60e0
RSP=0x00007f1b78e42a00, RBP=0x00007f1b78e42a70, RSI=0x0000000000000000, RDI=0x00007f1b8424a1d8
R8 =0x00007f1b38239f58, R9 =0x00000000eca640a8, R10=0x0000000000000026, R11=0x00007f1b8ceb60e8
R12=0x0000000000000000, R13=0x0000000000000000, R14=0x00007f1b78e42b48, R15=0x00007f1b8424a000
RIP=0x00007f1b8c737e9f, EFLAGS=0x0000000000010246, CSGSFS=0x0000000000000033, ERR=0x0000000000000004
  TRAPNO=0x000000000000000e

Top of Stack: (sp=0x00007f1b78e42a00)
0x00007f1b78e42a00:   0000000000000000 0000000000000000
0x00007f1b78e42a10:   00007f1b8424a000 0000000000000000
0x00007f1b78e42a20:   00007f1b81006158 00000000ecab1a98
0x00007f1b78e42a30:   00007f1b8424a000 00000000bf8623b1
0x00007f1b78e42a40:   00007f1b78e42a80 00000000bf7f6010
0x00007f1b78e42a50:   00007f1b38048df8 0000000000000000
0x00007f1b78e42a60:   00007f1b78e42b48 00007f1b8424a000
0x00007f1b78e42a70:   00007f1b8424a1d8 00007f1b78aca2b0
0x00007f1b78e42a80:   00000000ecab1a98 00007f1b78e42a88
0x00007f1b78e42a90:   00000000bf7f6010 00007f1b78e42b20
0x00007f1b78e42aa0:   0000000000000000 00000000bf7f6008
0x00007f1b78e42ab0:   00007f1b78e42b48 00007f1b81012963
0x00007f1b78e42ac0:   0000000000000000 00007f1b81012e74
0x00007f1b78e42ad0:   00007f1b81006158 00000000eca640a8
0x00007f1b78e42ae0:   00007f1b78e42ad0 0000000000000000
0x00007f1b78e42af0:   00007f1b78e42b48 00000000bf800420
0x00007f1b78e42b00:   0000000000000000 00000000bf7f6010
0x00007f1b78e42b10:   0000000000000000 00007f1b78e42b40
0x00007f1b78e42b20:   00007f1b78e42ba8 00007f1b81006275
0x00007f1b78e42b30:   0000000000000000 00007f1b8100edd7
0x00007f1b78e42b40:   0000000000000000 00000000eca640a8
0x00007f1b78e42b50:   00000000ecab1a40 0000000000000000
0x00007f1b78e42b60:   00000000eca640a8 00007f1b78e42b58
0x00007f1b78e42b70:   00000000bf7faacd 00007f1b78e42bc0
0x00007f1b78e42b80:   00000000bf7ffc80 0000000000000000
0x00007f1b78e42b90:   00000000bf7fab18 00007f1b78e42b40
0x00007f1b78e42ba0:   00007f1b78e42bb8 00007f1b78e42c08
0x00007f1b78e42bb0:   00007f1b81006158 00000000ecab1a40
0x00007f1b78e42bc0:   00000000eca640a8 00007f1b78e42bc8
0x00007f1b78e42bd0:   00000000bf85fbfe 00007f1b78e42c20
0x00007f1b78e42be0:   00000000bf874be8 0000000000000000
0x00007f1b78e42bf0:   00000000bf85fc48 00007f1b78e42bb8 

Instructions: (pc=0x00007f1b8c737e9f)
0x00007f1b8c737e7f:   48 89 5d c0 48 89 5d a0 48 c7 45 a8 00 00 00 00
0x00007f1b8c737e8f:   48 83 7b 08 00 74 09 48 8d 7d a0 e8 e1 1a 21 00
0x00007f1b8c737e9f:   4d 8b 3c 24 4c 89 ff e8 65 8f fd ff 41 89 c5 48
0x00007f1b8c737eaf:   98 4c 8d 60 01 4c 89 e7 e8 14 29 1c 00 48 85 c0 

Register to memory mapping:

RAX=0x0000000000000000 is an unknown value
RBX=0x00007f1b8424a000 is a thread
RCX=0x00000000eca640a8 is an oop
org.sqlite.NativeDB 
 - klass: 'org/sqlite/NativeDB'
RDX=0x00007f1b8ceb60e0: <offset 0xcfa0e0> in /usr/lib/jvm/java-7-oracle/jre/lib/amd64/server/libjvm.so at 0x00007f1b8c1bc000
RSP=0x00007f1b78e42a00 is pointing into the stack for thread: 0x00007f1b8424a000
RBP=0x00007f1b78e42a70 is pointing into the stack for thread: 0x00007f1b8424a000
RSI=0x0000000000000000 is an unknown value
RDI=0x00007f1b8424a1d8 is an unknown value
R8 =0x00007f1b38239f58 is an unknown value
R9 =0x00000000eca640a8 is an oop
org.sqlite.NativeDB 
 - klass: 'org/sqlite/NativeDB'
R10=0x0000000000000026 is an unknown value
R11=0x00007f1b8ceb60e8: <offset 0xcfa0e8> in /usr/lib/jvm/java-7-oracle/jre/lib/amd64/server/libjvm.so at 0x00007f1b8c1bc000
R12=0x0000000000000000 is an unknown value
R13=0x0000000000000000 is an unknown value
R14=0x00007f1b78e42b48 is pointing into the stack for thread: 0x00007f1b8424a000
R15=0x00007f1b8424a000 is a thread


Stack: [0x00007f1b78d45000,0x00007f1b78e46000],  sp=0x00007f1b78e42a00,  free space=1014k
Native frames: (J=compiled Java code, j=interpreted, Vv=VM code, C=native code)
V  [libjvm.so+0x57be9f]  jni_GetStringUTFChars+0x9f

Java frames: (J=compiled Java code, j=interpreted, Vv=VM code)
j  org.sqlite.NativeDB.prepare(Ljava/lang/String;)J+0
j  org.sqlite.DB.prepare(Lorg/sqlite/Stmt;)V+21
j  org.sqlite.Stmt.executeQuery(Ljava/lang/String;)Ljava/sql/ResultSet;+14
j  modele.SQLiteImpl.query(Ljava/lang/String;)Ljava/util/List;+38
j  modele.DataBase.getObjets(Ljava/lang/String;)Ljava/util/List;+5
j  modele.ListeObjet.recherche(Ljava/lang/String;)V+26
j  ihm.barresOutils.BarreOutilsPersonnes$RechercheAction.actionPerformed(Ljava/awt/event/ActionEvent;)V+20
j  javax.swing.AbstractButton.fireActionPerformed(Ljava/awt/event/ActionEvent;)V+84
j  javax.swing.AbstractButton$Handler.actionPerformed(Ljava/awt/event/ActionEvent;)V+5
j  javax.swing.DefaultButtonModel.fireActionPerformed(Ljava/awt/event/ActionEvent;)V+35
j  javax.swing.DefaultButtonModel.setPressed(Z)V+117
j  javax.swing.plaf.basic.BasicButtonListener.mouseReleased(Ljava/awt/event/MouseEvent;)V+35
j  java.awt.Component.processMouseEvent(Ljava/awt/event/MouseEvent;)V+64
j  javax.swing.JComponent.processMouseEvent(Ljava/awt/event/MouseEvent;)V+23
j  java.awt.Component.processEvent(Ljava/awt/AWTEvent;)V+81
j  java.awt.Container.processEvent(Ljava/awt/AWTEvent;)V+18
j  java.awt.Component.dispatchEventImpl(Ljava/awt/AWTEvent;)V+581
j  java.awt.Container.dispatchEventImpl(Ljava/awt/AWTEvent;)V+42
J  java.awt.LightweightDispatcher.retargetMouseEvent(Ljava/awt/Component;ILjava/awt/event/MouseEvent;)V
j  java.awt.LightweightDispatcher.processMouseEvent(Ljava/awt/event/MouseEvent;)Z+139
j  java.awt.LightweightDispatcher.dispatchEvent(Ljava/awt/AWTEvent;)Z+50
j  java.awt.Container.dispatchEventImpl(Ljava/awt/AWTEvent;)V+12
j  java.awt.Window.dispatchEventImpl(Ljava/awt/AWTEvent;)V+19
j  java.awt.Component.dispatchEvent(Ljava/awt/AWTEvent;)V+2
j  java.awt.EventQueue.dispatchEventImpl(Ljava/awt/AWTEvent;Ljava/lang/Object;)V+41
j  java.awt.EventQueue.access$200(Ljava/awt/EventQueue;Ljava/awt/AWTEvent;Ljava/lang/Object;)V+3
j  java.awt.EventQueue$3.run()Ljava/lang/Void;+12
j  java.awt.EventQueue$3.run()Ljava/lang/Object;+1
v  ~StubRoutines::call_stub
j  java.security.AccessController.doPrivileged(Ljava/security/PrivilegedAction;Ljava/security/AccessControlContext;)Ljava/lang/Object;+0
j  java.security.ProtectionDomain$1.doIntersectionPrivilege(Ljava/security/PrivilegedAction;Ljava/security/AccessControlContext;Ljava/security/AccessControlContext;)Ljava/lang/Object;+28
j  java.security.ProtectionDomain$1.doIntersectionPrivilege(Ljava/security/PrivilegedAction;Ljava/security/AccessControlContext;)Ljava/lang/Object;+6
j  java.awt.EventQueue$4.run()Ljava/lang/Void;+11
j  java.awt.EventQueue$4.run()Ljava/lang/Object;+1
v  ~StubRoutines::call_stub
j  java.security.AccessController.doPrivileged(Ljava/security/PrivilegedAction;Ljava/security/AccessControlContext;)Ljava/lang/Object;+0
j  java.security.ProtectionDomain$1.doIntersectionPrivilege(Ljava/security/PrivilegedAction;Ljava/security/AccessControlContext;Ljava/security/AccessControlContext;)Ljava/lang/Object;+28
j  java.awt.EventQueue.dispatchEvent(Ljava/awt/AWTEvent;)V+73
j  java.awt.EventDispatchThread.pumpOneEventForFilters(I)V+245
j  java.awt.EventDispatchThread.pumpEventsForFilter(ILjava/awt/Conditional;Ljava/awt/EventFilter;)V+35
j  java.awt.EventDispatchThread.pumpEventsForHierarchy(ILjava/awt/Conditional;Ljava/awt/Component;)V+11
j  java.awt.EventDispatchThread.pumpEvents(ILjava/awt/Conditional;)V+4
j  java.awt.EventDispatchThread.pumpEvents(Ljava/awt/Conditional;)V+3
j  java.awt.EventDispatchThread.run()V+9
v  ~StubRoutines::call_stub

---------------  P R O C E S S  ---------------

Java Threads: ( => current thread )
  0x00007f1b381c7800 JavaThread "TimerQueue" daemon [_thread_blocked, id=8747, stack(0x00007f1b78127000,0x00007f1b78228000)]
  0x00007f1b84009000 JavaThread "DestroyJavaVM" [_thread_blocked, id=8730, stack(0x00007f1b8d9d8000,0x00007f1b8dad9000)]
=>0x00007f1b8424a000 JavaThread "AWT-EventQueue-0" [_thread_in_vm, id=8746, stack(0x00007f1b78d45000,0x00007f1b78e46000)]
  0x00007f1b84248000 JavaThread "AWT-Shutdown" [_thread_blocked, id=8745, stack(0x00007f1b78e46000,0x00007f1b78f47000)]
  0x00007f1b84243800 JavaThread "AWT-XAWT" daemon [_thread_in_native, id=8744, stack(0x00007f1b78f47000,0x00007f1b79048000)]
  0x00007f1b84214000 JavaThread "Java2D Disposer" daemon [_thread_blocked, id=8743, stack(0x00007f1b79458000,0x00007f1b79559000)]
  0x00007f1b840f0800 JavaThread "Service Thread" daemon [_thread_blocked, id=8741, stack(0x00007f1b7ad0c000,0x00007f1b7ae0d000)]
  0x00007f1b840ee000 JavaThread "C2 CompilerThread1" daemon [_thread_blocked, id=8740, stack(0x00007f1b7ae0d000,0x00007f1b7af0e000)]
  0x00007f1b840eb000 JavaThread "C2 CompilerThread0" daemon [_thread_blocked, id=8739, stack(0x00007f1b7af0e000,0x00007f1b7b00f000)]
  0x00007f1b840e9000 JavaThread "Signal Dispatcher" daemon [_thread_blocked, id=8738, stack(0x00007f1b7b00f000,0x00007f1b7b110000)]
  0x00007f1b8409c000 JavaThread "Finalizer" daemon [_thread_blocked, id=8737, stack(0x00007f1b7b7f8000,0x00007f1b7b8f9000)]
  0x00007f1b84099800 JavaThread "Reference Handler" daemon [_thread_blocked, id=8736, stack(0x00007f1b7b8f9000,0x00007f1b7b9fa000)]

Other Threads:
  0x00007f1b84092000 VMThread [stack: 0x00007f1b7b9fa000,0x00007f1b7bafb000] [id=8735]
  0x00007f1b840fb000 WatcherThread [stack: 0x00007f1b7ac0b000,0x00007f1b7ad0c000] [id=8742]

VM state:not at safepoint (normal execution)

VM Mutex/Monitor currently owned by a thread: None

Heap
 PSYoungGen      total 17856K, used 9849K [0x00000000ec160000, 0x00000000ed540000, 0x0000000100000000)
  eden space 15360K, 64% used [0x00000000ec160000,0x00000000ecafe5f0,0x00000000ed060000)
  from space 2496K, 0% used [0x00000000ed2d0000,0x00000000ed2d0000,0x00000000ed540000)
  to   space 2496K, 0% used [0x00000000ed060000,0x00000000ed060000,0x00000000ed2d0000)
 ParOldGen       total 40768K, used 0K [0x00000000c4400000, 0x00000000c6bd0000, 0x00000000ec160000)
  object space 40768K, 0% used [0x00000000c4400000,0x00000000c4400000,0x00000000c6bd0000)
 PSPermGen       total 21248K, used 12954K [0x00000000bf200000, 0x00000000c06c0000, 0x00000000c4400000)
  object space 21248K, 60% used [0x00000000bf200000,0x00000000bfea6a20,0x00000000c06c0000)

Card table byte_map: [0x00007f1b8ac20000,0x00007f1b8ae28000] byte_map_base: 0x00007f1b8a627000

Polling page: 0x00007f1b8daf8000

Code Cache  [0x00007f1b81000000, 0x00007f1b81270000, 0x00007f1b84000000)
 total_blobs=583 nmethods=115 adapters=420 free_code_cache=48371Kb largest_free_block=49500736

Compilation events (10 events):
Event: 33,216 Thread 0x00007f1b840eb000  111             java.awt.Component$1::isLightweight (8 bytes)
Event: 33,217 Thread 0x00007f1b840eb000 nmethod 111 0x00007f1b8107a090 code [0x00007f1b8107a1e0, 0x00007f1b8107a298]
Event: 33,223 Thread 0x00007f1b840ee000  112             sun.awt.X11.XGlobalCursorManager::getCapableCursor (138 bytes)
Event: 33,223 Thread 0x00007f1b840eb000  113             sun.awt.SunToolkit::getHeavyweightComponent (31 bytes)
Event: 33,227 Thread 0x00007f1b840eb000 nmethod 113 0x00007f1b81079d10 code [0x00007f1b81079e60, 0x00007f1b81079f78]
Event: 33,232 Thread 0x00007f1b840ee000 nmethod 112 0x00007f1b81079510 code [0x00007f1b810796a0, 0x00007f1b810799b8]
Event: 35,521 Thread 0x00007f1b840eb000  114             java.awt.Component::getInputContext (16 bytes)
Event: 35,522 Thread 0x00007f1b840eb000 nmethod 114 0x00007f1b810791d0 code [0x00007f1b81079320, 0x00007f1b810793b8]
Event: 35,912 Thread 0x00007f1b840ee000  115             java.lang.StringBuilder::append (8 bytes)
Event: 35,922 Thread 0x00007f1b840ee000 nmethod 115 0x00007f1b8107b8d0 code [0x00007f1b8107ba40, 0x00007f1b8107bdf8]

GC Heap History (0 events):
No events

Deoptimization events (10 events):
Event: 0,534 Thread 0x00007f1b8424a000 Uncommon trap 18 fr.pc 0x00007f1b8107cccc
Event: 0,535 Thread 0x00007f1b8424a000 Uncommon trap -83 fr.pc 0x00007f1b8107b950
Event: 0,831 Thread 0x00007f1b8424a000 Uncommon trap -34 fr.pc 0x00007f1b81079a8c
Event: 0,831 Thread 0x00007f1b8424a000 Uncommon trap -34 fr.pc 0x00007f1b81079a8c
Event: 0,832 Thread 0x00007f1b8424a000 Uncommon trap -34 fr.pc 0x00007f1b81079a8c
Event: 0,832 Thread 0x00007f1b8424a000 Uncommon trap -34 fr.pc 0x00007f1b81079a8c
Event: 4,783 Thread 0x00007f1b8424a000 Uncommon trap -34 fr.pc 0x00007f1b8108b754
Event: 4,783 Thread 0x00007f1b8424a000 Uncommon trap -34 fr.pc 0x00007f1b8108b754
Event: 4,918 Thread 0x00007f1b8424a000 Uncommon trap -34 fr.pc 0x00007f1b8108b754
Event: 4,918 Thread 0x00007f1b8424a000 Uncommon trap -34 fr.pc 0x00007f1b8108b754

Internal exceptions (10 events):
Event: 0,797 Thread 0x00007f1b8424a000 Threw 0x00000000ec4c9ee8 at /HUDSON/workspace/jdk7u17-2-build-linux-amd64-product/jdk7u17/hotspot/src/share/vm/prims/jvm.cpp:1166
Event: 0,902 Thread 0x00007f1b8424a000 Threw 0x00000000ec5dc7d0 at /HUDSON/workspace/jdk7u17-2-build-linux-amd64-product/jdk7u17/hotspot/src/share/vm/prims/jvm.cpp:1166
Event: 1,182 Thread 0x00007f1b8424a000 Threw 0x00000000ec68f7f0 at /HUDSON/workspace/jdk7u17-2-build-linux-amd64-product/jdk7u17/hotspot/src/share/vm/prims/jni.cpp:742
Event: 3,100 Thread 0x00007f1b8424a000 Threw 0x00000000ec6ce5c8 at /HUDSON/workspace/jdk7u17-2-build-linux-amd64-product/jdk7u17/hotspot/src/share/vm/prims/jvm.cpp:1166
Event: 3,103 Thread 0x00007f1b8424a000 Threw 0x00000000ec6d0ff0 at /HUDSON/workspace/jdk7u17-2-build-linux-amd64-product/jdk7u17/hotspot/src/share/vm/prims/jvm.cpp:1166
Event: 3,114 Thread 0x00007f1b8424a000 Threw 0x00000000ec6e69b0 at /HUDSON/workspace/jdk7u17-2-build-linux-amd64-product/jdk7u17/hotspot/src/share/vm/prims/jvm.cpp:1166
Event: 3,160 Thread 0x00007f1b8424a000 Threw 0x00000000ec702398 at /HUDSON/workspace/jdk7u17-2-build-linux-amd64-product/jdk7u17/hotspot/src/share/vm/prims/jni.cpp:742
Event: 6,726 Thread 0x00007f1b8424a000 Threw 0x00000000ec78c0b8 at /HUDSON/workspace/jdk7u17-2-build-linux-amd64-product/jdk7u17/hotspot/src/share/vm/prims/jvm.cpp:1166
Event: 6,726 Thread 0x00007f1b8424a000 Threw 0x00000000ec78fd20 at /HUDSON/workspace/jdk7u17-2-build-linux-amd64-product/jdk7u17/hotspot/src/share/vm/prims/jvm.cpp:1166
Event: 21,884 Thread 0x00007f1b8424a000 Threw 0x00000000ec92d948 at /HUDSON/workspace/jdk7u17-2-build-linux-amd64-product/jdk7u17/hotspot/src/share/vm/prims/jni.cpp:742

Events (10 events):
Event: 24,222 loading class 0x00007f1b841b6d00 done
Event: 24,222 Executing VM operation: Deoptimize
Event: 24,222 Executing VM operation: Deoptimize done
Event: 24,222 loading class 0x00007f1b841b6e30
Event: 24,223 loading class 0x00007f1b841b6e30 done
Event: 25,977 Executing VM operation: BulkRevokeBias
Event: 25,977 Executing VM operation: BulkRevokeBias done
Event: 31,821 Thread 0x00007f1b840eb000 flushing nmethod 0x00007f1b810791d0
Event: 32,100 Thread 0x00007f1b840ee000 flushing nmethod 0x00007f1b8107b010
Event: 32,100 Thread 0x00007f1b840ee000 flushing nmethod 0x00007f1b8107ca90


Dynamic libraries:
00400000-00401000 r-xp 00000000 08:06 145006                             /usr/lib/jvm/java-7-oracle/bin/java
00600000-00601000 rw-p 00000000 08:06 145006                             /usr/lib/jvm/java-7-oracle/bin/java
00d0b000-00d2c000 rw-p 00000000 00:00 0                                  [heap]
bf200000-c06c0000 rw-p 00000000 00:00 0 
c06c0000-c4400000 rw-p 00000000 00:00 0 
c4400000-c6bd0000 rw-p 00000000 00:00 0 
c6bd0000-ec160000 rw-p 00000000 00:00 0 
ec160000-ed540000 rw-p 00000000 00:00 0 
ed540000-100000000 rw-p 00000000 00:00 0 
7f1b2c000000-7f1b2c021000 rw-p 00000000 00:00 0 
7f1b2c021000-7f1b30000000 ---p 00000000 00:00 0 
7f1b34000000-7f1b34021000 rw-p 00000000 00:00 0 
7f1b34021000-7f1b38000000 ---p 00000000 00:00 0 
7f1b38000000-7f1b383e0000 rw-p 00000000 00:00 0 
7f1b383e0000-7f1b3c000000 ---p 00000000 00:00 0 
7f1b3c000000-7f1b3c021000 rw-p 00000000 00:00 0 
7f1b3c021000-7f1b40000000 ---p 00000000 00:00 0 
7f1b40000000-7f1b40021000 rw-p 00000000 00:00 0 
7f1b40021000-7f1b44000000 ---p 00000000 00:00 0 
7f1b44000000-7f1b44021000 rw-p 00000000 00:00 0 
7f1b44021000-7f1b48000000 ---p 00000000 00:00 0 
7f1b48000000-7f1b48021000 rw-p 00000000 00:00 0 
7f1b48021000-7f1b4c000000 ---p 00000000 00:00 0 
7f1b4c000000-7f1b4c873000 rw-p 00000000 00:00 0 
7f1b4c873000-7f1b50000000 ---p 00000000 00:00 0 
7f1b50000000-7f1b502ee000 rw-p 00000000 00:00 0 
7f1b502ee000-7f1b54000000 ---p 00000000 00:00 0 
7f1b54000000-7f1b54021000 rw-p 00000000 00:00 0 
7f1b54021000-7f1b58000000 ---p 00000000 00:00 0 
7f1b58000000-7f1b58021000 rw-p 00000000 00:00 0 
7f1b58021000-7f1b5c000000 ---p 00000000 00:00 0 
7f1b5c000000-7f1b5c021000 rw-p 00000000 00:00 0 
7f1b5c021000-7f1b60000000 ---p 00000000 00:00 0 
7f1b60000000-7f1b60021000 rw-p 00000000 00:00 0 
7f1b60021000-7f1b64000000 ---p 00000000 00:00 0 
7f1b64000000-7f1b64021000 rw-p 00000000 00:00 0 
7f1b64021000-7f1b68000000 ---p 00000000 00:00 0 
7f1b6c000000-7f1b6c021000 rw-p 00000000 00:00 0 
7f1b6c021000-7f1b70000000 ---p 00000000 00:00 0 
7f1b73c48000-7f1b73d81000 rw-p 00000000 00:00 0 
7f1b73d81000-7f1b73de9000 r-xp 00000000 08:06 147104                     /usr/lib/jvm/java-7-oracle/jre/lib/amd64/libt2k.so
7f1b73de9000-7f1b73fe9000 ---p 00068000 08:06 147104                     /usr/lib/jvm/java-7-oracle/jre/lib/amd64/libt2k.so
7f1b73fe9000-7f1b73ff0000 rw-p 00068000 08:06 147104                     /usr/lib/jvm/java-7-oracle/jre/lib/amd64/libt2k.so
7f1b73ff0000-7f1b74000000 rw-p 00000000 00:00 0 
7f1b74000000-7f1b74021000 rw-p 00000000 00:00 0 
7f1b74021000-7f1b78000000 ---p 00000000 00:00 0 
7f1b78127000-7f1b7812a000 ---p 00000000 00:00 0 
7f1b7812a000-7f1b78228000 rw-p 00000000 00:00 0 
7f1b78228000-7f1b78238000 r-xp 00000000 08:06 147088                     /usr/lib/jvm/java-7-oracle/jre/lib/amd64/libnio.so
7f1b78238000-7f1b78438000 ---p 00010000 08:06 147088                     /usr/lib/jvm/java-7-oracle/jre/lib/amd64/libnio.so
7f1b78438000-7f1b78439000 rw-p 00010000 08:06 147088                     /usr/lib/jvm/java-7-oracle/jre/lib/amd64/libnio.so
7f1b78439000-7f1b7844e000 r-xp 00000000 08:06 147103                     /usr/lib/jvm/java-7-oracle/jre/lib/amd64/libnet.so
7f1b7844e000-7f1b7864e000 ---p 00015000 08:06 147103                     /usr/lib/jvm/java-7-oracle/jre/lib/amd64/libnet.so
7f1b7864e000-7f1b7864f000 rw-p 00015000 08:06 147103                     /usr/lib/jvm/java-7-oracle/jre/lib/amd64/libnet.so
7f1b7864f000-7f1b78664000 r-xp 00000000 08:06 1183589                    /lib/x86_64-linux-gnu/libgcc_s.so.1
7f1b78664000-7f1b78863000 ---p 00015000 08:06 1183589                    /lib/x86_64-linux-gnu/libgcc_s.so.1
7f1b78863000-7f1b78864000 r--p 00014000 08:06 1183589                    /lib/x86_64-linux-gnu/libgcc_s.so.1
7f1b78864000-7f1b78865000 rw-p 00015000 08:06 1183589                    /lib/x86_64-linux-gnu/libgcc_s.so.1
7f1b78865000-7f1b788a9000 r-xp 00000000 08:06 147111                     /usr/lib/jvm/java-7-oracle/jre/lib/amd64/libfontmanager.so
7f1b788a9000-7f1b78aa9000 ---p 00044000 08:06 147111                     /usr/lib/jvm/java-7-oracle/jre/lib/amd64/libfontmanager.so
7f1b78aa9000-7f1b78aad000 rw-p 00044000 08:06 147111                     /usr/lib/jvm/java-7-oracle/jre/lib/amd64/libfontmanager.so
7f1b78aad000-7f1b78abd000 rw-p 00000000 00:00 0 
7f1b78abd000-7f1b78b41000 r-xp 00000000 08:06 663254                     /tmp/sqlite-3.7.2-libsqlitejdbc.so
7f1b78b41000-7f1b78d41000 ---p 00084000 08:06 663254                     /tmp/sqlite-3.7.2-libsqlitejdbc.so
7f1b78d41000-7f1b78d42000 r--p 00084000 08:06 663254                     /tmp/sqlite-3.7.2-libsqlitejdbc.so
7f1b78d42000-7f1b78d45000 rw-p 00085000 08:06 663254                     /tmp/sqlite-3.7.2-libsqlitejdbc.so
7f1b78d45000-7f1b78d48000 ---p 00000000 00:00 0 
7f1b78d48000-7f1b78e46000 rw-p 00000000 00:00 0 
7f1b78e46000-7f1b78e49000 ---p 00000000 00:00 0 
7f1b78e49000-7f1b78f47000 rw-p 00000000 00:00 0 
7f1b78f47000-7f1b78f4a000 ---p 00000000 00:00 0 
7f1b78f4a000-7f1b79048000 rw-p 00000000 00:00 0 
7f1b79048000-7f1b7904d000 r-xp 00000000 08:06 1712222                    /usr/lib/x86_64-linux-gnu/libXfixes.so.3.1.0
7f1b7904d000-7f1b7924c000 ---p 00005000 08:06 1712222                    /usr/lib/x86_64-linux-gnu/libXfixes.so.3.1.0
7f1b7924c000-7f1b7924d000 r--p 00004000 08:06 1712222                    /usr/lib/x86_64-linux-gnu/libXfixes.so.3.1.0
7f1b7924d000-7f1b7924e000 rw-p 00005000 08:06 1712222                    /usr/lib/x86_64-linux-gnu/libXfixes.so.3.1.0
7f1b7924e000-7f1b79257000 r-xp 00000000 08:06 1712214                    /usr/lib/x86_64-linux-gnu/libXcursor.so.1.0.2
7f1b79257000-7f1b79456000 ---p 00009000 08:06 1712214                    /usr/lib/x86_64-linux-gnu/libXcursor.so.1.0.2
7f1b79456000-7f1b79457000 r--p 00008000 08:06 1712214                    /usr/lib/x86_64-linux-gnu/libXcursor.so.1.0.2
7f1b79457000-7f1b79458000 rw-p 00009000 08:06 1712214                    /usr/lib/x86_64-linux-gnu/libXcursor.so.1.0.2
7f1b79458000-7f1b7945b000 ---p 00000000 00:00 0 
7f1b7945b000-7f1b79559000 rw-p 00000000 00:00 0 
7f1b79559000-7f1b7955e000 r-xp 00000000 08:06 1712218                    /usr/lib/x86_64-linux-gnu/libXdmcp.so.6.0.0
7f1b7955e000-7f1b7975d000 ---p 00005000 08:06 1712218                    /usr/lib/x86_64-linux-gnu/libXdmcp.so.6.0.0
7f1b7975d000-7f1b7975e000 r--p 00004000 08:06 1712218                    /usr/lib/x86_64-linux-gnu/libXdmcp.so.6.0.0
7f1b7975e000-7f1b7975f000 rw-p 00005000 08:06 1712218                    /usr/lib/x86_64-linux-gnu/libXdmcp.so.6.0.0
7f1b7975f000-7f1b79761000 r-xp 00000000 08:06 1712207                    /usr/lib/x86_64-linux-gnu/libXau.so.6.0.0
7f1b79761000-7f1b79960000 ---p 00002000 08:06 1712207                    /usr/lib/x86_64-linux-gnu/libXau.so.6.0.0
7f1b79960000-7f1b79961000 r--p 00001000 08:06 1712207                    /usr/lib/x86_64-linux-gnu/libXau.so.6.0.0
7f1b79961000-7f1b79962000 rw-p 00002000 08:06 1712207                    /usr/lib/x86_64-linux-gnu/libXau.so.6.0.0
7f1b79962000-7f1b7997f000 r-xp 00000000 08:06 1705050                    /usr/lib/x86_64-linux-gnu/libxcb.so.1.1.0
7f1b7997f000-7f1b79b7e000 ---p 0001d000 08:06 1705050                    /usr/lib/x86_64-linux-gnu/libxcb.so.1.1.0
7f1b79b7e000-7f1b79b7f000 r--p 0001c000 08:06 1705050                    /usr/lib/x86_64-linux-gnu/libxcb.so.1.1.0
7f1b79b7f000-7f1b79b80000 rw-p 0001d000 08:06 1705050                    /usr/lib/x86_64-linux-gnu/libxcb.so.1.1.0
7f1b79b80000-7f1b79b8e000 r-xp 00000000 08:06 1712226                    /usr/lib/x86_64-linux-gnu/libXi.so.6.1.0
7f1b79b8e000-7f1b79d8d000 ---p 0000e000 08:06 1712226                    /usr/lib/x86_64-linux-gnu/libXi.so.6.1.0
7f1b79d8d000-7f1b79d8e000 r--p 0000d000 08:06 1712226                    /usr/lib/x86_64-linux-gnu/libXi.so.6.1.0
7f1b79d8e000-7f1b79d8f000 rw-p 0000e000 08:06 1712226                    /usr/lib/x86_64-linux-gnu/libXi.so.6.1.0
7f1b79d8f000-7f1b79d94000 r-xp 00000000 08:06 1712244                    /usr/lib/x86_64-linux-gnu/libXtst.so.6.1.0
7f1b79d94000-7f1b79f93000 ---p 00005000 08:06 1712244                    /usr/lib/x86_64-linux-gnu/libXtst.so.6.1.0
7f1b79f93000-7f1b79f94000 r--p 00004000 08:06 1712244                    /usr/lib/x86_64-linux-gnu/libXtst.so.6.1.0
7f1b79f94000-7f1b79f95000 rw-p 00005000 08:06 1712244                    /usr/lib/x86_64-linux-gnu/libXtst.so.6.1.0
7f1b79f95000-7f1b79f9e000 r-xp 00000000 08:06 1712240                    /usr/lib/x86_64-linux-gnu/libXrender.so.1.3.0
7f1b79f9e000-7f1b7a19d000 ---p 00009000 08:06 1712240                    /usr/lib/x86_64-linux-gnu/libXrender.so.1.3.0
7f1b7a19d000-7f1b7a19e000 r--p 00008000 08:06 1712240                    /usr/lib/x86_64-linux-gnu/libXrender.so.1.3.0
7f1b7a19e000-7f1b7a19f000 rw-p 00009000 08:06 1712240                    /usr/lib/x86_64-linux-gnu/libXrender.so.1.3.0
7f1b7a19f000-7f1b7a2ce000 r-xp 00000000 08:06 1712205                    /usr/lib/x86_64-linux-gnu/libX11.so.6.3.0
7f1b7a2ce000-7f1b7a4ce000 ---p 0012f000 08:06 1712205                    /usr/lib/x86_64-linux-gnu/libX11.so.6.3.0
7f1b7a4ce000-7f1b7a4cf000 r--p 0012f000 08:06 1712205                    /usr/lib/x86_64-linux-gnu/libX11.so.6.3.0
7f1b7a4cf000-7f1b7a4d3000 rw-p 00130000 08:06 1712205                    /usr/lib/x86_64-linux-gnu/libX11.so.6.3.0
7f1b7a4d3000-7f1b7a4e3000 r-xp 00000000 08:06 1712220                    /usr/lib/x86_64-linux-gnu/libXext.so.6.4.0
7f1b7a4e3000-7f1b7a6e2000 ---p 00010000 08:06 1712220                    /usr/lib/x86_64-linux-gnu/libXext.so.6.4.0
7f1b7a6e2000-7f1b7a6e3000 r--p 0000f000 08:06 1712220                    /usr/lib/x86_64-linux-gnu/libXext.so.6.4.0
7f1b7a6e3000-7f1b7a6e4000 rw-p 00010000 08:06 1712220                    /usr/lib/x86_64-linux-gnu/libXext.so.6.4.0
7f1b7a6e4000-7f1b7a734000 r-xp 00000000 08:06 147145                     /usr/lib/jvm/java-7-oracle/jre/lib/amd64/xawt/libmawt.so
7f1b7a734000-7f1b7a934000 ---p 00050000 08:06 147145                     /usr/lib/jvm/java-7-oracle/jre/lib/amd64/xawt/libmawt.so
7f1b7a934000-7f1b7a938000 rw-p 00050000 08:06 147145                     /usr/lib/jvm/java-7-oracle/jre/lib/amd64/xawt/libmawt.so
7f1b7a938000-7f1b7a939000 rw-p 00000000 00:00 0 
7f1b7a939000-7f1b7a9db000 r-xp 00000000 08:06 147121                     /usr/lib/jvm/java-7-oracle/jre/lib/amd64/libawt.so
7f1b7a9db000-7f1b7abdb000 ---p 000a2000 08:06 147121                     /usr/lib/jvm/java-7-oracle/jre/lib/amd64/libawt.so
7f1b7abdb000-7f1b7abe7000 rw-p 000a2000 08:06 147121                     /usr/lib/jvm/java-7-oracle/jre/lib/amd64/libawt.so
7f1b7abe7000-7f1b7ac0b000 rw-p 00000000 00:00 0 
7f1b7ac0b000-7f1b7ac0c000 ---p 00000000 00:00 0 
7f1b7ac0c000-7f1b7ad0c000 rw-p 00000000 00:00 0 
7f1b7ad0c000-7f1b7ad0f000 ---p 00000000 00:00 0 
7f1b7ad0f000-7f1b7ae0d000 rw-p 00000000 00:00 0 
7f1b7ae0d000-7f1b7ae10000 ---p 00000000 00:00 0 
7f1b7ae10000-7f1b7af0e000 rw-p 00000000 00:00 0 
7f1b7af0e000-7f1b7af11000 ---p 00000000 00:00 0 
7f1b7af11000-7f1b7b00f000 rw-p 00000000 00:00 0 
7f1b7b00f000-7f1b7b012000 ---p 00000000 00:00 0 
7f1b7b012000-7f1b7b110000 rw-p 00000000 00:00 0 
7f1b7b110000-7f1b7b7f8000 r--p 00000000 08:06 1711054                    /usr/lib/locale/locale-archive
7f1b7b7f8000-7f1b7b7fb000 ---p 00000000 00:00 0 
7f1b7b7fb000-7f1b7b8f9000 rw-p 00000000 00:00 0 
7f1b7b8f9000-7f1b7b8fc000 ---p 00000000 00:00 0 
7f1b7b8fc000-7f1b7b9fa000 rw-p 00000000 00:00 0 
7f1b7b9fa000-7f1b7b9fb000 ---p 00000000 00:00 0 
7f1b7b9fb000-7f1b7c000000 rw-p 00000000 00:00 0 
7f1b7c000000-7f1b7c021000 rw-p 00000000 00:00 0 
7f1b7c021000-7f1b80000000 ---p 00000000 00:00 0 
7f1b80038000-7f1b81000000 rw-p 00000000 00:00 0 
7f1b81000000-7f1b81270000 rwxp 00000000 00:00 0 
7f1b81270000-7f1b8424d000 rw-p 00000000 00:00 0 
7f1b8424d000-7f1b88000000 ---p 00000000 00:00 0 
7f1b880c8000-7f1b880ed000 r--p 00000000 08:06 153572                     /usr/share/locale-langpack/fr/LC_MESSAGES/libc.mo
7f1b880ed000-7f1b88460000 rw-p 00000000 00:00 0 
7f1b88460000-7f1b8861c000 r--s 039dc000 08:06 146816                     /usr/lib/jvm/java-7-oracle/jre/lib/rt.jar
7f1b8861c000-7f1b8a6b4000 rw-p 00000000 00:00 0 
7f1b8a6b4000-7f1b8a6b5000 ---p 00000000 00:00 0 
7f1b8a6b5000-7f1b8a7b5000 rw-p 00000000 00:00 0 
7f1b8a7b5000-7f1b8a7b6000 ---p 00000000 00:00 0 
7f1b8a7b6000-7f1b8a8b6000 rw-p 00000000 00:00 0 
7f1b8a8b6000-7f1b8a8b7000 ---p 00000000 00:00 0 
7f1b8a8b7000-7f1b8a9b7000 rw-p 00000000 00:00 0 
7f1b8a9b7000-7f1b8a9b8000 ---p 00000000 00:00 0 
7f1b8a9b8000-7f1b8aac3000 rw-p 00000000 00:00 0 
7f1b8aac3000-7f1b8aae1000 rw-p 00000000 00:00 0 
7f1b8aae1000-7f1b8aaf5000 rw-p 00000000 00:00 0 
7f1b8aaf5000-7f1b8ac20000 rw-p 00000000 00:00 0 
7f1b8ac20000-7f1b8ac2b000 rw-p 00000000 00:00 0 
7f1b8ac2b000-7f1b8ac49000 rw-p 00000000 00:00 0 
7f1b8ac49000-7f1b8ac5d000 rw-p 00000000 00:00 0 
7f1b8ac5d000-7f1b8ad87000 rw-p 00000000 00:00 0 
7f1b8ad87000-7f1b8ad92000 rw-p 00000000 00:00 0 
7f1b8ad92000-7f1b8ae27000 rw-p 00000000 00:00 0 
7f1b8ae27000-7f1b8ae28000 rw-p 00000000 00:00 0 
7f1b8ae28000-7f1b8ae42000 r-xp 00000000 08:06 147136                     /usr/lib/jvm/java-7-oracle/jre/lib/amd64/libzip.so
7f1b8ae42000-7f1b8b042000 ---p 0001a000 08:06 147136                     /usr/lib/jvm/java-7-oracle/jre/lib/amd64/libzip.so
7f1b8b042000-7f1b8b043000 rw-p 0001a000 08:06 147136                     /usr/lib/jvm/java-7-oracle/jre/lib/amd64/libzip.so
7f1b8b043000-7f1b8b04f000 r-xp 00000000 08:06 1190731                    /lib/x86_64-linux-gnu/libnss_files-2.15.so
7f1b8b04f000-7f1b8b24e000 ---p 0000c000 08:06 1190731                    /lib/x86_64-linux-gnu/libnss_files-2.15.so
7f1b8b24e000-7f1b8b24f000 r--p 0000b000 08:06 1190731                    /lib/x86_64-linux-gnu/libnss_files-2.15.so
7f1b8b24f000-7f1b8b250000 rw-p 0000c000 08:06 1190731                    /lib/x86_64-linux-gnu/libnss_files-2.15.so
7f1b8b250000-7f1b8b25a000 r-xp 00000000 08:06 1190655                    /lib/x86_64-linux-gnu/libnss_nis-2.15.so
7f1b8b25a000-7f1b8b45a000 ---p 0000a000 08:06 1190655                    /lib/x86_64-linux-gnu/libnss_nis-2.15.so
7f1b8b45a000-7f1b8b45b000 r--p 0000a000 08:06 1190655                    /lib/x86_64-linux-gnu/libnss_nis-2.15.so
7f1b8b45b000-7f1b8b45c000 rw-p 0000b000 08:06 1190655                    /lib/x86_64-linux-gnu/libnss_nis-2.15.so
7f1b8b45c000-7f1b8b473000 r-xp 00000000 08:06 1190745                    /lib/x86_64-linux-gnu/libnsl-2.15.so
7f1b8b473000-7f1b8b672000 ---p 00017000 08:06 1190745                    /lib/x86_64-linux-gnu/libnsl-2.15.so
7f1b8b672000-7f1b8b673000 r--p 00016000 08:06 1190745                    /lib/x86_64-linux-gnu/libnsl-2.15.so
7f1b8b673000-7f1b8b674000 rw-p 00017000 08:06 1190745                    /lib/x86_64-linux-gnu/libnsl-2.15.so
7f1b8b674000-7f1b8b676000 rw-p 00000000 00:00 0 
7f1b8b676000-7f1b8b67e000 r-xp 00000000 08:06 1190732                    /lib/x86_64-linux-gnu/libnss_compat-2.15.so
7f1b8b67e000-7f1b8b87d000 ---p 00008000 08:06 1190732                    /lib/x86_64-linux-gnu/libnss_compat-2.15.so
7f1b8b87d000-7f1b8b87e000 r--p 00007000 08:06 1190732                    /lib/x86_64-linux-gnu/libnss_compat-2.15.so
7f1b8b87e000-7f1b8b87f000 rw-p 00008000 08:06 1190732                    /lib/x86_64-linux-gnu/libnss_compat-2.15.so
7f1b8b87f000-7f1b8b8a8000 r-xp 00000000 08:06 147089                     /usr/lib/jvm/java-7-oracle/jre/lib/amd64/libjava.so
7f1b8b8a8000-7f1b8baa8000 ---p 00029000 08:06 147089                     /usr/lib/jvm/java-7-oracle/jre/lib/amd64/libjava.so
7f1b8baa8000-7f1b8baaa000 rw-p 00029000 08:06 147089                     /usr/lib/jvm/java-7-oracle/jre/lib/amd64/libjava.so
7f1b8baaa000-7f1b8bab7000 r-xp 00000000 08:06 147093                     /usr/lib/jvm/java-7-oracle/jre/lib/amd64/libverify.so
7f1b8bab7000-7f1b8bcb6000 ---p 0000d000 08:06 147093                     /usr/lib/jvm/java-7-oracle/jre/lib/amd64/libverify.so
7f1b8bcb6000-7f1b8bcb8000 rw-p 0000c000 08:06 147093                     /usr/lib/jvm/java-7-oracle/jre/lib/amd64/libverify.so
7f1b8bcb8000-7f1b8bcbf000 r-xp 00000000 08:06 1190653                    /lib/x86_64-linux-gnu/librt-2.15.so
7f1b8bcbf000-7f1b8bebe000 ---p 00007000 08:06 1190653                    /lib/x86_64-linux-gnu/librt-2.15.so
7f1b8bebe000-7f1b8bebf000 r--p 00006000 08:06 1190653                    /lib/x86_64-linux-gnu/librt-2.15.so
7f1b8bebf000-7f1b8bec0000 rw-p 00007000 08:06 1190653                    /lib/x86_64-linux-gnu/librt-2.15.so
7f1b8bec0000-7f1b8bfbb000 r-xp 00000000 08:06 1190724                    /lib/x86_64-linux-gnu/libm-2.15.so
7f1b8bfbb000-7f1b8c1ba000 ---p 000fb000 08:06 1190724                    /lib/x86_64-linux-gnu/libm-2.15.so
7f1b8c1ba000-7f1b8c1bb000 r--p 000fa000 08:06 1190724                    /lib/x86_64-linux-gnu/libm-2.15.so
7f1b8c1bb000-7f1b8c1bc000 rw-p 000fb000 08:06 1190724                    /lib/x86_64-linux-gnu/libm-2.15.so
7f1b8c1bc000-7f1b8cc03000 r-xp 00000000 08:06 147141                     /usr/lib/jvm/java-7-oracle/jre/lib/amd64/server/libjvm.so
7f1b8cc03000-7f1b8ce03000 ---p 00a47000 08:06 147141                     /usr/lib/jvm/java-7-oracle/jre/lib/amd64/server/libjvm.so
7f1b8ce03000-7f1b8cea6000 rw-p 00a47000 08:06 147141                     /usr/lib/jvm/java-7-oracle/jre/lib/amd64/server/libjvm.so
7f1b8cea6000-7f1b8cee2000 rw-p 00000000 00:00 0 
7f1b8cee2000-7f1b8d097000 r-xp 00000000 08:06 1190614                    /lib/x86_64-linux-gnu/libc-2.15.so
7f1b8d097000-7f1b8d296000 ---p 001b5000 08:06 1190614                    /lib/x86_64-linux-gnu/libc-2.15.so
7f1b8d296000-7f1b8d29a000 r--p 001b4000 08:06 1190614                    /lib/x86_64-linux-gnu/libc-2.15.so
7f1b8d29a000-7f1b8d29c000 rw-p 001b8000 08:06 1190614                    /lib/x86_64-linux-gnu/libc-2.15.so
7f1b8d29c000-7f1b8d2a1000 rw-p 00000000 00:00 0 
7f1b8d2a1000-7f1b8d2a3000 r-xp 00000000 08:06 1190613                    /lib/x86_64-linux-gnu/libdl-2.15.so
7f1b8d2a3000-7f1b8d4a3000 ---p 00002000 08:06 1190613                    /lib/x86_64-linux-gnu/libdl-2.15.so
7f1b8d4a3000-7f1b8d4a4000 r--p 00002000 08:06 1190613                    /lib/x86_64-linux-gnu/libdl-2.15.so
7f1b8d4a4000-7f1b8d4a5000 rw-p 00003000 08:06 1190613                    /lib/x86_64-linux-gnu/libdl-2.15.so
7f1b8d4a5000-7f1b8d4bb000 r-xp 00000000 08:06 147116                     /usr/lib/jvm/java-7-oracle/jre/lib/amd64/jli/libjli.so
7f1b8d4bb000-7f1b8d6bb000 ---p 00016000 08:06 147116                     /usr/lib/jvm/java-7-oracle/jre/lib/amd64/jli/libjli.so
7f1b8d6bb000-7f1b8d6bc000 rw-p 00016000 08:06 147116                     /usr/lib/jvm/java-7-oracle/jre/lib/amd64/jli/libjli.so
7f1b8d6bc000-7f1b8d6d4000 r-xp 00000000 08:06 1190624                    /lib/x86_64-linux-gnu/libpthread-2.15.so
7f1b8d6d4000-7f1b8d8d3000 ---p 00018000 08:06 1190624                    /lib/x86_64-linux-gnu/libpthread-2.15.so
7f1b8d8d3000-7f1b8d8d4000 r--p 00017000 08:06 1190624                    /lib/x86_64-linux-gnu/libpthread-2.15.so
7f1b8d8d4000-7f1b8d8d5000 rw-p 00018000 08:06 1190624                    /lib/x86_64-linux-gnu/libpthread-2.15.so
7f1b8d8d5000-7f1b8d8d9000 rw-p 00000000 00:00 0 
7f1b8d8d9000-7f1b8d8fb000 r-xp 00000000 08:06 1190735                    /lib/x86_64-linux-gnu/ld-2.15.so
7f1b8d90a000-7f1b8d90e000 r--s 0008a000 08:06 147216                     /usr/lib/jvm/java-7-oracle/jre/lib/jsse.jar
7f1b8d90e000-7f1b8d918000 r--s 00254000 08:06 147083                     /usr/lib/jvm/java-7-oracle/jre/lib/resources.jar
7f1b8d918000-7f1b8d922000 rw-p 00000000 00:00 0 
7f1b8d922000-7f1b8d9d8000 rw-p 00000000 00:00 0 
7f1b8d9d8000-7f1b8d9db000 ---p 00000000 00:00 0 
7f1b8d9db000-7f1b8dadd000 rw-p 00000000 00:00 0 
7f1b8dae2000-7f1b8dae3000 rw-p 00000000 00:00 0 
7f1b8dae3000-7f1b8dae8000 r--s 00309000 08:02 187442                     /media/WINDOWS/Users/Xavier/Software/workspace/Eclipse Project/Projet_Billeterie/lib/sqlite-jdbc-3.7.2.jar
7f1b8dae8000-7f1b8daef000 r--s 00000000 08:06 4688                       /usr/lib/x86_64-linux-gnu/gconv/gconv-modules.cache
7f1b8daef000-7f1b8daf7000 rw-s 00000000 08:06 671449                     /tmp/hsperfdata_xavier/8725
7f1b8daf7000-7f1b8daf8000 rw-p 00000000 00:00 0 
7f1b8daf8000-7f1b8daf9000 r--p 00000000 00:00 0 
7f1b8daf9000-7f1b8dafb000 rw-p 00000000 00:00 0 
7f1b8dafb000-7f1b8dafc000 r--p 00022000 08:06 1190735                    /lib/x86_64-linux-gnu/ld-2.15.so
7f1b8dafc000-7f1b8dafe000 rw-p 00023000 08:06 1190735                    /lib/x86_64-linux-gnu/ld-2.15.so
7fff4ade7000-7fff4ae08000 rw-p 00000000 00:00 0                          [stack]
7fff4ae5b000-7fff4ae5c000 r-xp 00000000 00:00 0                          [vdso]
ffffffffff600000-ffffffffff601000 r-xp 00000000 00:00 0                  [vsyscall]

VM Arguments:
jvm_args: -Dfile.encoding=UTF-8 
java_command: ihm.fenetres.FenetrePrincipale
Launcher Type: SUN_STANDARD

Environment Variables:
PATH=/usr/lib/lightdm/lightdm:/usr/local/sbin:/usr/local/bin:/usr/sbin:/usr/bin:/sbin:/bin:/usr/games
SHELL=/bin/bash
DISPLAY=:0.0

Signal Handlers:
SIGSEGV: [libjvm.so+0x8a5d70], sa_mask[0]=0x7ffbfeff, sa_flags=0x10000004
SIGBUS: [libjvm.so+0x8a5d70], sa_mask[0]=0x7ffbfeff, sa_flags=0x10000004
SIGFPE: [libjvm.so+0x741e50], sa_mask[0]=0x7ffbfeff, sa_flags=0x10000004
SIGPIPE: [libjvm.so+0x741e50], sa_mask[0]=0x7ffbfeff, sa_flags=0x10000004
SIGXFSZ: [libjvm.so+0x741e50], sa_mask[0]=0x7ffbfeff, sa_flags=0x10000004
SIGILL: [libjvm.so+0x741e50], sa_mask[0]=0x7ffbfeff, sa_flags=0x10000004
SIGUSR1: SIG_DFL, sa_mask[0]=0x00000000, sa_flags=0x00000000
SIGUSR2: [libjvm.so+0x7417a0], sa_mask[0]=0x00000004, sa_flags=0x10000004
SIGHUP: [libjvm.so+0x743b30], sa_mask[0]=0x7ffbfeff, sa_flags=0x10000004
SIGINT: [libjvm.so+0x743b30], sa_mask[0]=0x7ffbfeff, sa_flags=0x10000004
SIGTERM: [libjvm.so+0x743b30], sa_mask[0]=0x7ffbfeff, sa_flags=0x10000004
SIGQUIT: [libjvm.so+0x743b30], sa_mask[0]=0x7ffbfeff, sa_flags=0x10000004


---------------  S Y S T E M  ---------------

OS:wheezy/sid

uname:Linux 3.2.0-40-generic #64-Ubuntu SMP Mon Mar 25 21:22:10 UTC 2013 x86_64
libc:glibc 2.15 NPTL 2.15 
rlimit: STACK 8192k, CORE 0k, NPROC 30408, NOFILE 4096, AS infinity
load average:0,80 0,42 0,43

/proc/meminfo:
MemTotal:        3909972 kB
MemFree:         1287812 kB
Buffers:          253968 kB
Cached:           887780 kB
SwapCached:            0 kB
Active:          1396024 kB
Inactive:         873340 kB
Active(anon):    1128428 kB
Inactive(anon):     1824 kB
Active(file):     267596 kB
Inactive(file):   871516 kB
Unevictable:           0 kB
Mlocked:               0 kB
SwapTotal:       3905532 kB
SwapFree:        3905532 kB
Dirty:               112 kB
Writeback:             0 kB
AnonPages:       1127652 kB
Mapped:           268980 kB
Shmem:              2624 kB
Slab:              72164 kB
SReclaimable:      43028 kB
SUnreclaim:        29136 kB
KernelStack:        3832 kB
PageTables:        25796 kB
NFS_Unstable:          0 kB
Bounce:                0 kB
WritebackTmp:          0 kB
CommitLimit:     5860516 kB
Committed_AS:    3557936 kB
VmallocTotal:   34359738367 kB
VmallocUsed:      304632 kB
VmallocChunk:   34359431528 kB
HardwareCorrupted:     0 kB
AnonHugePages:         0 kB
HugePages_Total:       0
HugePages_Free:        0
HugePages_Rsvd:        0
HugePages_Surp:        0
Hugepagesize:       2048 kB
DirectMap4k:      143360 kB
DirectMap2M:     3911680 kB


CPU:total 4 (2 cores per cpu, 2 threads per core) family 6 model 37 stepping 2, cmov, cx8, fxsr, mmx, sse, sse2, sse3, ssse3, sse4.1, sse4.2, popcnt, ht, tsc, tscinvbit

/proc/cpuinfo:
processor	: 0
vendor_id	: GenuineIntel
cpu family	: 6
model		: 37
model name	: Intel(R) Core(TM) i3 CPU       M 330  @ 2.13GHz
stepping	: 2
microcode	: 0x8
cpu MHz		: 2133.000
cache size	: 3072 KB
physical id	: 0
siblings	: 4
core id		: 0
cpu cores	: 2
apicid		: 0
initial apicid	: 0
fpu		: yes
fpu_exception	: yes
cpuid level	: 11
wp		: yes
flags		: fpu vme de pse tsc msr pae mce cx8 apic sep mtrr pge mca cmov pat pse36 clflush dts acpi mmx fxsr sse sse2 ss ht tm pbe syscall nx rdtscp lm constant_tsc arch_perfmon pebs bts nopl xtopology nonstop_tsc aperfmperf pni dtes64 monitor ds_cpl vmx est tm2 ssse3 cx16 xtpr pdcm sse4_1 sse4_2 popcnt lahf_lm arat dtherm tpr_shadow vnmi flexpriority ept vpid
bogomips	: 4256.21
clflush size	: 64
cache_alignment	: 64
address sizes	: 36 bits physical, 48 bits virtual
power management:

processor	: 1
vendor_id	: GenuineIntel
cpu family	: 6
model		: 37
model name	: Intel(R) Core(TM) i3 CPU       M 330  @ 2.13GHz
stepping	: 2
microcode	: 0x8
cpu MHz		: 1066.000
cache size	: 3072 KB
physical id	: 0
siblings	: 4
core id		: 0
cpu cores	: 2
apicid		: 1
initial apicid	: 1
fpu		: yes
fpu_exception	: yes
cpuid level	: 11
wp		: yes
flags		: fpu vme de pse tsc msr pae mce cx8 apic sep mtrr pge mca cmov pat pse36 clflush dts acpi mmx fxsr sse sse2 ss ht tm pbe syscall nx rdtscp lm constant_tsc arch_perfmon pebs bts nopl xtopology nonstop_tsc aperfmperf pni dtes64 monitor ds_cpl vmx est tm2 ssse3 cx16 xtpr pdcm sse4_1 sse4_2 popcnt lahf_lm arat dtherm tpr_shadow vnmi flexpriority ept vpid
bogomips	: 4255.90
clflush size	: 64
cache_alignment	: 64
address sizes	: 36 bits physical, 48 bits virtual
power management:

processor	: 2
vendor_id	: GenuineIntel
cpu family	: 6
model		: 37
model name	: Intel(R) Core(TM) i3 CPU       M 330  @ 2.13GHz
stepping	: 2
microcode	: 0x8
cpu MHz		: 933.000
cache size	: 3072 KB
physical id	: 0
siblings	: 4
core id		: 2
cpu cores	: 2
apicid		: 4
initial apicid	: 4
fpu		: yes
fpu_exception	: yes
cpuid level	: 11
wp		: yes
flags		: fpu vme de pse tsc msr pae mce cx8 apic sep mtrr pge mca cmov pat pse36 clflush dts acpi mmx fxsr sse sse2 ss ht tm pbe syscall nx rdtscp lm constant_tsc arch_perfmon pebs bts nopl xtopology nonstop_tsc aperfmperf pni dtes64 monitor ds_cpl vmx est tm2 ssse3 cx16 xtpr pdcm sse4_1 sse4_2 popcnt lahf_lm arat dtherm tpr_shadow vnmi flexpriority ept vpid
bogomips	: 4255.91
clflush size	: 64
cache_alignment	: 64
address sizes	: 36 bits physical, 48 bits virtual
power management:

processor	: 3
vendor_id	: GenuineIntel
cpu family	: 6
model		: 37
model name	: Intel(R) Core(TM) i3 CPU       M 330  @ 2.13GHz
stepping	: 2
microcode	: 0x8
cpu MHz		: 933.000
cache size	: 3072 KB
physical id	: 0
siblings	: 4
core id		: 2
cpu cores	: 2
apicid		: 5
initial apicid	: 5
fpu		: yes
fpu_exception	: yes
cpuid level	: 11
wp		: yes
flags		: fpu vme de pse tsc msr pae mce cx8 apic sep mtrr pge mca cmov pat pse36 clflush dts acpi mmx fxsr sse sse2 ss ht tm pbe syscall nx rdtscp lm constant_tsc arch_perfmon pebs bts nopl xtopology nonstop_tsc aperfmperf pni dtes64 monitor ds_cpl vmx est tm2 ssse3 cx16 xtpr pdcm sse4_1 sse4_2 popcnt lahf_lm arat dtherm tpr_shadow vnmi flexpriority ept vpid
bogomips	: 4255.91
clflush size	: 64
cache_alignment	: 64
address sizes	: 36 bits physical, 48 bits virtual
power management:



Memory: 4k page, physical 3909972k(1287812k free), swap 3905532k(3905532k free)

vm_info: Java HotSpot(TM) 64-Bit Server VM (23.7-b01) for linux-amd64 JRE (1.7.0_17-b02), built on Mar  1 2013 02:59:06 by "java_re" with gcc 4.3.0 20080428 (Red Hat 4.3.0-8)

time: Sat Apr 13 18:29:54 2013
elapsed time: 37 seconds

