#
# A fatal error has been detected by the Java Runtime Environment:
#
#  SIGSEGV (0xb) at pc=0x00007f761cff3e9f, pid=8701, tid=140144941524736
#
# JRE version: 7.0_17-b02
# Java VM: Java HotSpot(TM) 64-Bit Server VM (23.7-b01 mixed mode linux-amd64 compressed oops)
# Problematic frame:
# V  [libjvm.so+0x57be9f]  jni_GetStringUTFChars+0x9f
#
# Failed to write core dump. Core dumps have been disabled. To enable core dumping, try "ulimit -c unlimited" before starting Java again
#
# If you would like to submit a bug report, please visit:
#   http://bugreport.sun.com/bugreport/crash.jsp
#

---------------  T H R E A D  ---------------

Current thread (0x00007f761825a000):  JavaThread "AWT-EventQueue-0" [_thread_in_vm, id=8723, stack(0x00007f760964e000,0x00007f760974f000)]

siginfo:si_signo=SIGSEGV: si_errno=0, si_code=1 (SEGV_MAPERR), si_addr=0x0000000000000000

Registers:
RAX=0x0000000000000000, RBX=0x00007f761825a000, RCX=0x00000000ec6d4b78, RDX=0x00007f761d7720e0
RSP=0x00007f760974ba40, RBP=0x00007f760974bab0, RSI=0x0000000000000000, RDI=0x00007f761825a1d8
R8 =0x00007f75c8212288, R9 =0x00000000ec6d4b78, R10=0x0000000000000006, R11=0x00007f761d7720e8
R12=0x0000000000000000, R13=0x0000000000000000, R14=0x00007f760974bb88, R15=0x00007f761825a000
RIP=0x00007f761cff3e9f, EFLAGS=0x0000000000010246, CSGSFS=0x0000000000000033, ERR=0x0000000000000004
  TRAPNO=0x000000000000000e

Top of Stack: (sp=0x00007f760974ba40)
0x00007f760974ba40:   0000000000000000 0000000000000000
0x00007f760974ba50:   00007f761825a000 0000000000000000
0x00007f760974ba60:   00007f76145af158 00000000ec6d5540
0x00007f760974ba70:   00007f761825a000 00000000bf8623b1
0x00007f760974ba80:   00007f760974bac0 00000000bf7f6010
0x00007f760974ba90:   00007f75c8211f48 0000000000000000
0x00007f760974baa0:   00007f760974bb88 00007f761825a000
0x00007f760974bab0:   00007f761825a1d8 00007f76093d32b0
0x00007f760974bac0:   00000000ec6d5540 00007f760974bac8
0x00007f760974bad0:   00000000bf7f6010 00007f760974bb60
0x00007f760974bae0:   0000000000000000 00000000bf7f6008
0x00007f760974baf0:   00007f760974bb88 00007f76145bb963
0x00007f760974bb00:   0000000000000000 00007f76145bbe74
0x00007f760974bb10:   00007f76145af158 00000000ec6d4b78
0x00007f760974bb20:   00007f760974bb10 0000000000000000
0x00007f760974bb30:   00007f760974bb88 00000000bf800420
0x00007f760974bb40:   0000000000000000 00000000bf7f6010
0x00007f760974bb50:   0000000000000000 00007f760974bb80
0x00007f760974bb60:   00007f760974bbe8 00007f76145af275
0x00007f760974bb70:   0000000000000000 00007f76145b7dd7
0x00007f760974bb80:   0000000000000000 00000000ec6d4b78
0x00007f760974bb90:   00000000ec6d54e8 0000000000000000
0x00007f760974bba0:   00000000ec6d4b78 00007f760974bb98
0x00007f760974bbb0:   00000000bf7faacd 00007f760974bc00
0x00007f760974bbc0:   00000000bf7ffc80 0000000000000000
0x00007f760974bbd0:   00000000bf7fab18 00007f760974bb80
0x00007f760974bbe0:   00007f760974bbf8 00007f760974bc48
0x00007f760974bbf0:   00007f76145af158 00000000ec6d54e8
0x00007f760974bc00:   00000000ec6d4b78 00007f760974bc08
0x00007f760974bc10:   00000000bf85fbfe 00007f760974bc60
0x00007f760974bc20:   00000000bf874be8 0000000000000000
0x00007f760974bc30:   00000000bf85fc48 00007f760974bbf8 

Instructions: (pc=0x00007f761cff3e9f)
0x00007f761cff3e7f:   48 89 5d c0 48 89 5d a0 48 c7 45 a8 00 00 00 00
0x00007f761cff3e8f:   48 83 7b 08 00 74 09 48 8d 7d a0 e8 e1 1a 21 00
0x00007f761cff3e9f:   4d 8b 3c 24 4c 89 ff e8 65 8f fd ff 41 89 c5 48
0x00007f761cff3eaf:   98 4c 8d 60 01 4c 89 e7 e8 14 29 1c 00 48 85 c0 

Register to memory mapping:

RAX=0x0000000000000000 is an unknown value
RBX=0x00007f761825a000 is a thread
RCX=0x00000000ec6d4b78 is an oop
org.sqlite.NativeDB 
 - klass: 'org/sqlite/NativeDB'
RDX=0x00007f761d7720e0: <offset 0xcfa0e0> in /usr/lib/jvm/java-7-oracle/jre/lib/amd64/server/libjvm.so at 0x00007f761ca78000
RSP=0x00007f760974ba40 is pointing into the stack for thread: 0x00007f761825a000
RBP=0x00007f760974bab0 is pointing into the stack for thread: 0x00007f761825a000
RSI=0x0000000000000000 is an unknown value
RDI=0x00007f761825a1d8 is an unknown value
R8 =0x00007f75c8212288 is an unknown value
R9 =0x00000000ec6d4b78 is an oop
org.sqlite.NativeDB 
 - klass: 'org/sqlite/NativeDB'
R10=0x0000000000000006 is an unknown value
R11=0x00007f761d7720e8: <offset 0xcfa0e8> in /usr/lib/jvm/java-7-oracle/jre/lib/amd64/server/libjvm.so at 0x00007f761ca78000
R12=0x0000000000000000 is an unknown value
R13=0x0000000000000000 is an unknown value
R14=0x00007f760974bb88 is pointing into the stack for thread: 0x00007f761825a000
R15=0x00007f761825a000 is a thread


Stack: [0x00007f760964e000,0x00007f760974f000],  sp=0x00007f760974ba40,  free space=1014k
Native frames: (J=compiled Java code, j=interpreted, Vv=VM code, C=native code)
V  [libjvm.so+0x57be9f]  jni_GetStringUTFChars+0x9f

Java frames: (J=compiled Java code, j=interpreted, Vv=VM code)
j  org.sqlite.NativeDB.prepare(Ljava/lang/String;)J+0
j  org.sqlite.DB.prepare(Lorg/sqlite/Stmt;)V+21
j  org.sqlite.Stmt.executeQuery(Ljava/lang/String;)Ljava/sql/ResultSet;+14
j  modele.SQLiteImpl.query(Ljava/lang/String;)Ljava/util/List;+38
j  modele.DataBase.getObjets(Ljava/lang/String;)Ljava/util/List;+5
j  modele.ListeObjet.recherche(Ljava/lang/String;)V+26
j  ihm.barresOutils.BarreOutilsPersonnes$TextRecherche.keyPressed(Ljava/awt/event/KeyEvent;)V+23
j  java.awt.Component.processKeyEvent(Ljava/awt/event/KeyEvent;)V+52
j  javax.swing.JComponent.processKeyEvent(Ljava/awt/event/KeyEvent;)V+2
j  java.awt.Component.processEvent(Ljava/awt/AWTEvent;)V+121
j  java.awt.Container.processEvent(Ljava/awt/AWTEvent;)V+18
j  java.awt.Component.dispatchEventImpl(Ljava/awt/AWTEvent;)V+581
j  java.awt.Container.dispatchEventImpl(Ljava/awt/AWTEvent;)V+42
j  java.awt.Component.dispatchEvent(Ljava/awt/AWTEvent;)V+2
j  java.awt.KeyboardFocusManager.redispatchEvent(Ljava/awt/Component;Ljava/awt/AWTEvent;)V+7
j  java.awt.DefaultKeyboardFocusManager.dispatchKeyEvent(Ljava/awt/event/KeyEvent;)Z+63
j  java.awt.DefaultKeyboardFocusManager.preDispatchKeyEvent(Ljava/awt/event/KeyEvent;)Z+140
j  java.awt.DefaultKeyboardFocusManager.typeAheadAssertions(Ljava/awt/Component;Ljava/awt/AWTEvent;)Z+154
j  java.awt.DefaultKeyboardFocusManager.dispatchEvent(Ljava/awt/AWTEvent;)Z+1548
j  java.awt.Component.dispatchEventImpl(Ljava/awt/AWTEvent;)V+144
j  java.awt.Container.dispatchEventImpl(Ljava/awt/AWTEvent;)V+42
j  java.awt.Window.dispatchEventImpl(Ljava/awt/AWTEvent;)V+19
j  java.awt.Component.dispatchEvent(Ljava/awt/AWTEvent;)V+2
j  java.awt.EventQueue.dispatchEventImpl(Ljava/awt/AWTEvent;Ljava/lang/Object;)V+41
j  java.awt.EventQueue.access$200(Ljava/awt/EventQueue;Ljava/awt/AWTEvent;Ljava/lang/Object;)V+3
j  java.awt.EventQueue$3.run()Ljava/lang/Void;+12
j  java.awt.EventQueue$3.run()Ljava/lang/Object;+1
v  ~StubRoutines::call_stub
j  java.security.AccessController.doPrivileged(Ljava/security/PrivilegedAction;Ljava/security/AccessControlContext;)Ljava/lang/Object;+0
j  java.security.ProtectionDomain$1.doIntersectionPrivilege(Ljava/security/PrivilegedAction;Ljava/security/AccessControlContext;Ljava/security/AccessControlContext;)Ljava/lang/Object;+28
j  java.security.ProtectionDomain$1.doIntersectionPrivilege(Ljava/security/PrivilegedAction;Ljava/security/AccessControlContext;)Ljava/lang/Object;+6
j  java.awt.EventQueue$4.run()Ljava/lang/Void;+11
j  java.awt.EventQueue$4.run()Ljava/lang/Object;+1
v  ~StubRoutines::call_stub
j  java.security.AccessController.doPrivileged(Ljava/security/PrivilegedAction;Ljava/security/AccessControlContext;)Ljava/lang/Object;+0
j  java.security.ProtectionDomain$1.doIntersectionPrivilege(Ljava/security/PrivilegedAction;Ljava/security/AccessControlContext;Ljava/security/AccessControlContext;)Ljava/lang/Object;+28
j  java.awt.EventQueue.dispatchEvent(Ljava/awt/AWTEvent;)V+73
j  java.awt.EventDispatchThread.pumpOneEventForFilters(I)V+245
j  java.awt.EventDispatchThread.pumpEventsForFilter(ILjava/awt/Conditional;Ljava/awt/EventFilter;)V+35
j  java.awt.EventDispatchThread.pumpEventsForHierarchy(ILjava/awt/Conditional;Ljava/awt/Component;)V+11
j  java.awt.EventDispatchThread.pumpEvents(ILjava/awt/Conditional;)V+4
j  java.awt.EventDispatchThread.pumpEvents(Ljava/awt/Conditional;)V+3
j  java.awt.EventDispatchThread.run()V+9
v  ~StubRoutines::call_stub

---------------  P R O C E S S  ---------------

Java Threads: ( => current thread )
  0x00007f75c81a2000 JavaThread "TimerQueue" daemon [_thread_blocked, id=8724, stack(0x00007f76087b1000,0x00007f76088b2000)]
  0x00007f7618009000 JavaThread "DestroyJavaVM" [_thread_blocked, id=8707, stack(0x00007f761e294000,0x00007f761e395000)]
=>0x00007f761825a000 JavaThread "AWT-EventQueue-0" [_thread_in_vm, id=8723, stack(0x00007f760964e000,0x00007f760974f000)]
  0x00007f7618258000 JavaThread "AWT-Shutdown" [_thread_blocked, id=8722, stack(0x00007f760974f000,0x00007f7609850000)]
  0x00007f7618253800 JavaThread "AWT-XAWT" daemon [_thread_in_native, id=8721, stack(0x00007f7609850000,0x00007f7609951000)]
  0x00007f7618224000 JavaThread "Java2D Disposer" daemon [_thread_blocked, id=8720, stack(0x00007f7609d61000,0x00007f7609e62000)]
  0x00007f76180f0800 JavaThread "Service Thread" daemon [_thread_blocked, id=8718, stack(0x00007f760b615000,0x00007f760b716000)]
  0x00007f76180ee000 JavaThread "C2 CompilerThread1" daemon [_thread_blocked, id=8717, stack(0x00007f760b716000,0x00007f760b817000)]
  0x00007f76180eb000 JavaThread "C2 CompilerThread0" daemon [_thread_blocked, id=8716, stack(0x00007f760b817000,0x00007f760b918000)]
  0x00007f76180e9000 JavaThread "Signal Dispatcher" daemon [_thread_blocked, id=8715, stack(0x00007f76100c7000,0x00007f76101c8000)]
  0x00007f761809c000 JavaThread "Finalizer" daemon [_thread_blocked, id=8714, stack(0x00007f76101c8000,0x00007f76102c9000)]
  0x00007f7618099800 JavaThread "Reference Handler" daemon [_thread_blocked, id=8713, stack(0x00007f76102c9000,0x00007f76103ca000)]

Other Threads:
  0x00007f7618092000 VMThread [stack: 0x00007f76103ca000,0x00007f76104cb000] [id=8712]
  0x00007f7618103000 WatcherThread [stack: 0x00007f760b514000,0x00007f760b615000] [id=8719]

VM state:not at safepoint (normal execution)

VM Mutex/Monitor currently owned by a thread: None

Heap
 PSYoungGen      total 17856K, used 5850K [0x00000000ec160000, 0x00000000ed540000, 0x0000000100000000)
  eden space 15360K, 38% used [0x00000000ec160000,0x00000000ec716b10,0x00000000ed060000)
  from space 2496K, 0% used [0x00000000ed2d0000,0x00000000ed2d0000,0x00000000ed540000)
  to   space 2496K, 0% used [0x00000000ed060000,0x00000000ed060000,0x00000000ed2d0000)
 ParOldGen       total 40768K, used 0K [0x00000000c4400000, 0x00000000c6bd0000, 0x00000000ec160000)
  object space 40768K, 0% used [0x00000000c4400000,0x00000000c4400000,0x00000000c6bd0000)
 PSPermGen       total 21248K, used 12723K [0x00000000bf200000, 0x00000000c06c0000, 0x00000000c4400000)
  object space 21248K, 59% used [0x00000000bf200000,0x00000000bfe6cc30,0x00000000c06c0000)

Card table byte_map: [0x00007f76143a1000,0x00007f76145a9000] byte_map_base: 0x00007f7613da8000

Polling page: 0x00007f761e3b4000

Code Cache  [0x00007f76145a9000, 0x00007f7614819000, 0x00007f76175a9000)
 total_blobs=518 nmethods=51 adapters=419 free_code_cache=48533Kb largest_free_block=49677760

Compilation events (10 events):
Event: 2,782 Thread 0x00007f76180eb000   44             java.util.concurrent.locks.AbstractOwnableSynchronizer::getExclusiveOwnerThread (5 bytes)
Event: 2,782 Thread 0x00007f76180eb000 nmethod 44 0x00007f76146434d0 code [0x00007f7614643600, 0x00007f7614643658]
Event: 2,836 Thread 0x00007f76180ee000   45             java.util.ArrayList::size (5 bytes)
Event: 2,836 Thread 0x00007f76180ee000 nmethod 45 0x00007f7614642c90 code [0x00007f7614642dc0, 0x00007f7614642e18]
Event: 3,225 Thread 0x00007f76180eb000   46             java.util.concurrent.locks.AbstractQueuedSynchronizer::setState (6 bytes)
Event: 3,226 Thread 0x00007f76180eb000 nmethod 46 0x00007f7614642850 code [0x00007f7614642980, 0x00007f76146429d8]
Event: 3,499 Thread 0x00007f76180ee000   47             java.util.Hashtable::rehash (198 bytes)
Event: 3,507 Thread 0x00007f76180ee000 nmethod 47 0x00007f7614648290 code [0x00007f7614648420, 0x00007f7614648818]
Event: 3,907 Thread 0x00007f76180eb000   48             java.util.concurrent.locks.AbstractOwnableSynchronizer::setExclusiveOwnerThread (6 bytes)
Event: 3,908 Thread 0x00007f76180eb000 nmethod 48 0x00007f7614642450 code [0x00007f7614642580, 0x00007f76146425f8]

GC Heap History (0 events):
No events

Deoptimization events (10 events):
Event: 0,441 Thread 0x00007f761825a000 Uncommon trap 18 fr.pc 0x00007f761461f88c
Event: 0,442 Thread 0x00007f761825a000 Uncommon trap -83 fr.pc 0x00007f7614624950
Event: 0,723 Thread 0x00007f761825a000 Uncommon trap -34 fr.pc 0x00007f7614622a8c
Event: 0,723 Thread 0x00007f761825a000 Uncommon trap -34 fr.pc 0x00007f7614622a8c
Event: 0,724 Thread 0x00007f761825a000 Uncommon trap -34 fr.pc 0x00007f7614622a8c
Event: 0,724 Thread 0x00007f761825a000 Uncommon trap -34 fr.pc 0x00007f7614622a8c
Event: 3,597 Thread 0x00007f761825a000 Uncommon trap -34 fr.pc 0x00007f761462bd54
Event: 3,597 Thread 0x00007f761825a000 Uncommon trap -34 fr.pc 0x00007f761462bd54
Event: 3,904 Thread 0x00007f761825a000 Uncommon trap -34 fr.pc 0x00007f761462bd54
Event: 3,904 Thread 0x00007f761825a000 Uncommon trap -34 fr.pc 0x00007f761462bd54

Internal exceptions (10 events):
Event: 0,555 Thread 0x00007f761825a000 Threw 0x00000000ec40a2d0 at /HUDSON/workspace/jdk7u17-2-build-linux-amd64-product/jdk7u17/hotspot/src/share/vm/prims/jvm.cpp:1166
Event: 0,558 Thread 0x00007f761825a000 Threw 0x00000000ec413378 at /HUDSON/workspace/jdk7u17-2-build-linux-amd64-product/jdk7u17/hotspot/src/share/vm/prims/jvm.cpp:1166
Event: 0,560 Thread 0x00007f761825a000 Threw 0x00000000ec4192a0 at /HUDSON/workspace/jdk7u17-2-build-linux-amd64-product/jdk7u17/hotspot/src/share/vm/prims/jvm.cpp:1166
Event: 0,641 Thread 0x00007f761825a000 Threw 0x00000000ec4a1ea0 at /HUDSON/workspace/jdk7u17-2-build-linux-amd64-product/jdk7u17/hotspot/src/share/vm/prims/jvm.cpp:1166
Event: 0,668 Thread 0x00007f761825a000 Threw 0x00000000ec4ba6d8 at /HUDSON/workspace/jdk7u17-2-build-linux-amd64-product/jdk7u17/hotspot/src/share/vm/prims/jvm.cpp:1166
Event: 0,673 Thread 0x00007f761825a000 Threw 0x00000000ec4bf860 at /HUDSON/workspace/jdk7u17-2-build-linux-amd64-product/jdk7u17/hotspot/src/share/vm/prims/jvm.cpp:1166
Event: 0,675 Thread 0x00007f761825a000 Threw 0x00000000ec4c6368 at /HUDSON/workspace/jdk7u17-2-build-linux-amd64-product/jdk7u17/hotspot/src/share/vm/prims/jvm.cpp:1166
Event: 0,677 Thread 0x00007f761825a000 Threw 0x00000000ec4c9e78 at /HUDSON/workspace/jdk7u17-2-build-linux-amd64-product/jdk7u17/hotspot/src/share/vm/prims/jvm.cpp:1166
Event: 0,800 Thread 0x00007f761825a000 Threw 0x00000000ec5dc760 at /HUDSON/workspace/jdk7u17-2-build-linux-amd64-product/jdk7u17/hotspot/src/share/vm/prims/jvm.cpp:1166
Event: 1,147 Thread 0x00007f761825a000 Threw 0x00000000ec68f6d0 at /HUDSON/workspace/jdk7u17-2-build-linux-amd64-product/jdk7u17/hotspot/src/share/vm/prims/jni.cpp:742

Events (10 events):
Event: 3,597 Thread 0x00007f761825a000 DEOPT PACKING pc=0x00007f761462bd54 sp=0x00007f760974bb10
Event: 3,597 Thread 0x00007f761825a000 DEOPT UNPACKING pc=0x00007f76145e2145 sp=0x00007f760974bac0 mode 2
Event: 3,597 loading class 0x00007f7618152260
Event: 3,597 loading class 0x00007f7618152260 done
Event: 3,904 Thread 0x00007f761825a000 DEOPT PACKING pc=0x00007f761462bd54 sp=0x00007f760974bb10
Event: 3,904 Thread 0x00007f761825a000 DEOPT UNPACKING pc=0x00007f76145e2145 sp=0x00007f760974bac0 mode 2
Event: 3,904 Thread 0x00007f761825a000 DEOPT PACKING pc=0x00007f761462bd54 sp=0x00007f760974bb10
Event: 3,904 Thread 0x00007f761825a000 DEOPT UNPACKING pc=0x00007f76145e2145 sp=0x00007f760974bac0 mode 2
Event: 4,082 Executing VM operation: EnableBiasedLocking
Event: 4,082 Executing VM operation: EnableBiasedLocking done


Dynamic libraries:
00400000-00401000 r-xp 00000000 08:06 145006                             /usr/lib/jvm/java-7-oracle/bin/java
00600000-00601000 rw-p 00000000 08:06 145006                             /usr/lib/jvm/java-7-oracle/bin/java
00610000-00631000 rw-p 00000000 00:00 0                                  [heap]
bf200000-c06c0000 rw-p 00000000 00:00 0 
c06c0000-c4400000 rw-p 00000000 00:00 0 
c4400000-c6bd0000 rw-p 00000000 00:00 0 
c6bd0000-ec160000 rw-p 00000000 00:00 0 
ec160000-ed540000 rw-p 00000000 00:00 0 
ed540000-100000000 rw-p 00000000 00:00 0 
7f75bc000000-7f75bc021000 rw-p 00000000 00:00 0 
7f75bc021000-7f75c0000000 ---p 00000000 00:00 0 
7f75c4000000-7f75c4021000 rw-p 00000000 00:00 0 
7f75c4021000-7f75c8000000 ---p 00000000 00:00 0 
7f75c8000000-7f75c8324000 rw-p 00000000 00:00 0 
7f75c8324000-7f75cc000000 ---p 00000000 00:00 0 
7f75cc000000-7f75cc021000 rw-p 00000000 00:00 0 
7f75cc021000-7f75d0000000 ---p 00000000 00:00 0 
7f75d0000000-7f75d0021000 rw-p 00000000 00:00 0 
7f75d0021000-7f75d4000000 ---p 00000000 00:00 0 
7f75d4000000-7f75d4021000 rw-p 00000000 00:00 0 
7f75d4021000-7f75d8000000 ---p 00000000 00:00 0 
7f75d8000000-7f75d8021000 rw-p 00000000 00:00 0 
7f75d8021000-7f75dc000000 ---p 00000000 00:00 0 
7f75dc000000-7f75dc20f000 rw-p 00000000 00:00 0 
7f75dc20f000-7f75e0000000 ---p 00000000 00:00 0 
7f75e0000000-7f75e033c000 rw-p 00000000 00:00 0 
7f75e033c000-7f75e4000000 ---p 00000000 00:00 0 
7f75e4000000-7f75e4021000 rw-p 00000000 00:00 0 
7f75e4021000-7f75e8000000 ---p 00000000 00:00 0 
7f75e8000000-7f75e8021000 rw-p 00000000 00:00 0 
7f75e8021000-7f75ec000000 ---p 00000000 00:00 0 
7f75ec000000-7f75ec021000 rw-p 00000000 00:00 0 
7f75ec021000-7f75f0000000 ---p 00000000 00:00 0 
7f75f0000000-7f75f0021000 rw-p 00000000 00:00 0 
7f75f0021000-7f75f4000000 ---p 00000000 00:00 0 
7f75f4000000-7f75f4021000 rw-p 00000000 00:00 0 
7f75f4021000-7f75f8000000 ---p 00000000 00:00 0 
7f75fc000000-7f75fc021000 rw-p 00000000 00:00 0 
7f75fc021000-7f7600000000 ---p 00000000 00:00 0 
7f7604000000-7f7604021000 rw-p 00000000 00:00 0 
7f7604021000-7f7608000000 ---p 00000000 00:00 0 
7f76085ba000-7f76087b1000 rw-p 00000000 00:00 0 
7f76087b1000-7f76087b4000 ---p 00000000 00:00 0 
7f76087b4000-7f76088b2000 rw-p 00000000 00:00 0 
7f76088b2000-7f760891a000 r-xp 00000000 08:06 147104                     /usr/lib/jvm/java-7-oracle/jre/lib/amd64/libt2k.so
7f760891a000-7f7608b1a000 ---p 00068000 08:06 147104                     /usr/lib/jvm/java-7-oracle/jre/lib/amd64/libt2k.so
7f7608b1a000-7f7608b21000 rw-p 00068000 08:06 147104                     /usr/lib/jvm/java-7-oracle/jre/lib/amd64/libt2k.so
7f7608b21000-7f7608b31000 rw-p 00000000 00:00 0 
7f7608b31000-7f7608b41000 r-xp 00000000 08:06 147088                     /usr/lib/jvm/java-7-oracle/jre/lib/amd64/libnio.so
7f7608b41000-7f7608d41000 ---p 00010000 08:06 147088                     /usr/lib/jvm/java-7-oracle/jre/lib/amd64/libnio.so
7f7608d41000-7f7608d42000 rw-p 00010000 08:06 147088                     /usr/lib/jvm/java-7-oracle/jre/lib/amd64/libnio.so
7f7608d42000-7f7608d57000 r-xp 00000000 08:06 147103                     /usr/lib/jvm/java-7-oracle/jre/lib/amd64/libnet.so
7f7608d57000-7f7608f57000 ---p 00015000 08:06 147103                     /usr/lib/jvm/java-7-oracle/jre/lib/amd64/libnet.so
7f7608f57000-7f7608f58000 rw-p 00015000 08:06 147103                     /usr/lib/jvm/java-7-oracle/jre/lib/amd64/libnet.so
7f7608f58000-7f7608f6d000 r-xp 00000000 08:06 1183589                    /lib/x86_64-linux-gnu/libgcc_s.so.1
7f7608f6d000-7f760916c000 ---p 00015000 08:06 1183589                    /lib/x86_64-linux-gnu/libgcc_s.so.1
7f760916c000-7f760916d000 r--p 00014000 08:06 1183589                    /lib/x86_64-linux-gnu/libgcc_s.so.1
7f760916d000-7f760916e000 rw-p 00015000 08:06 1183589                    /lib/x86_64-linux-gnu/libgcc_s.so.1
7f760916e000-7f76091b2000 r-xp 00000000 08:06 147111                     /usr/lib/jvm/java-7-oracle/jre/lib/amd64/libfontmanager.so
7f76091b2000-7f76093b2000 ---p 00044000 08:06 147111                     /usr/lib/jvm/java-7-oracle/jre/lib/amd64/libfontmanager.so
7f76093b2000-7f76093b6000 rw-p 00044000 08:06 147111                     /usr/lib/jvm/java-7-oracle/jre/lib/amd64/libfontmanager.so
7f76093b6000-7f76093c6000 rw-p 00000000 00:00 0 
7f76093c6000-7f760944a000 r-xp 00000000 08:06 663254                     /tmp/sqlite-3.7.2-libsqlitejdbc.so
7f760944a000-7f760964a000 ---p 00084000 08:06 663254                     /tmp/sqlite-3.7.2-libsqlitejdbc.so
7f760964a000-7f760964b000 r--p 00084000 08:06 663254                     /tmp/sqlite-3.7.2-libsqlitejdbc.so
7f760964b000-7f760964e000 rw-p 00085000 08:06 663254                     /tmp/sqlite-3.7.2-libsqlitejdbc.so
7f760964e000-7f7609651000 ---p 00000000 00:00 0 
7f7609651000-7f760974f000 rw-p 00000000 00:00 0 
7f760974f000-7f7609752000 ---p 00000000 00:00 0 
7f7609752000-7f7609850000 rw-p 00000000 00:00 0 
7f7609850000-7f7609853000 ---p 00000000 00:00 0 
7f7609853000-7f7609951000 rw-p 00000000 00:00 0 
7f7609951000-7f7609956000 r-xp 00000000 08:06 1712222                    /usr/lib/x86_64-linux-gnu/libXfixes.so.3.1.0
7f7609956000-7f7609b55000 ---p 00005000 08:06 1712222                    /usr/lib/x86_64-linux-gnu/libXfixes.so.3.1.0
7f7609b55000-7f7609b56000 r--p 00004000 08:06 1712222                    /usr/lib/x86_64-linux-gnu/libXfixes.so.3.1.0
7f7609b56000-7f7609b57000 rw-p 00005000 08:06 1712222                    /usr/lib/x86_64-linux-gnu/libXfixes.so.3.1.0
7f7609b57000-7f7609b60000 r-xp 00000000 08:06 1712214                    /usr/lib/x86_64-linux-gnu/libXcursor.so.1.0.2
7f7609b60000-7f7609d5f000 ---p 00009000 08:06 1712214                    /usr/lib/x86_64-linux-gnu/libXcursor.so.1.0.2
7f7609d5f000-7f7609d60000 r--p 00008000 08:06 1712214                    /usr/lib/x86_64-linux-gnu/libXcursor.so.1.0.2
7f7609d60000-7f7609d61000 rw-p 00009000 08:06 1712214                    /usr/lib/x86_64-linux-gnu/libXcursor.so.1.0.2
7f7609d61000-7f7609d64000 ---p 00000000 00:00 0 
7f7609d64000-7f7609e62000 rw-p 00000000 00:00 0 
7f7609e62000-7f7609e67000 r-xp 00000000 08:06 1712218                    /usr/lib/x86_64-linux-gnu/libXdmcp.so.6.0.0
7f7609e67000-7f760a066000 ---p 00005000 08:06 1712218                    /usr/lib/x86_64-linux-gnu/libXdmcp.so.6.0.0
7f760a066000-7f760a067000 r--p 00004000 08:06 1712218                    /usr/lib/x86_64-linux-gnu/libXdmcp.so.6.0.0
7f760a067000-7f760a068000 rw-p 00005000 08:06 1712218                    /usr/lib/x86_64-linux-gnu/libXdmcp.so.6.0.0
7f760a068000-7f760a06a000 r-xp 00000000 08:06 1712207                    /usr/lib/x86_64-linux-gnu/libXau.so.6.0.0
7f760a06a000-7f760a269000 ---p 00002000 08:06 1712207                    /usr/lib/x86_64-linux-gnu/libXau.so.6.0.0
7f760a269000-7f760a26a000 r--p 00001000 08:06 1712207                    /usr/lib/x86_64-linux-gnu/libXau.so.6.0.0
7f760a26a000-7f760a26b000 rw-p 00002000 08:06 1712207                    /usr/lib/x86_64-linux-gnu/libXau.so.6.0.0
7f760a26b000-7f760a288000 r-xp 00000000 08:06 1705050                    /usr/lib/x86_64-linux-gnu/libxcb.so.1.1.0
7f760a288000-7f760a487000 ---p 0001d000 08:06 1705050                    /usr/lib/x86_64-linux-gnu/libxcb.so.1.1.0
7f760a487000-7f760a488000 r--p 0001c000 08:06 1705050                    /usr/lib/x86_64-linux-gnu/libxcb.so.1.1.0
7f760a488000-7f760a489000 rw-p 0001d000 08:06 1705050                    /usr/lib/x86_64-linux-gnu/libxcb.so.1.1.0
7f760a489000-7f760a497000 r-xp 00000000 08:06 1712226                    /usr/lib/x86_64-linux-gnu/libXi.so.6.1.0
7f760a497000-7f760a696000 ---p 0000e000 08:06 1712226                    /usr/lib/x86_64-linux-gnu/libXi.so.6.1.0
7f760a696000-7f760a697000 r--p 0000d000 08:06 1712226                    /usr/lib/x86_64-linux-gnu/libXi.so.6.1.0
7f760a697000-7f760a698000 rw-p 0000e000 08:06 1712226                    /usr/lib/x86_64-linux-gnu/libXi.so.6.1.0
7f760a698000-7f760a69d000 r-xp 00000000 08:06 1712244                    /usr/lib/x86_64-linux-gnu/libXtst.so.6.1.0
7f760a69d000-7f760a89c000 ---p 00005000 08:06 1712244                    /usr/lib/x86_64-linux-gnu/libXtst.so.6.1.0
7f760a89c000-7f760a89d000 r--p 00004000 08:06 1712244                    /usr/lib/x86_64-linux-gnu/libXtst.so.6.1.0
7f760a89d000-7f760a89e000 rw-p 00005000 08:06 1712244                    /usr/lib/x86_64-linux-gnu/libXtst.so.6.1.0
7f760a89e000-7f760a8a7000 r-xp 00000000 08:06 1712240                    /usr/lib/x86_64-linux-gnu/libXrender.so.1.3.0
7f760a8a7000-7f760aaa6000 ---p 00009000 08:06 1712240                    /usr/lib/x86_64-linux-gnu/libXrender.so.1.3.0
7f760aaa6000-7f760aaa7000 r--p 00008000 08:06 1712240                    /usr/lib/x86_64-linux-gnu/libXrender.so.1.3.0
7f760aaa7000-7f760aaa8000 rw-p 00009000 08:06 1712240                    /usr/lib/x86_64-linux-gnu/libXrender.so.1.3.0
7f760aaa8000-7f760abd7000 r-xp 00000000 08:06 1712205                    /usr/lib/x86_64-linux-gnu/libX11.so.6.3.0
7f760abd7000-7f760add7000 ---p 0012f000 08:06 1712205                    /usr/lib/x86_64-linux-gnu/libX11.so.6.3.0
7f760add7000-7f760add8000 r--p 0012f000 08:06 1712205                    /usr/lib/x86_64-linux-gnu/libX11.so.6.3.0
7f760add8000-7f760addc000 rw-p 00130000 08:06 1712205                    /usr/lib/x86_64-linux-gnu/libX11.so.6.3.0
7f760addc000-7f760adec000 r-xp 00000000 08:06 1712220                    /usr/lib/x86_64-linux-gnu/libXext.so.6.4.0
7f760adec000-7f760afeb000 ---p 00010000 08:06 1712220                    /usr/lib/x86_64-linux-gnu/libXext.so.6.4.0
7f760afeb000-7f760afec000 r--p 0000f000 08:06 1712220                    /usr/lib/x86_64-linux-gnu/libXext.so.6.4.0
7f760afec000-7f760afed000 rw-p 00010000 08:06 1712220                    /usr/lib/x86_64-linux-gnu/libXext.so.6.4.0
7f760afed000-7f760b03d000 r-xp 00000000 08:06 147145                     /usr/lib/jvm/java-7-oracle/jre/lib/amd64/xawt/libmawt.so
7f760b03d000-7f760b23d000 ---p 00050000 08:06 147145                     /usr/lib/jvm/java-7-oracle/jre/lib/amd64/xawt/libmawt.so
7f760b23d000-7f760b241000 rw-p 00050000 08:06 147145                     /usr/lib/jvm/java-7-oracle/jre/lib/amd64/xawt/libmawt.so
7f760b241000-7f760b242000 rw-p 00000000 00:00 0 
7f760b242000-7f760b2e4000 r-xp 00000000 08:06 147121                     /usr/lib/jvm/java-7-oracle/jre/lib/amd64/libawt.so
7f760b2e4000-7f760b4e4000 ---p 000a2000 08:06 147121                     /usr/lib/jvm/java-7-oracle/jre/lib/amd64/libawt.so
7f760b4e4000-7f760b4f0000 rw-p 000a2000 08:06 147121                     /usr/lib/jvm/java-7-oracle/jre/lib/amd64/libawt.so
7f760b4f0000-7f760b514000 rw-p 00000000 00:00 0 
7f760b514000-7f760b515000 ---p 00000000 00:00 0 
7f760b515000-7f760b615000 rw-p 00000000 00:00 0 
7f760b615000-7f760b618000 ---p 00000000 00:00 0 
7f760b618000-7f760b716000 rw-p 00000000 00:00 0 
7f760b716000-7f760b719000 ---p 00000000 00:00 0 
7f760b719000-7f760b817000 rw-p 00000000 00:00 0 
7f760b817000-7f760b81a000 ---p 00000000 00:00 0 
7f760b81a000-7f760b918000 rw-p 00000000 00:00 0 
7f760b918000-7f760c000000 r--p 00000000 08:06 1711054                    /usr/lib/locale/locale-archive
7f760c000000-7f760c021000 rw-p 00000000 00:00 0 
7f760c021000-7f7610000000 ---p 00000000 00:00 0 
7f76100a2000-7f76100c7000 r--p 00000000 08:06 153572                     /usr/share/locale-langpack/fr/LC_MESSAGES/libc.mo
7f76100c7000-7f76100ca000 ---p 00000000 00:00 0 
7f76100ca000-7f76101c8000 rw-p 00000000 00:00 0 
7f76101c8000-7f76101cb000 ---p 00000000 00:00 0 
7f76101cb000-7f76102c9000 rw-p 00000000 00:00 0 
7f76102c9000-7f76102cc000 ---p 00000000 00:00 0 
7f76102cc000-7f76103ca000 rw-p 00000000 00:00 0 
7f76103ca000-7f76103cb000 ---p 00000000 00:00 0 
7f76103cb000-7f76114ef000 rw-p 00000000 00:00 0 
7f76114ef000-7f76116ab000 r--s 039dc000 08:06 146816                     /usr/lib/jvm/java-7-oracle/jre/lib/rt.jar
7f76116ab000-7f7613f5f000 rw-p 00000000 00:00 0 
7f7613f5f000-7f7613f60000 ---p 00000000 00:00 0 
7f7613f60000-7f7614060000 rw-p 00000000 00:00 0 
7f7614060000-7f7614061000 ---p 00000000 00:00 0 
7f7614061000-7f7614161000 rw-p 00000000 00:00 0 
7f7614161000-7f7614162000 ---p 00000000 00:00 0 
7f7614162000-7f7614276000 rw-p 00000000 00:00 0 
7f7614276000-7f76143a1000 rw-p 00000000 00:00 0 
7f76143a1000-7f76143ac000 rw-p 00000000 00:00 0 
7f76143ac000-7f76143ca000 rw-p 00000000 00:00 0 
7f76143ca000-7f76143de000 rw-p 00000000 00:00 0 
7f76143de000-7f7614508000 rw-p 00000000 00:00 0 
7f7614508000-7f7614513000 rw-p 00000000 00:00 0 
7f7614513000-7f76145a8000 rw-p 00000000 00:00 0 
7f76145a8000-7f76145a9000 rw-p 00000000 00:00 0 
7f76145a9000-7f7614819000 rwxp 00000000 00:00 0 
7f7614819000-7f76175a9000 rw-p 00000000 00:00 0 
7f76175a9000-7f76175c3000 r-xp 00000000 08:06 147136                     /usr/lib/jvm/java-7-oracle/jre/lib/amd64/libzip.so
7f76175c3000-7f76177c3000 ---p 0001a000 08:06 147136                     /usr/lib/jvm/java-7-oracle/jre/lib/amd64/libzip.so
7f76177c3000-7f76177c4000 rw-p 0001a000 08:06 147136                     /usr/lib/jvm/java-7-oracle/jre/lib/amd64/libzip.so
7f76177c4000-7f76177d0000 r-xp 00000000 08:06 1190731                    /lib/x86_64-linux-gnu/libnss_files-2.15.so
7f76177d0000-7f76179cf000 ---p 0000c000 08:06 1190731                    /lib/x86_64-linux-gnu/libnss_files-2.15.so
7f76179cf000-7f76179d0000 r--p 0000b000 08:06 1190731                    /lib/x86_64-linux-gnu/libnss_files-2.15.so
7f76179d0000-7f76179d1000 rw-p 0000c000 08:06 1190731                    /lib/x86_64-linux-gnu/libnss_files-2.15.so
7f76179d1000-7f76179db000 r-xp 00000000 08:06 1190655                    /lib/x86_64-linux-gnu/libnss_nis-2.15.so
7f76179db000-7f7617bdb000 ---p 0000a000 08:06 1190655                    /lib/x86_64-linux-gnu/libnss_nis-2.15.so
7f7617bdb000-7f7617bdc000 r--p 0000a000 08:06 1190655                    /lib/x86_64-linux-gnu/libnss_nis-2.15.so
7f7617bdc000-7f7617bdd000 rw-p 0000b000 08:06 1190655                    /lib/x86_64-linux-gnu/libnss_nis-2.15.so
7f7617bdd000-7f7617bf4000 r-xp 00000000 08:06 1190745                    /lib/x86_64-linux-gnu/libnsl-2.15.so
7f7617bf4000-7f7617df3000 ---p 00017000 08:06 1190745                    /lib/x86_64-linux-gnu/libnsl-2.15.so
7f7617df3000-7f7617df4000 r--p 00016000 08:06 1190745                    /lib/x86_64-linux-gnu/libnsl-2.15.so
7f7617df4000-7f7617df5000 rw-p 00017000 08:06 1190745                    /lib/x86_64-linux-gnu/libnsl-2.15.so
7f7617df5000-7f7617df7000 rw-p 00000000 00:00 0 
7f7617df7000-7f7617dff000 r-xp 00000000 08:06 1190732                    /lib/x86_64-linux-gnu/libnss_compat-2.15.so
7f7617dff000-7f7617ffe000 ---p 00008000 08:06 1190732                    /lib/x86_64-linux-gnu/libnss_compat-2.15.so
7f7617ffe000-7f7617fff000 r--p 00007000 08:06 1190732                    /lib/x86_64-linux-gnu/libnss_compat-2.15.so
7f7617fff000-7f7618000000 rw-p 00008000 08:06 1190732                    /lib/x86_64-linux-gnu/libnss_compat-2.15.so
7f7618000000-7f761825d000 rw-p 00000000 00:00 0 
7f761825d000-7f761c000000 ---p 00000000 00:00 0 
7f761c011000-7f761c012000 ---p 00000000 00:00 0 
7f761c012000-7f761c11d000 rw-p 00000000 00:00 0 
7f761c11d000-7f761c13b000 rw-p 00000000 00:00 0 
7f761c13b000-7f761c164000 r-xp 00000000 08:06 147089                     /usr/lib/jvm/java-7-oracle/jre/lib/amd64/libjava.so
7f761c164000-7f761c364000 ---p 00029000 08:06 147089                     /usr/lib/jvm/java-7-oracle/jre/lib/amd64/libjava.so
7f761c364000-7f761c366000 rw-p 00029000 08:06 147089                     /usr/lib/jvm/java-7-oracle/jre/lib/amd64/libjava.so
7f761c366000-7f761c373000 r-xp 00000000 08:06 147093                     /usr/lib/jvm/java-7-oracle/jre/lib/amd64/libverify.so
7f761c373000-7f761c572000 ---p 0000d000 08:06 147093                     /usr/lib/jvm/java-7-oracle/jre/lib/amd64/libverify.so
7f761c572000-7f761c574000 rw-p 0000c000 08:06 147093                     /usr/lib/jvm/java-7-oracle/jre/lib/amd64/libverify.so
7f761c574000-7f761c57b000 r-xp 00000000 08:06 1190653                    /lib/x86_64-linux-gnu/librt-2.15.so
7f761c57b000-7f761c77a000 ---p 00007000 08:06 1190653                    /lib/x86_64-linux-gnu/librt-2.15.so
7f761c77a000-7f761c77b000 r--p 00006000 08:06 1190653                    /lib/x86_64-linux-gnu/librt-2.15.so
7f761c77b000-7f761c77c000 rw-p 00007000 08:06 1190653                    /lib/x86_64-linux-gnu/librt-2.15.so
7f761c77c000-7f761c877000 r-xp 00000000 08:06 1190724                    /lib/x86_64-linux-gnu/libm-2.15.so
7f761c877000-7f761ca76000 ---p 000fb000 08:06 1190724                    /lib/x86_64-linux-gnu/libm-2.15.so
7f761ca76000-7f761ca77000 r--p 000fa000 08:06 1190724                    /lib/x86_64-linux-gnu/libm-2.15.so
7f761ca77000-7f761ca78000 rw-p 000fb000 08:06 1190724                    /lib/x86_64-linux-gnu/libm-2.15.so
7f761ca78000-7f761d4bf000 r-xp 00000000 08:06 147141                     /usr/lib/jvm/java-7-oracle/jre/lib/amd64/server/libjvm.so
7f761d4bf000-7f761d6bf000 ---p 00a47000 08:06 147141                     /usr/lib/jvm/java-7-oracle/jre/lib/amd64/server/libjvm.so
7f761d6bf000-7f761d762000 rw-p 00a47000 08:06 147141                     /usr/lib/jvm/java-7-oracle/jre/lib/amd64/server/libjvm.so
7f761d762000-7f761d79e000 rw-p 00000000 00:00 0 
7f761d79e000-7f761d953000 r-xp 00000000 08:06 1190614                    /lib/x86_64-linux-gnu/libc-2.15.so
7f761d953000-7f761db52000 ---p 001b5000 08:06 1190614                    /lib/x86_64-linux-gnu/libc-2.15.so
7f761db52000-7f761db56000 r--p 001b4000 08:06 1190614                    /lib/x86_64-linux-gnu/libc-2.15.so
7f761db56000-7f761db58000 rw-p 001b8000 08:06 1190614                    /lib/x86_64-linux-gnu/libc-2.15.so
7f761db58000-7f761db5d000 rw-p 00000000 00:00 0 
7f761db5d000-7f761db5f000 r-xp 00000000 08:06 1190613                    /lib/x86_64-linux-gnu/libdl-2.15.so
7f761db5f000-7f761dd5f000 ---p 00002000 08:06 1190613                    /lib/x86_64-linux-gnu/libdl-2.15.so
7f761dd5f000-7f761dd60000 r--p 00002000 08:06 1190613                    /lib/x86_64-linux-gnu/libdl-2.15.so
7f761dd60000-7f761dd61000 rw-p 00003000 08:06 1190613                    /lib/x86_64-linux-gnu/libdl-2.15.so
7f761dd61000-7f761dd77000 r-xp 00000000 08:06 147116                     /usr/lib/jvm/java-7-oracle/jre/lib/amd64/jli/libjli.so
7f761dd77000-7f761df77000 ---p 00016000 08:06 147116                     /usr/lib/jvm/java-7-oracle/jre/lib/amd64/jli/libjli.so
7f761df77000-7f761df78000 rw-p 00016000 08:06 147116                     /usr/lib/jvm/java-7-oracle/jre/lib/amd64/jli/libjli.so
7f761df78000-7f761df90000 r-xp 00000000 08:06 1190624                    /lib/x86_64-linux-gnu/libpthread-2.15.so
7f761df90000-7f761e18f000 ---p 00018000 08:06 1190624                    /lib/x86_64-linux-gnu/libpthread-2.15.so
7f761e18f000-7f761e190000 r--p 00017000 08:06 1190624                    /lib/x86_64-linux-gnu/libpthread-2.15.so
7f761e190000-7f761e191000 rw-p 00018000 08:06 1190624                    /lib/x86_64-linux-gnu/libpthread-2.15.so
7f761e191000-7f761e195000 rw-p 00000000 00:00 0 
7f761e195000-7f761e1b7000 r-xp 00000000 08:06 1190735                    /lib/x86_64-linux-gnu/ld-2.15.so
7f761e1c6000-7f761e1ca000 r--s 0008a000 08:06 147216                     /usr/lib/jvm/java-7-oracle/jre/lib/jsse.jar
7f761e1ca000-7f761e1d4000 r--s 00254000 08:06 147083                     /usr/lib/jvm/java-7-oracle/jre/lib/resources.jar
7f761e1d4000-7f761e1de000 rw-p 00000000 00:00 0 
7f761e1de000-7f761e294000 rw-p 00000000 00:00 0 
7f761e294000-7f761e297000 ---p 00000000 00:00 0 
7f761e297000-7f761e399000 rw-p 00000000 00:00 0 
7f761e39e000-7f761e39f000 rw-p 00000000 00:00 0 
7f761e39f000-7f761e3a4000 r--s 00309000 08:02 187442                     /media/WINDOWS/Users/Xavier/Software/workspace/Eclipse Project/Projet_Billeterie/lib/sqlite-jdbc-3.7.2.jar
7f761e3a4000-7f761e3ab000 r--s 00000000 08:06 4688                       /usr/lib/x86_64-linux-gnu/gconv/gconv-modules.cache
7f761e3ab000-7f761e3b3000 rw-s 00000000 08:06 671449                     /tmp/hsperfdata_xavier/8701
7f761e3b3000-7f761e3b4000 rw-p 00000000 00:00 0 
7f761e3b4000-7f761e3b5000 r--p 00000000 00:00 0 
7f761e3b5000-7f761e3b7000 rw-p 00000000 00:00 0 
7f761e3b7000-7f761e3b8000 r--p 00022000 08:06 1190735                    /lib/x86_64-linux-gnu/ld-2.15.so
7f761e3b8000-7f761e3ba000 rw-p 00023000 08:06 1190735                    /lib/x86_64-linux-gnu/ld-2.15.so
7fff8db7a000-7fff8db9b000 rw-p 00000000 00:00 0                          [stack]
7fff8dbff000-7fff8dc00000 r-xp 00000000 00:00 0                          [vdso]
ffffffffff600000-ffffffffff601000 r-xp 00000000 00:00 0                  [vsyscall]

VM Arguments:
jvm_args: -Dfile.encoding=UTF-8 
java_command: ihm.fenetres.FenetrePrincipale
Launcher Type: SUN_STANDARD

Environment Variables:
PATH=/usr/lib/lightdm/lightdm:/usr/local/sbin:/usr/local/bin:/usr/sbin:/usr/bin:/sbin:/bin:/usr/games
SHELL=/bin/bash
DISPLAY=:0.0

Signal Handlers:
SIGSEGV: [libjvm.so+0x8a5d70], sa_mask[0]=0x7ffbfeff, sa_flags=0x10000004
SIGBUS: [libjvm.so+0x8a5d70], sa_mask[0]=0x7ffbfeff, sa_flags=0x10000004
SIGFPE: [libjvm.so+0x741e50], sa_mask[0]=0x7ffbfeff, sa_flags=0x10000004
SIGPIPE: [libjvm.so+0x741e50], sa_mask[0]=0x7ffbfeff, sa_flags=0x10000004
SIGXFSZ: [libjvm.so+0x741e50], sa_mask[0]=0x7ffbfeff, sa_flags=0x10000004
SIGILL: [libjvm.so+0x741e50], sa_mask[0]=0x7ffbfeff, sa_flags=0x10000004
SIGUSR1: SIG_DFL, sa_mask[0]=0x00000000, sa_flags=0x00000000
SIGUSR2: [libjvm.so+0x7417a0], sa_mask[0]=0x00000004, sa_flags=0x10000004
SIGHUP: [libjvm.so+0x743b30], sa_mask[0]=0x7ffbfeff, sa_flags=0x10000004
SIGINT: [libjvm.so+0x743b30], sa_mask[0]=0x7ffbfeff, sa_flags=0x10000004
SIGTERM: [libjvm.so+0x743b30], sa_mask[0]=0x7ffbfeff, sa_flags=0x10000004
SIGQUIT: [libjvm.so+0x743b30], sa_mask[0]=0x7ffbfeff, sa_flags=0x10000004


---------------  S Y S T E M  ---------------

OS:wheezy/sid

uname:Linux 3.2.0-40-generic #64-Ubuntu SMP Mon Mar 25 21:22:10 UTC 2013 x86_64
libc:glibc 2.15 NPTL 2.15 
rlimit: STACK 8192k, CORE 0k, NPROC 30408, NOFILE 4096, AS infinity
load average:0,67 0,33 0,40

/proc/meminfo:
MemTotal:        3909972 kB
MemFree:         1305988 kB
Buffers:          253540 kB
Cached:           887728 kB
SwapCached:            0 kB
Active:          1382796 kB
Inactive:         874836 kB
Active(anon):    1117264 kB
Inactive(anon):     1824 kB
Active(file):     265532 kB
Inactive(file):   873012 kB
Unevictable:           0 kB
Mlocked:               0 kB
SwapTotal:       3905532 kB
SwapFree:        3905532 kB
Dirty:               272 kB
Writeback:             0 kB
AnonPages:       1116564 kB
Mapped:           267572 kB
Shmem:              2624 kB
Slab:              72036 kB
SReclaimable:      42968 kB
SUnreclaim:        29068 kB
KernelStack:        3864 kB
PageTables:        25772 kB
NFS_Unstable:          0 kB
Bounce:                0 kB
WritebackTmp:          0 kB
CommitLimit:     5860516 kB
Committed_AS:    3558500 kB
VmallocTotal:   34359738367 kB
VmallocUsed:      304632 kB
VmallocChunk:   34359431528 kB
HardwareCorrupted:     0 kB
AnonHugePages:         0 kB
HugePages_Total:       0
HugePages_Free:        0
HugePages_Rsvd:        0
HugePages_Surp:        0
Hugepagesize:       2048 kB
DirectMap4k:      143360 kB
DirectMap2M:     3911680 kB


CPU:total 4 (2 cores per cpu, 2 threads per core) family 6 model 37 stepping 2, cmov, cx8, fxsr, mmx, sse, sse2, sse3, ssse3, sse4.1, sse4.2, popcnt, ht, tsc, tscinvbit

/proc/cpuinfo:
processor	: 0
vendor_id	: GenuineIntel
cpu family	: 6
model		: 37
model name	: Intel(R) Core(TM) i3 CPU       M 330  @ 2.13GHz
stepping	: 2
microcode	: 0x8
cpu MHz		: 933.000
cache size	: 3072 KB
physical id	: 0
siblings	: 4
core id		: 0
cpu cores	: 2
apicid		: 0
initial apicid	: 0
fpu		: yes
fpu_exception	: yes
cpuid level	: 11
wp		: yes
flags		: fpu vme de pse tsc msr pae mce cx8 apic sep mtrr pge mca cmov pat pse36 clflush dts acpi mmx fxsr sse sse2 ss ht tm pbe syscall nx rdtscp lm constant_tsc arch_perfmon pebs bts nopl xtopology nonstop_tsc aperfmperf pni dtes64 monitor ds_cpl vmx est tm2 ssse3 cx16 xtpr pdcm sse4_1 sse4_2 popcnt lahf_lm arat dtherm tpr_shadow vnmi flexpriority ept vpid
bogomips	: 4256.21
clflush size	: 64
cache_alignment	: 64
address sizes	: 36 bits physical, 48 bits virtual
power management:

processor	: 1
vendor_id	: GenuineIntel
cpu family	: 6
model		: 37
model name	: Intel(R) Core(TM) i3 CPU       M 330  @ 2.13GHz
stepping	: 2
microcode	: 0x8
cpu MHz		: 933.000
cache size	: 3072 KB
physical id	: 0
siblings	: 4
core id		: 0
cpu cores	: 2
apicid		: 1
initial apicid	: 1
fpu		: yes
fpu_exception	: yes
cpuid level	: 11
wp		: yes
flags		: fpu vme de pse tsc msr pae mce cx8 apic sep mtrr pge mca cmov pat pse36 clflush dts acpi mmx fxsr sse sse2 ss ht tm pbe syscall nx rdtscp lm constant_tsc arch_perfmon pebs bts nopl xtopology nonstop_tsc aperfmperf pni dtes64 monitor ds_cpl vmx est tm2 ssse3 cx16 xtpr pdcm sse4_1 sse4_2 popcnt lahf_lm arat dtherm tpr_shadow vnmi flexpriority ept vpid
bogomips	: 4255.90
clflush size	: 64
cache_alignment	: 64
address sizes	: 36 bits physical, 48 bits virtual
power management:

processor	: 2
vendor_id	: GenuineIntel
cpu family	: 6
model		: 37
model name	: Intel(R) Core(TM) i3 CPU       M 330  @ 2.13GHz
stepping	: 2
microcode	: 0x8
cpu MHz		: 933.000
cache size	: 3072 KB
physical id	: 0
siblings	: 4
core id		: 2
cpu cores	: 2
apicid		: 4
initial apicid	: 4
fpu		: yes
fpu_exception	: yes
cpuid level	: 11
wp		: yes
flags		: fpu vme de pse tsc msr pae mce cx8 apic sep mtrr pge mca cmov pat pse36 clflush dts acpi mmx fxsr sse sse2 ss ht tm pbe syscall nx rdtscp lm constant_tsc arch_perfmon pebs bts nopl xtopology nonstop_tsc aperfmperf pni dtes64 monitor ds_cpl vmx est tm2 ssse3 cx16 xtpr pdcm sse4_1 sse4_2 popcnt lahf_lm arat dtherm tpr_shadow vnmi flexpriority ept vpid
bogomips	: 4255.91
clflush size	: 64
cache_alignment	: 64
address sizes	: 36 bits physical, 48 bits virtual
power management:

processor	: 3
vendor_id	: GenuineIntel
cpu family	: 6
model		: 37
model name	: Intel(R) Core(TM) i3 CPU       M 330  @ 2.13GHz
stepping	: 2
microcode	: 0x8
cpu MHz		: 933.000
cache size	: 3072 KB
physical id	: 0
siblings	: 4
core id		: 2
cpu cores	: 2
apicid		: 5
initial apicid	: 5
fpu		: yes
fpu_exception	: yes
cpuid level	: 11
wp		: yes
flags		: fpu vme de pse tsc msr pae mce cx8 apic sep mtrr pge mca cmov pat pse36 clflush dts acpi mmx fxsr sse sse2 ss ht tm pbe syscall nx rdtscp lm constant_tsc arch_perfmon pebs bts nopl xtopology nonstop_tsc aperfmperf pni dtes64 monitor ds_cpl vmx est tm2 ssse3 cx16 xtpr pdcm sse4_1 sse4_2 popcnt lahf_lm arat dtherm tpr_shadow vnmi flexpriority ept vpid
bogomips	: 4255.91
clflush size	: 64
cache_alignment	: 64
address sizes	: 36 bits physical, 48 bits virtual
power management:



Memory: 4k page, physical 3909972k(1305988k free), swap 3905532k(3905532k free)

vm_info: Java HotSpot(TM) 64-Bit Server VM (23.7-b01) for linux-amd64 JRE (1.7.0_17-b02), built on Mar  1 2013 02:59:06 by "java_re" with gcc 4.3.0 20080428 (Red Hat 4.3.0-8)

time: Sat Apr 13 18:29:04 2013
elapsed time: 4 seconds

