#
# A fatal error has been detected by the Java Runtime Environment:
#
#  SIGSEGV (0xb) at pc=0x00007f5229c1ce9f, pid=9106, tid=139990469424896
#
# JRE version: 7.0_17-b02
# Java VM: Java HotSpot(TM) 64-Bit Server VM (23.7-b01 mixed mode linux-amd64 compressed oops)
# Problematic frame:
# V  [libjvm.so+0x57be9f]  jni_GetStringUTFChars+0x9f
#
# Failed to write core dump. Core dumps have been disabled. To enable core dumping, try "ulimit -c unlimited" before starting Java again
#
# If you would like to submit a bug report, please visit:
#   http://bugreport.sun.com/bugreport/crash.jsp
#

---------------  T H R E A D  ---------------

Current thread (0x00007f522424a000):  JavaThread "AWT-EventQueue-0" [_thread_in_vm, id=9127, stack(0x00007f521223b000,0x00007f521233c000)]

siginfo:si_signo=SIGSEGV: si_errno=0, si_code=1 (SEGV_MAPERR), si_addr=0x0000000000000000

Registers:
RAX=0x0000000000000000, RBX=0x00007f522424a000, RCX=0x00000000ec6b7788, RDX=0x00007f522a39b0e0
RSP=0x00007f5212338870, RBP=0x00007f52123388e0, RSI=0x0000000000000000, RDI=0x00007f522424a1d8
R8 =0x00007f51d42b23e8, R9 =0x00000000ec6b7788, R10=0x0000000000000002, R11=0x00007f522a39b0e8
R12=0x0000000000000000, R13=0x0000000000000000, R14=0x00007f52123389c0, R15=0x00007f522424a000
RIP=0x00007f5229c1ce9f, EFLAGS=0x0000000000010246, CSGSFS=0x0000000000000033, ERR=0x0000000000000004
  TRAPNO=0x000000000000000e

Top of Stack: (sp=0x00007f5212338870)
0x00007f5212338870:   0000000000000000 0000000000000000
0x00007f5212338880:   00007f522424a000 0000000000000000
0x00007f5212338890:   00007f52123388c0 00007f5221006158
0x00007f52123388a0:   00007f522424a000 00007f52123388a8
0x00007f52123388b0:   00000000bf862471 00000000bf7f60d0
0x00007f52123388c0:   00007f51d42b20a8 0000000000000000
0x00007f52123388d0:   00007f52123389c0 00007f522424a000
0x00007f52123388e0:   00007f522424a1d8 00007f5211fc02b0
0x00007f52123388f0:   00007f5221006158 00000000ec6b8150
0x00007f5212338900:   00000000bf7f60d0 00007f5212338998
0x00007f5212338910:   0000000000000000 00000000bf7f60c8
0x00007f5212338920:   00007f52123389c0 00007f5221012963
0x00007f5212338930:   0000000000000000 00007f5211fc6794
0x00007f5212338940:   0000000000000000 0000000000000000
0x00007f5212338950:   00000000ec6b7788 00007f5212338948
0x00007f5212338960:   0000000000000000 00007f52123389c0
0x00007f5212338970:   00000000bf8004e0 0000000000000000
0x00007f5212338980:   00000000bf7f60d0 0000000000000000
0x00007f5212338990:   00007f52123389b8 00007f5212338a20
0x00007f52123389a0:   00007f5221006275 0000000000000000
0x00007f52123389b0:   00007f522100edd7 0000000000000000
0x00007f52123389c0:   00000000ec6b7788 00000000ec6b80f8
0x00007f52123389d0:   0000000000000001 00000000ec6b7788
0x00007f52123389e0:   00007f52123389d0 00000000bf7fab8d
0x00007f52123389f0:   00007f5212338a38 00000000bf7ffd40
0x00007f5212338a00:   0000000000000000 00000000bf7fabd8
0x00007f5212338a10:   00007f52123389b8 00007f5212338a30
0x00007f5212338a20:   00007f5212338a80 00007f5221006158
0x00007f5212338a30:   00000000ec6b80f8 00000000ec6b7788
0x00007f5212338a40:   00007f5212338a40 00000000bf85fcbe
0x00007f5212338a50:   00007f5212338a98 00000000bf874ca8
0x00007f5212338a60:   0000000000000000 00000000bf85fd08 

Instructions: (pc=0x00007f5229c1ce9f)
0x00007f5229c1ce7f:   48 89 5d c0 48 89 5d a0 48 c7 45 a8 00 00 00 00
0x00007f5229c1ce8f:   48 83 7b 08 00 74 09 48 8d 7d a0 e8 e1 1a 21 00
0x00007f5229c1ce9f:   4d 8b 3c 24 4c 89 ff e8 65 8f fd ff 41 89 c5 48
0x00007f5229c1ceaf:   98 4c 8d 60 01 4c 89 e7 e8 14 29 1c 00 48 85 c0 

Register to memory mapping:

RAX=0x0000000000000000 is an unknown value
RBX=0x00007f522424a000 is a thread
RCX=0x00000000ec6b7788 is an oop
org.sqlite.NativeDB 
 - klass: 'org/sqlite/NativeDB'
RDX=0x00007f522a39b0e0: <offset 0xcfa0e0> in /usr/lib/jvm/java-7-oracle/jre/lib/amd64/server/libjvm.so at 0x00007f52296a1000
RSP=0x00007f5212338870 is pointing into the stack for thread: 0x00007f522424a000
RBP=0x00007f52123388e0 is pointing into the stack for thread: 0x00007f522424a000
RSI=0x0000000000000000 is an unknown value
RDI=0x00007f522424a1d8 is an unknown value
R8 =0x00007f51d42b23e8 is an unknown value
R9 =0x00000000ec6b7788 is an oop
org.sqlite.NativeDB 
 - klass: 'org/sqlite/NativeDB'
R10=0x0000000000000002 is an unknown value
R11=0x00007f522a39b0e8: <offset 0xcfa0e8> in /usr/lib/jvm/java-7-oracle/jre/lib/amd64/server/libjvm.so at 0x00007f52296a1000
R12=0x0000000000000000 is an unknown value
R13=0x0000000000000000 is an unknown value
R14=0x00007f52123389c0 is pointing into the stack for thread: 0x00007f522424a000
R15=0x00007f522424a000 is a thread


Stack: [0x00007f521223b000,0x00007f521233c000],  sp=0x00007f5212338870,  free space=1014k
Native frames: (J=compiled Java code, j=interpreted, Vv=VM code, C=native code)
V  [libjvm.so+0x57be9f]  jni_GetStringUTFChars+0x9f

Java frames: (J=compiled Java code, j=interpreted, Vv=VM code)
j  org.sqlite.NativeDB.prepare(Ljava/lang/String;)J+0
j  org.sqlite.DB.prepare(Lorg/sqlite/Stmt;)V+21
j  org.sqlite.Stmt.executeQuery(Ljava/lang/String;)Ljava/sql/ResultSet;+14
j  modele.SQLiteImpl.query(Ljava/lang/String;)Ljava/util/List;+38
j  modele.DataBase.getObjets(Ljava/lang/String;)Ljava/util/List;+5
j  modele.ListeObjet.recherche(Ljava/lang/String;)V+26
j  ihm.barresOutils.BarreOutilsPersonnes$RechercheAction.actionPerformed(Ljava/awt/event/ActionEvent;)V+14
j  javax.swing.AbstractButton.fireActionPerformed(Ljava/awt/event/ActionEvent;)V+84
j  javax.swing.AbstractButton$Handler.actionPerformed(Ljava/awt/event/ActionEvent;)V+5
j  javax.swing.DefaultButtonModel.fireActionPerformed(Ljava/awt/event/ActionEvent;)V+35
j  javax.swing.DefaultButtonModel.setPressed(Z)V+117
j  javax.swing.plaf.basic.BasicButtonListener.mouseReleased(Ljava/awt/event/MouseEvent;)V+35
j  java.awt.Component.processMouseEvent(Ljava/awt/event/MouseEvent;)V+64
j  javax.swing.JComponent.processMouseEvent(Ljava/awt/event/MouseEvent;)V+23
j  java.awt.Component.processEvent(Ljava/awt/AWTEvent;)V+81
j  java.awt.Container.processEvent(Ljava/awt/AWTEvent;)V+18
j  java.awt.Component.dispatchEventImpl(Ljava/awt/AWTEvent;)V+581
j  java.awt.Container.dispatchEventImpl(Ljava/awt/AWTEvent;)V+42
j  java.awt.Component.dispatchEvent(Ljava/awt/AWTEvent;)V+2
j  java.awt.LightweightDispatcher.retargetMouseEvent(Ljava/awt/Component;ILjava/awt/event/MouseEvent;)V+327
j  java.awt.LightweightDispatcher.processMouseEvent(Ljava/awt/event/MouseEvent;)Z+139
j  java.awt.LightweightDispatcher.dispatchEvent(Ljava/awt/AWTEvent;)Z+50
j  java.awt.Container.dispatchEventImpl(Ljava/awt/AWTEvent;)V+12
j  java.awt.Window.dispatchEventImpl(Ljava/awt/AWTEvent;)V+19
j  java.awt.Component.dispatchEvent(Ljava/awt/AWTEvent;)V+2
j  java.awt.EventQueue.dispatchEventImpl(Ljava/awt/AWTEvent;Ljava/lang/Object;)V+41
j  java.awt.EventQueue.access$200(Ljava/awt/EventQueue;Ljava/awt/AWTEvent;Ljava/lang/Object;)V+3
j  java.awt.EventQueue$3.run()Ljava/lang/Void;+12
j  java.awt.EventQueue$3.run()Ljava/lang/Object;+1
v  ~StubRoutines::call_stub
j  java.security.AccessController.doPrivileged(Ljava/security/PrivilegedAction;Ljava/security/AccessControlContext;)Ljava/lang/Object;+0
j  java.security.ProtectionDomain$1.doIntersectionPrivilege(Ljava/security/PrivilegedAction;Ljava/security/AccessControlContext;Ljava/security/AccessControlContext;)Ljava/lang/Object;+28
j  java.security.ProtectionDomain$1.doIntersectionPrivilege(Ljava/security/PrivilegedAction;Ljava/security/AccessControlContext;)Ljava/lang/Object;+6
j  java.awt.EventQueue$4.run()Ljava/lang/Void;+11
j  java.awt.EventQueue$4.run()Ljava/lang/Object;+1
v  ~StubRoutines::call_stub
j  java.security.AccessController.doPrivileged(Ljava/security/PrivilegedAction;Ljava/security/AccessControlContext;)Ljava/lang/Object;+0
j  java.security.ProtectionDomain$1.doIntersectionPrivilege(Ljava/security/PrivilegedAction;Ljava/security/AccessControlContext;Ljava/security/AccessControlContext;)Ljava/lang/Object;+28
j  java.awt.EventQueue.dispatchEvent(Ljava/awt/AWTEvent;)V+73
j  java.awt.EventDispatchThread.pumpOneEventForFilters(I)V+245
j  java.awt.EventDispatchThread.pumpEventsForFilter(ILjava/awt/Conditional;Ljava/awt/EventFilter;)V+35
j  java.awt.EventDispatchThread.pumpEventsForHierarchy(ILjava/awt/Conditional;Ljava/awt/Component;)V+11
j  java.awt.EventDispatchThread.pumpEvents(ILjava/awt/Conditional;)V+4
j  java.awt.EventDispatchThread.pumpEvents(Ljava/awt/Conditional;)V+3
j  java.awt.EventDispatchThread.run()V+9
v  ~StubRoutines::call_stub

---------------  P R O C E S S  ---------------

Java Threads: ( => current thread )
  0x00007f51d41b2000 JavaThread "TimerQueue" daemon [_thread_blocked, id=9128, stack(0x00007f521139e000,0x00007f521149f000)]
  0x00007f5224009000 JavaThread "DestroyJavaVM" [_thread_blocked, id=9111, stack(0x00007f522aebd000,0x00007f522afbe000)]
=>0x00007f522424a000 JavaThread "AWT-EventQueue-0" [_thread_in_vm, id=9127, stack(0x00007f521223b000,0x00007f521233c000)]
  0x00007f5224248000 JavaThread "AWT-Shutdown" [_thread_blocked, id=9126, stack(0x00007f521233c000,0x00007f521243d000)]
  0x00007f5224243800 JavaThread "AWT-XAWT" daemon [_thread_in_native, id=9125, stack(0x00007f521243d000,0x00007f521253e000)]
  0x00007f5224214000 JavaThread "Java2D Disposer" daemon [_thread_blocked, id=9124, stack(0x00007f521804e000,0x00007f521814f000)]
  0x00007f52240f0800 JavaThread "Service Thread" daemon [_thread_blocked, id=9122, stack(0x00007f5218250000,0x00007f5218351000)]
  0x00007f52240ee000 JavaThread "C2 CompilerThread1" daemon [_thread_blocked, id=9121, stack(0x00007f5218351000,0x00007f5218452000)]
  0x00007f52240eb000 JavaThread "C2 CompilerThread0" daemon [_thread_blocked, id=9120, stack(0x00007f5218452000,0x00007f5218553000)]
  0x00007f52240e9000 JavaThread "Signal Dispatcher" daemon [_thread_blocked, id=9119, stack(0x00007f5218553000,0x00007f5218654000)]
  0x00007f522409c000 JavaThread "Finalizer" daemon [_thread_blocked, id=9118, stack(0x00007f5218d3c000,0x00007f5218e3d000)]
  0x00007f5224099800 JavaThread "Reference Handler" daemon [_thread_blocked, id=9117, stack(0x00007f5218e3d000,0x00007f5218f3e000)]

Other Threads:
  0x00007f5224092000 VMThread [stack: 0x00007f5218f3e000,0x00007f521903f000] [id=9116]
  0x00007f52240fb000 WatcherThread [stack: 0x00007f521814f000,0x00007f5218250000] [id=9123]

VM state:not at safepoint (normal execution)

VM Mutex/Monitor currently owned by a thread: None

Heap
 PSYoungGen      total 17856K, used 5543K [0x00000000ec160000, 0x00000000ed540000, 0x0000000100000000)
  eden space 15360K, 36% used [0x00000000ec160000,0x00000000ec6c9ee8,0x00000000ed060000)
  from space 2496K, 0% used [0x00000000ed2d0000,0x00000000ed2d0000,0x00000000ed540000)
  to   space 2496K, 0% used [0x00000000ed060000,0x00000000ed060000,0x00000000ed2d0000)
 ParOldGen       total 40768K, used 0K [0x00000000c4400000, 0x00000000c6bd0000, 0x00000000ec160000)
  object space 40768K, 0% used [0x00000000c4400000,0x00000000c4400000,0x00000000c6bd0000)
 PSPermGen       total 21248K, used 12549K [0x00000000bf200000, 0x00000000c06c0000, 0x00000000c4400000)
  object space 21248K, 59% used [0x00000000bf200000,0x00000000bfe41670,0x00000000c06c0000)

Card table byte_map: [0x00007f5228105000,0x00007f522830d000] byte_map_base: 0x00007f5227b0c000

Polling page: 0x00007f522afdd000

Code Cache  [0x00007f5221000000, 0x00007f5221270000, 0x00007f5224000000)
 total_blobs=509 nmethods=42 adapters=419 free_code_cache=48540Kb largest_free_block=49690368

Compilation events (10 events):
Event: 0,873 Thread 0x00007f52240ee000   34             java.util.HashMap::indexFor (6 bytes)
Event: 0,874 Thread 0x00007f52240ee000 nmethod 34 0x00007f5221071190 code [0x00007f52210712c0, 0x00007f52210712f8]
Event: 0,988 Thread 0x00007f52240eb000   35             java.lang.AbstractStringBuilder::ensureCapacityInternal (16 bytes)
Event: 0,993 Thread 0x00007f52240eb000 nmethod 35 0x00007f5221097e10 code [0x00007f5221097f60, 0x00007f52210981d8]
Event: 1,040 Thread 0x00007f52240ee000   36             java.util.Arrays::binarySearch0 (95 bytes)
Event: 1,041 Thread 0x00007f52240eb000   37             sun.java2d.loops.GraphicsPrimitiveMgr$2::compare (39 bytes)
Event: 1,042 Thread 0x00007f52240eb000 nmethod 37 0x00007f5221096810 code [0x00007f5221096960, 0x00007f5221096a38]
Event: 1,044 Thread 0x00007f52240ee000 nmethod 36 0x00007f5221099650 code [0x00007f52210997a0, 0x00007f5221099958]
Event: 1,405 Thread 0x00007f52240eb000   38             java.util.HashMap::hash (59 bytes)
Event: 1,409 Thread 0x00007f52240eb000 nmethod 38 0x00007f5221098e90 code [0x00007f5221098fe0, 0x00007f5221099128]

GC Heap History (0 events):
No events

Deoptimization events (6 events):
Event: 0,486 Thread 0x00007f522424a000 Uncommon trap 18 fr.pc 0x00007f522107cccc
Event: 0,487 Thread 0x00007f522424a000 Uncommon trap -83 fr.pc 0x00007f522107b954
Event: 0,751 Thread 0x00007f522424a000 Uncommon trap -34 fr.pc 0x00007f5221079a8c
Event: 0,751 Thread 0x00007f522424a000 Uncommon trap -34 fr.pc 0x00007f5221079a8c
Event: 0,752 Thread 0x00007f522424a000 Uncommon trap -34 fr.pc 0x00007f5221079a8c
Event: 0,752 Thread 0x00007f522424a000 Uncommon trap -34 fr.pc 0x00007f5221079a8c

Internal exceptions (10 events):
Event: 0,590 Thread 0x00007f522424a000 Threw 0x00000000ec40a0e0 at /HUDSON/workspace/jdk7u17-2-build-linux-amd64-product/jdk7u17/hotspot/src/share/vm/prims/jvm.cpp:1166
Event: 0,593 Thread 0x00007f522424a000 Threw 0x00000000ec413188 at /HUDSON/workspace/jdk7u17-2-build-linux-amd64-product/jdk7u17/hotspot/src/share/vm/prims/jvm.cpp:1166
Event: 0,596 Thread 0x00007f522424a000 Threw 0x00000000ec4192a0 at /HUDSON/workspace/jdk7u17-2-build-linux-amd64-product/jdk7u17/hotspot/src/share/vm/prims/jvm.cpp:1166
Event: 0,666 Thread 0x00007f522424a000 Threw 0x00000000ec4a1f50 at /HUDSON/workspace/jdk7u17-2-build-linux-amd64-product/jdk7u17/hotspot/src/share/vm/prims/jvm.cpp:1166
Event: 0,690 Thread 0x00007f522424a000 Threw 0x00000000ec4ba700 at /HUDSON/workspace/jdk7u17-2-build-linux-amd64-product/jdk7u17/hotspot/src/share/vm/prims/jvm.cpp:1166
Event: 0,695 Thread 0x00007f522424a000 Threw 0x00000000ec4bf800 at /HUDSON/workspace/jdk7u17-2-build-linux-amd64-product/jdk7u17/hotspot/src/share/vm/prims/jvm.cpp:1166
Event: 0,697 Thread 0x00007f522424a000 Threw 0x00000000ec4c6308 at /HUDSON/workspace/jdk7u17-2-build-linux-amd64-product/jdk7u17/hotspot/src/share/vm/prims/jvm.cpp:1166
Event: 0,698 Thread 0x00007f522424a000 Threw 0x00000000ec4c9ea0 at /HUDSON/workspace/jdk7u17-2-build-linux-amd64-product/jdk7u17/hotspot/src/share/vm/prims/jvm.cpp:1166
Event: 0,833 Thread 0x00007f522424a000 Threw 0x00000000ec5dc778 at /HUDSON/workspace/jdk7u17-2-build-linux-amd64-product/jdk7u17/hotspot/src/share/vm/prims/jvm.cpp:1166
Event: 1,133 Thread 0x00007f522424a000 Threw 0x00000000ec690758 at /HUDSON/workspace/jdk7u17-2-build-linux-amd64-product/jdk7u17/hotspot/src/share/vm/prims/jni.cpp:742

Events (10 events):
Event: 1,205 loading class 0x00007f51d42af8b0
Event: 1,205 loading class 0x00007f51d42af8b0 done
Event: 1,205 loading class 0x00007f51d42af8f0
Event: 1,206 loading class 0x00007f51d42af8f0 done
Event: 1,771 loading class 0x00007f51dc0012d0
Event: 1,771 loading class 0x00007f51dc0012d0 done
Event: 1,782 loading class 0x00007f52241686a0
Event: 1,782 loading class 0x00007f52241686a0 done
Event: 1,805 loading class 0x00007f51d40e3850
Event: 1,805 loading class 0x00007f51d40e3850 done


Dynamic libraries:
00400000-00401000 r-xp 00000000 08:06 145006                             /usr/lib/jvm/java-7-oracle/bin/java
00600000-00601000 rw-p 00000000 08:06 145006                             /usr/lib/jvm/java-7-oracle/bin/java
01f4f000-01f70000 rw-p 00000000 00:00 0                                  [heap]
bf200000-c06c0000 rw-p 00000000 00:00 0 
c06c0000-c4400000 rw-p 00000000 00:00 0 
c4400000-c6bd0000 rw-p 00000000 00:00 0 
c6bd0000-ec160000 rw-p 00000000 00:00 0 
ec160000-ed540000 rw-p 00000000 00:00 0 
ed540000-100000000 rw-p 00000000 00:00 0 
7f51d4000000-7f51d4334000 rw-p 00000000 00:00 0 
7f51d4334000-7f51d8000000 ---p 00000000 00:00 0 
7f51d8000000-7f51d8021000 rw-p 00000000 00:00 0 
7f51d8021000-7f51dc000000 ---p 00000000 00:00 0 
7f51dc000000-7f51dc021000 rw-p 00000000 00:00 0 
7f51dc021000-7f51e0000000 ---p 00000000 00:00 0 
7f51e0000000-7f51e0021000 rw-p 00000000 00:00 0 
7f51e0021000-7f51e4000000 ---p 00000000 00:00 0 
7f51e4000000-7f51e4021000 rw-p 00000000 00:00 0 
7f51e4021000-7f51e8000000 ---p 00000000 00:00 0 
7f51e8000000-7f51e8021000 rw-p 00000000 00:00 0 
7f51e8021000-7f51ec000000 ---p 00000000 00:00 0 
7f51ec000000-7f51ec1f3000 rw-p 00000000 00:00 0 
7f51ec1f3000-7f51f0000000 ---p 00000000 00:00 0 
7f51f0000000-7f51f0021000 rw-p 00000000 00:00 0 
7f51f0021000-7f51f4000000 ---p 00000000 00:00 0 
7f51f4000000-7f51f4021000 rw-p 00000000 00:00 0 
7f51f4021000-7f51f8000000 ---p 00000000 00:00 0 
7f51f8000000-7f51f8347000 rw-p 00000000 00:00 0 
7f51f8347000-7f51fc000000 ---p 00000000 00:00 0 
7f51fc000000-7f51fc021000 rw-p 00000000 00:00 0 
7f51fc021000-7f5200000000 ---p 00000000 00:00 0 
7f5200000000-7f5200021000 rw-p 00000000 00:00 0 
7f5200021000-7f5204000000 ---p 00000000 00:00 0 
7f5204000000-7f5204021000 rw-p 00000000 00:00 0 
7f5204021000-7f5208000000 ---p 00000000 00:00 0 
7f5208000000-7f5208021000 rw-p 00000000 00:00 0 
7f5208021000-7f520c000000 ---p 00000000 00:00 0 
7f520c000000-7f520c021000 rw-p 00000000 00:00 0 
7f520c021000-7f5210000000 ---p 00000000 00:00 0 
7f52111a7000-7f521139e000 rw-p 00000000 00:00 0 
7f521139e000-7f52113a1000 ---p 00000000 00:00 0 
7f52113a1000-7f521149f000 rw-p 00000000 00:00 0 
7f521149f000-7f5211507000 r-xp 00000000 08:06 147104                     /usr/lib/jvm/java-7-oracle/jre/lib/amd64/libt2k.so
7f5211507000-7f5211707000 ---p 00068000 08:06 147104                     /usr/lib/jvm/java-7-oracle/jre/lib/amd64/libt2k.so
7f5211707000-7f521170e000 rw-p 00068000 08:06 147104                     /usr/lib/jvm/java-7-oracle/jre/lib/amd64/libt2k.so
7f521170e000-7f521171e000 rw-p 00000000 00:00 0 
7f521171e000-7f521172e000 r-xp 00000000 08:06 147088                     /usr/lib/jvm/java-7-oracle/jre/lib/amd64/libnio.so
7f521172e000-7f521192e000 ---p 00010000 08:06 147088                     /usr/lib/jvm/java-7-oracle/jre/lib/amd64/libnio.so
7f521192e000-7f521192f000 rw-p 00010000 08:06 147088                     /usr/lib/jvm/java-7-oracle/jre/lib/amd64/libnio.so
7f521192f000-7f5211944000 r-xp 00000000 08:06 147103                     /usr/lib/jvm/java-7-oracle/jre/lib/amd64/libnet.so
7f5211944000-7f5211b44000 ---p 00015000 08:06 147103                     /usr/lib/jvm/java-7-oracle/jre/lib/amd64/libnet.so
7f5211b44000-7f5211b45000 rw-p 00015000 08:06 147103                     /usr/lib/jvm/java-7-oracle/jre/lib/amd64/libnet.so
7f5211b45000-7f5211b5a000 r-xp 00000000 08:06 1183589                    /lib/x86_64-linux-gnu/libgcc_s.so.1
7f5211b5a000-7f5211d59000 ---p 00015000 08:06 1183589                    /lib/x86_64-linux-gnu/libgcc_s.so.1
7f5211d59000-7f5211d5a000 r--p 00014000 08:06 1183589                    /lib/x86_64-linux-gnu/libgcc_s.so.1
7f5211d5a000-7f5211d5b000 rw-p 00015000 08:06 1183589                    /lib/x86_64-linux-gnu/libgcc_s.so.1
7f5211d5b000-7f5211d9f000 r-xp 00000000 08:06 147111                     /usr/lib/jvm/java-7-oracle/jre/lib/amd64/libfontmanager.so
7f5211d9f000-7f5211f9f000 ---p 00044000 08:06 147111                     /usr/lib/jvm/java-7-oracle/jre/lib/amd64/libfontmanager.so
7f5211f9f000-7f5211fa3000 rw-p 00044000 08:06 147111                     /usr/lib/jvm/java-7-oracle/jre/lib/amd64/libfontmanager.so
7f5211fa3000-7f5211fb3000 rw-p 00000000 00:00 0 
7f5211fb3000-7f5212037000 r-xp 00000000 08:06 663254                     /tmp/sqlite-3.7.2-libsqlitejdbc.so
7f5212037000-7f5212237000 ---p 00084000 08:06 663254                     /tmp/sqlite-3.7.2-libsqlitejdbc.so
7f5212237000-7f5212238000 r--p 00084000 08:06 663254                     /tmp/sqlite-3.7.2-libsqlitejdbc.so
7f5212238000-7f521223b000 rw-p 00085000 08:06 663254                     /tmp/sqlite-3.7.2-libsqlitejdbc.so
7f521223b000-7f521223e000 ---p 00000000 00:00 0 
7f521223e000-7f521233c000 rw-p 00000000 00:00 0 
7f521233c000-7f521233f000 ---p 00000000 00:00 0 
7f521233f000-7f521243d000 rw-p 00000000 00:00 0 
7f521243d000-7f5212440000 ---p 00000000 00:00 0 
7f5212440000-7f521253e000 rw-p 00000000 00:00 0 
7f521253e000-7f5212543000 r-xp 00000000 08:06 1712222                    /usr/lib/x86_64-linux-gnu/libXfixes.so.3.1.0
7f5212543000-7f5212742000 ---p 00005000 08:06 1712222                    /usr/lib/x86_64-linux-gnu/libXfixes.so.3.1.0
7f5212742000-7f5212743000 r--p 00004000 08:06 1712222                    /usr/lib/x86_64-linux-gnu/libXfixes.so.3.1.0
7f5212743000-7f5212744000 rw-p 00005000 08:06 1712222                    /usr/lib/x86_64-linux-gnu/libXfixes.so.3.1.0
7f5212744000-7f521274d000 r-xp 00000000 08:06 1712214                    /usr/lib/x86_64-linux-gnu/libXcursor.so.1.0.2
7f521274d000-7f521294c000 ---p 00009000 08:06 1712214                    /usr/lib/x86_64-linux-gnu/libXcursor.so.1.0.2
7f521294c000-7f521294d000 r--p 00008000 08:06 1712214                    /usr/lib/x86_64-linux-gnu/libXcursor.so.1.0.2
7f521294d000-7f521294e000 rw-p 00009000 08:06 1712214                    /usr/lib/x86_64-linux-gnu/libXcursor.so.1.0.2
7f521294e000-7f5212953000 r-xp 00000000 08:06 1712218                    /usr/lib/x86_64-linux-gnu/libXdmcp.so.6.0.0
7f5212953000-7f5212b52000 ---p 00005000 08:06 1712218                    /usr/lib/x86_64-linux-gnu/libXdmcp.so.6.0.0
7f5212b52000-7f5212b53000 r--p 00004000 08:06 1712218                    /usr/lib/x86_64-linux-gnu/libXdmcp.so.6.0.0
7f5212b53000-7f5212b54000 rw-p 00005000 08:06 1712218                    /usr/lib/x86_64-linux-gnu/libXdmcp.so.6.0.0
7f5212b54000-7f5212b56000 r-xp 00000000 08:06 1712207                    /usr/lib/x86_64-linux-gnu/libXau.so.6.0.0
7f5212b56000-7f5212d55000 ---p 00002000 08:06 1712207                    /usr/lib/x86_64-linux-gnu/libXau.so.6.0.0
7f5212d55000-7f5212d56000 r--p 00001000 08:06 1712207                    /usr/lib/x86_64-linux-gnu/libXau.so.6.0.0
7f5212d56000-7f5212d57000 rw-p 00002000 08:06 1712207                    /usr/lib/x86_64-linux-gnu/libXau.so.6.0.0
7f5212d57000-7f5212d74000 r-xp 00000000 08:06 1705050                    /usr/lib/x86_64-linux-gnu/libxcb.so.1.1.0
7f5212d74000-7f5212f73000 ---p 0001d000 08:06 1705050                    /usr/lib/x86_64-linux-gnu/libxcb.so.1.1.0
7f5212f73000-7f5212f74000 r--p 0001c000 08:06 1705050                    /usr/lib/x86_64-linux-gnu/libxcb.so.1.1.0
7f5212f74000-7f5212f75000 rw-p 0001d000 08:06 1705050                    /usr/lib/x86_64-linux-gnu/libxcb.so.1.1.0
7f5212f75000-7f5212f83000 r-xp 00000000 08:06 1712226                    /usr/lib/x86_64-linux-gnu/libXi.so.6.1.0
7f5212f83000-7f5213182000 ---p 0000e000 08:06 1712226                    /usr/lib/x86_64-linux-gnu/libXi.so.6.1.0
7f5213182000-7f5213183000 r--p 0000d000 08:06 1712226                    /usr/lib/x86_64-linux-gnu/libXi.so.6.1.0
7f5213183000-7f5213184000 rw-p 0000e000 08:06 1712226                    /usr/lib/x86_64-linux-gnu/libXi.so.6.1.0
7f5213184000-7f5213189000 r-xp 00000000 08:06 1712244                    /usr/lib/x86_64-linux-gnu/libXtst.so.6.1.0
7f5213189000-7f5213388000 ---p 00005000 08:06 1712244                    /usr/lib/x86_64-linux-gnu/libXtst.so.6.1.0
7f5213388000-7f5213389000 r--p 00004000 08:06 1712244                    /usr/lib/x86_64-linux-gnu/libXtst.so.6.1.0
7f5213389000-7f521338a000 rw-p 00005000 08:06 1712244                    /usr/lib/x86_64-linux-gnu/libXtst.so.6.1.0
7f521338a000-7f5213393000 r-xp 00000000 08:06 1712240                    /usr/lib/x86_64-linux-gnu/libXrender.so.1.3.0
7f5213393000-7f5213592000 ---p 00009000 08:06 1712240                    /usr/lib/x86_64-linux-gnu/libXrender.so.1.3.0
7f5213592000-7f5213593000 r--p 00008000 08:06 1712240                    /usr/lib/x86_64-linux-gnu/libXrender.so.1.3.0
7f5213593000-7f5213594000 rw-p 00009000 08:06 1712240                    /usr/lib/x86_64-linux-gnu/libXrender.so.1.3.0
7f5213594000-7f52136c3000 r-xp 00000000 08:06 1712205                    /usr/lib/x86_64-linux-gnu/libX11.so.6.3.0
7f52136c3000-7f52138c3000 ---p 0012f000 08:06 1712205                    /usr/lib/x86_64-linux-gnu/libX11.so.6.3.0
7f52138c3000-7f52138c4000 r--p 0012f000 08:06 1712205                    /usr/lib/x86_64-linux-gnu/libX11.so.6.3.0
7f52138c4000-7f52138c8000 rw-p 00130000 08:06 1712205                    /usr/lib/x86_64-linux-gnu/libX11.so.6.3.0
7f52138c8000-7f52138d8000 r-xp 00000000 08:06 1712220                    /usr/lib/x86_64-linux-gnu/libXext.so.6.4.0
7f52138d8000-7f5213ad7000 ---p 00010000 08:06 1712220                    /usr/lib/x86_64-linux-gnu/libXext.so.6.4.0
7f5213ad7000-7f5213ad8000 r--p 0000f000 08:06 1712220                    /usr/lib/x86_64-linux-gnu/libXext.so.6.4.0
7f5213ad8000-7f5213ad9000 rw-p 00010000 08:06 1712220                    /usr/lib/x86_64-linux-gnu/libXext.so.6.4.0
7f5213ad9000-7f5213b29000 r-xp 00000000 08:06 147145                     /usr/lib/jvm/java-7-oracle/jre/lib/amd64/xawt/libmawt.so
7f5213b29000-7f5213d29000 ---p 00050000 08:06 147145                     /usr/lib/jvm/java-7-oracle/jre/lib/amd64/xawt/libmawt.so
7f5213d29000-7f5213d2d000 rw-p 00050000 08:06 147145                     /usr/lib/jvm/java-7-oracle/jre/lib/amd64/xawt/libmawt.so
7f5213d2d000-7f5213d2e000 rw-p 00000000 00:00 0 
7f5213d2e000-7f5213dd0000 r-xp 00000000 08:06 147121                     /usr/lib/jvm/java-7-oracle/jre/lib/amd64/libawt.so
7f5213dd0000-7f5213fd0000 ---p 000a2000 08:06 147121                     /usr/lib/jvm/java-7-oracle/jre/lib/amd64/libawt.so
7f5213fd0000-7f5213fdc000 rw-p 000a2000 08:06 147121                     /usr/lib/jvm/java-7-oracle/jre/lib/amd64/libawt.so
7f5213fdc000-7f5214000000 rw-p 00000000 00:00 0 
7f5214000000-7f5214021000 rw-p 00000000 00:00 0 
7f5214021000-7f5218000000 ---p 00000000 00:00 0 
7f521804e000-7f5218051000 ---p 00000000 00:00 0 
7f5218051000-7f521814f000 rw-p 00000000 00:00 0 
7f521814f000-7f5218150000 ---p 00000000 00:00 0 
7f5218150000-7f5218250000 rw-p 00000000 00:00 0 
7f5218250000-7f5218253000 ---p 00000000 00:00 0 
7f5218253000-7f5218351000 rw-p 00000000 00:00 0 
7f5218351000-7f5218354000 ---p 00000000 00:00 0 
7f5218354000-7f5218452000 rw-p 00000000 00:00 0 
7f5218452000-7f5218455000 ---p 00000000 00:00 0 
7f5218455000-7f5218553000 rw-p 00000000 00:00 0 
7f5218553000-7f5218556000 ---p 00000000 00:00 0 
7f5218556000-7f5218654000 rw-p 00000000 00:00 0 
7f5218654000-7f5218d3c000 r--p 00000000 08:06 1711054                    /usr/lib/locale/locale-archive
7f5218d3c000-7f5218d3f000 ---p 00000000 00:00 0 
7f5218d3f000-7f5218e3d000 rw-p 00000000 00:00 0 
7f5218e3d000-7f5218e40000 ---p 00000000 00:00 0 
7f5218e40000-7f5218f3e000 rw-p 00000000 00:00 0 
7f5218f3e000-7f5218f3f000 ---p 00000000 00:00 0 
7f5218f3f000-7f521c000000 rw-p 00000000 00:00 0 
7f521c000000-7f521c021000 rw-p 00000000 00:00 0 
7f521c021000-7f5220000000 ---p 00000000 00:00 0 
7f5220075000-7f52200e5000 rw-p 00000000 00:00 0 
7f52200e5000-7f52202a1000 r--s 039dc000 08:06 146816                     /usr/lib/jvm/java-7-oracle/jre/lib/rt.jar
7f52202a1000-7f5220abd000 rw-p 00000000 00:00 0 
7f5220abd000-7f5220abe000 ---p 00000000 00:00 0 
7f5220abe000-7f5220bbe000 rw-p 00000000 00:00 0 
7f5220bbe000-7f5220bbf000 ---p 00000000 00:00 0 
7f5220bbf000-7f5220cbf000 rw-p 00000000 00:00 0 
7f5220cbf000-7f5220cc0000 ---p 00000000 00:00 0 
7f5220cc0000-7f5220dc0000 rw-p 00000000 00:00 0 
7f5220dc0000-7f5220dc1000 ---p 00000000 00:00 0 
7f5220dc1000-7f5220ed5000 rw-p 00000000 00:00 0 
7f5220ed5000-7f5221000000 rw-p 00000000 00:00 0 
7f5221000000-7f5221270000 rwxp 00000000 00:00 0 
7f5221270000-7f522424d000 rw-p 00000000 00:00 0 
7f522424d000-7f5228000000 ---p 00000000 00:00 0 
7f522802c000-7f5228051000 r--p 00000000 08:06 153572                     /usr/share/locale-langpack/fr/LC_MESSAGES/libc.mo
7f5228051000-7f52280e7000 rw-p 00000000 00:00 0 
7f52280e7000-7f5228105000 rw-p 00000000 00:00 0 
7f5228105000-7f5228110000 rw-p 00000000 00:00 0 
7f5228110000-7f522812e000 rw-p 00000000 00:00 0 
7f522812e000-7f5228142000 rw-p 00000000 00:00 0 
7f5228142000-7f522826c000 rw-p 00000000 00:00 0 
7f522826c000-7f5228277000 rw-p 00000000 00:00 0 
7f5228277000-7f522830c000 rw-p 00000000 00:00 0 
7f522830c000-7f522830d000 rw-p 00000000 00:00 0 
7f522830d000-7f5228327000 r-xp 00000000 08:06 147136                     /usr/lib/jvm/java-7-oracle/jre/lib/amd64/libzip.so
7f5228327000-7f5228527000 ---p 0001a000 08:06 147136                     /usr/lib/jvm/java-7-oracle/jre/lib/amd64/libzip.so
7f5228527000-7f5228528000 rw-p 0001a000 08:06 147136                     /usr/lib/jvm/java-7-oracle/jre/lib/amd64/libzip.so
7f5228528000-7f5228534000 r-xp 00000000 08:06 1190731                    /lib/x86_64-linux-gnu/libnss_files-2.15.so
7f5228534000-7f5228733000 ---p 0000c000 08:06 1190731                    /lib/x86_64-linux-gnu/libnss_files-2.15.so
7f5228733000-7f5228734000 r--p 0000b000 08:06 1190731                    /lib/x86_64-linux-gnu/libnss_files-2.15.so
7f5228734000-7f5228735000 rw-p 0000c000 08:06 1190731                    /lib/x86_64-linux-gnu/libnss_files-2.15.so
7f5228735000-7f522873f000 r-xp 00000000 08:06 1190655                    /lib/x86_64-linux-gnu/libnss_nis-2.15.so
7f522873f000-7f522893f000 ---p 0000a000 08:06 1190655                    /lib/x86_64-linux-gnu/libnss_nis-2.15.so
7f522893f000-7f5228940000 r--p 0000a000 08:06 1190655                    /lib/x86_64-linux-gnu/libnss_nis-2.15.so
7f5228940000-7f5228941000 rw-p 0000b000 08:06 1190655                    /lib/x86_64-linux-gnu/libnss_nis-2.15.so
7f5228941000-7f5228958000 r-xp 00000000 08:06 1190745                    /lib/x86_64-linux-gnu/libnsl-2.15.so
7f5228958000-7f5228b57000 ---p 00017000 08:06 1190745                    /lib/x86_64-linux-gnu/libnsl-2.15.so
7f5228b57000-7f5228b58000 r--p 00016000 08:06 1190745                    /lib/x86_64-linux-gnu/libnsl-2.15.so
7f5228b58000-7f5228b59000 rw-p 00017000 08:06 1190745                    /lib/x86_64-linux-gnu/libnsl-2.15.so
7f5228b59000-7f5228b5b000 rw-p 00000000 00:00 0 
7f5228b5b000-7f5228b63000 r-xp 00000000 08:06 1190732                    /lib/x86_64-linux-gnu/libnss_compat-2.15.so
7f5228b63000-7f5228d62000 ---p 00008000 08:06 1190732                    /lib/x86_64-linux-gnu/libnss_compat-2.15.so
7f5228d62000-7f5228d63000 r--p 00007000 08:06 1190732                    /lib/x86_64-linux-gnu/libnss_compat-2.15.so
7f5228d63000-7f5228d64000 rw-p 00008000 08:06 1190732                    /lib/x86_64-linux-gnu/libnss_compat-2.15.so
7f5228d64000-7f5228d8d000 r-xp 00000000 08:06 147089                     /usr/lib/jvm/java-7-oracle/jre/lib/amd64/libjava.so
7f5228d8d000-7f5228f8d000 ---p 00029000 08:06 147089                     /usr/lib/jvm/java-7-oracle/jre/lib/amd64/libjava.so
7f5228f8d000-7f5228f8f000 rw-p 00029000 08:06 147089                     /usr/lib/jvm/java-7-oracle/jre/lib/amd64/libjava.so
7f5228f8f000-7f5228f9c000 r-xp 00000000 08:06 147093                     /usr/lib/jvm/java-7-oracle/jre/lib/amd64/libverify.so
7f5228f9c000-7f522919b000 ---p 0000d000 08:06 147093                     /usr/lib/jvm/java-7-oracle/jre/lib/amd64/libverify.so
7f522919b000-7f522919d000 rw-p 0000c000 08:06 147093                     /usr/lib/jvm/java-7-oracle/jre/lib/amd64/libverify.so
7f522919d000-7f52291a4000 r-xp 00000000 08:06 1190653                    /lib/x86_64-linux-gnu/librt-2.15.so
7f52291a4000-7f52293a3000 ---p 00007000 08:06 1190653                    /lib/x86_64-linux-gnu/librt-2.15.so
7f52293a3000-7f52293a4000 r--p 00006000 08:06 1190653                    /lib/x86_64-linux-gnu/librt-2.15.so
7f52293a4000-7f52293a5000 rw-p 00007000 08:06 1190653                    /lib/x86_64-linux-gnu/librt-2.15.so
7f52293a5000-7f52294a0000 r-xp 00000000 08:06 1190724                    /lib/x86_64-linux-gnu/libm-2.15.so
7f52294a0000-7f522969f000 ---p 000fb000 08:06 1190724                    /lib/x86_64-linux-gnu/libm-2.15.so
7f522969f000-7f52296a0000 r--p 000fa000 08:06 1190724                    /lib/x86_64-linux-gnu/libm-2.15.so
7f52296a0000-7f52296a1000 rw-p 000fb000 08:06 1190724                    /lib/x86_64-linux-gnu/libm-2.15.so
7f52296a1000-7f522a0e8000 r-xp 00000000 08:06 147141                     /usr/lib/jvm/java-7-oracle/jre/lib/amd64/server/libjvm.so
7f522a0e8000-7f522a2e8000 ---p 00a47000 08:06 147141                     /usr/lib/jvm/java-7-oracle/jre/lib/amd64/server/libjvm.so
7f522a2e8000-7f522a38b000 rw-p 00a47000 08:06 147141                     /usr/lib/jvm/java-7-oracle/jre/lib/amd64/server/libjvm.so
7f522a38b000-7f522a3c7000 rw-p 00000000 00:00 0 
7f522a3c7000-7f522a57c000 r-xp 00000000 08:06 1190614                    /lib/x86_64-linux-gnu/libc-2.15.so
7f522a57c000-7f522a77b000 ---p 001b5000 08:06 1190614                    /lib/x86_64-linux-gnu/libc-2.15.so
7f522a77b000-7f522a77f000 r--p 001b4000 08:06 1190614                    /lib/x86_64-linux-gnu/libc-2.15.so
7f522a77f000-7f522a781000 rw-p 001b8000 08:06 1190614                    /lib/x86_64-linux-gnu/libc-2.15.so
7f522a781000-7f522a786000 rw-p 00000000 00:00 0 
7f522a786000-7f522a788000 r-xp 00000000 08:06 1190613                    /lib/x86_64-linux-gnu/libdl-2.15.so
7f522a788000-7f522a988000 ---p 00002000 08:06 1190613                    /lib/x86_64-linux-gnu/libdl-2.15.so
7f522a988000-7f522a989000 r--p 00002000 08:06 1190613                    /lib/x86_64-linux-gnu/libdl-2.15.so
7f522a989000-7f522a98a000 rw-p 00003000 08:06 1190613                    /lib/x86_64-linux-gnu/libdl-2.15.so
7f522a98a000-7f522a9a0000 r-xp 00000000 08:06 147116                     /usr/lib/jvm/java-7-oracle/jre/lib/amd64/jli/libjli.so
7f522a9a0000-7f522aba0000 ---p 00016000 08:06 147116                     /usr/lib/jvm/java-7-oracle/jre/lib/amd64/jli/libjli.so
7f522aba0000-7f522aba1000 rw-p 00016000 08:06 147116                     /usr/lib/jvm/java-7-oracle/jre/lib/amd64/jli/libjli.so
7f522aba1000-7f522abb9000 r-xp 00000000 08:06 1190624                    /lib/x86_64-linux-gnu/libpthread-2.15.so
7f522abb9000-7f522adb8000 ---p 00018000 08:06 1190624                    /lib/x86_64-linux-gnu/libpthread-2.15.so
7f522adb8000-7f522adb9000 r--p 00017000 08:06 1190624                    /lib/x86_64-linux-gnu/libpthread-2.15.so
7f522adb9000-7f522adba000 rw-p 00018000 08:06 1190624                    /lib/x86_64-linux-gnu/libpthread-2.15.so
7f522adba000-7f522adbe000 rw-p 00000000 00:00 0 
7f522adbe000-7f522ade0000 r-xp 00000000 08:06 1190735                    /lib/x86_64-linux-gnu/ld-2.15.so
7f522adef000-7f522adf3000 r--s 0008a000 08:06 147216                     /usr/lib/jvm/java-7-oracle/jre/lib/jsse.jar
7f522adf3000-7f522adfd000 r--s 00254000 08:06 147083                     /usr/lib/jvm/java-7-oracle/jre/lib/resources.jar
7f522adfd000-7f522ae07000 rw-p 00000000 00:00 0 
7f522ae07000-7f522aebd000 rw-p 00000000 00:00 0 
7f522aebd000-7f522aec0000 ---p 00000000 00:00 0 
7f522aec0000-7f522afc2000 rw-p 00000000 00:00 0 
7f522afc7000-7f522afc8000 rw-p 00000000 00:00 0 
7f522afc8000-7f522afcd000 r--s 00309000 08:02 187442                     /media/WINDOWS/Users/Xavier/Software/workspace/Eclipse Project/Projet_Billeterie/lib/sqlite-jdbc-3.7.2.jar
7f522afcd000-7f522afd4000 r--s 00000000 08:06 4688                       /usr/lib/x86_64-linux-gnu/gconv/gconv-modules.cache
7f522afd4000-7f522afdc000 rw-s 00000000 08:06 658904                     /tmp/hsperfdata_xavier/9106
7f522afdc000-7f522afdd000 rw-p 00000000 00:00 0 
7f522afdd000-7f522afde000 ---p 00000000 00:00 0 
7f522afde000-7f522afe0000 rw-p 00000000 00:00 0 
7f522afe0000-7f522afe1000 r--p 00022000 08:06 1190735                    /lib/x86_64-linux-gnu/ld-2.15.so
7f522afe1000-7f522afe3000 rw-p 00023000 08:06 1190735                    /lib/x86_64-linux-gnu/ld-2.15.so
7fffbd4d7000-7fffbd4f8000 rw-p 00000000 00:00 0                          [stack]
7fffbd5b5000-7fffbd5b6000 r-xp 00000000 00:00 0                          [vdso]
ffffffffff600000-ffffffffff601000 r-xp 00000000 00:00 0                  [vsyscall]

VM Arguments:
jvm_args: -Dfile.encoding=UTF-8 
java_command: ihm.fenetres.FenetrePrincipale
Launcher Type: SUN_STANDARD

Environment Variables:
PATH=/usr/lib/lightdm/lightdm:/usr/local/sbin:/usr/local/bin:/usr/sbin:/usr/bin:/sbin:/bin:/usr/games
SHELL=/bin/bash
DISPLAY=:0.0

Signal Handlers:
SIGSEGV: [libjvm.so+0x8a5d70], sa_mask[0]=0x7ffbfeff, sa_flags=0x10000004
SIGBUS: [libjvm.so+0x8a5d70], sa_mask[0]=0x7ffbfeff, sa_flags=0x10000004
SIGFPE: [libjvm.so+0x741e50], sa_mask[0]=0x7ffbfeff, sa_flags=0x10000004
SIGPIPE: [libjvm.so+0x741e50], sa_mask[0]=0x7ffbfeff, sa_flags=0x10000004
SIGXFSZ: [libjvm.so+0x741e50], sa_mask[0]=0x7ffbfeff, sa_flags=0x10000004
SIGILL: [libjvm.so+0x741e50], sa_mask[0]=0x7ffbfeff, sa_flags=0x10000004
SIGUSR1: SIG_DFL, sa_mask[0]=0x00000000, sa_flags=0x00000000
SIGUSR2: [libjvm.so+0x7417a0], sa_mask[0]=0x00000004, sa_flags=0x10000004
SIGHUP: [libjvm.so+0x743b30], sa_mask[0]=0x7ffbfeff, sa_flags=0x10000004
SIGINT: [libjvm.so+0x743b30], sa_mask[0]=0x7ffbfeff, sa_flags=0x10000004
SIGTERM: [libjvm.so+0x743b30], sa_mask[0]=0x7ffbfeff, sa_flags=0x10000004
SIGQUIT: [libjvm.so+0x743b30], sa_mask[0]=0x7ffbfeff, sa_flags=0x10000004


---------------  S Y S T E M  ---------------

OS:wheezy/sid

uname:Linux 3.2.0-40-generic #64-Ubuntu SMP Mon Mar 25 21:22:10 UTC 2013 x86_64
libc:glibc 2.15 NPTL 2.15 
rlimit: STACK 8192k, CORE 0k, NPROC 30408, NOFILE 4096, AS infinity
load average:0,45 0,35 0,39

/proc/meminfo:
MemTotal:        3909972 kB
MemFree:         1263440 kB
Buffers:          255648 kB
Cached:           889148 kB
SwapCached:            0 kB
Active:          1406180 kB
Inactive:         874744 kB
Active(anon):    1136924 kB
Inactive(anon):     2228 kB
Active(file):     269256 kB
Inactive(file):   872516 kB
Unevictable:           0 kB
Mlocked:               0 kB
SwapTotal:       3905532 kB
SwapFree:        3905532 kB
Dirty:               224 kB
Writeback:             0 kB
AnonPages:       1136308 kB
Mapped:           276880 kB
Shmem:              3028 kB
Slab:              72104 kB
SReclaimable:      43136 kB
SUnreclaim:        28968 kB
KernelStack:        3632 kB
PageTables:        25472 kB
NFS_Unstable:          0 kB
Bounce:                0 kB
WritebackTmp:          0 kB
CommitLimit:     5860516 kB
Committed_AS:    3434184 kB
VmallocTotal:   34359738367 kB
VmallocUsed:      304632 kB
VmallocChunk:   34359431528 kB
HardwareCorrupted:     0 kB
AnonHugePages:         0 kB
HugePages_Total:       0
HugePages_Free:        0
HugePages_Rsvd:        0
HugePages_Surp:        0
Hugepagesize:       2048 kB
DirectMap4k:      143360 kB
DirectMap2M:     3911680 kB


CPU:total 4 (2 cores per cpu, 2 threads per core) family 6 model 37 stepping 2, cmov, cx8, fxsr, mmx, sse, sse2, sse3, ssse3, sse4.1, sse4.2, popcnt, ht, tsc, tscinvbit

/proc/cpuinfo:
processor	: 0
vendor_id	: GenuineIntel
cpu family	: 6
model		: 37
model name	: Intel(R) Core(TM) i3 CPU       M 330  @ 2.13GHz
stepping	: 2
microcode	: 0x8
cpu MHz		: 2133.000
cache size	: 3072 KB
physical id	: 0
siblings	: 4
core id		: 0
cpu cores	: 2
apicid		: 0
initial apicid	: 0
fpu		: yes
fpu_exception	: yes
cpuid level	: 11
wp		: yes
flags		: fpu vme de pse tsc msr pae mce cx8 apic sep mtrr pge mca cmov pat pse36 clflush dts acpi mmx fxsr sse sse2 ss ht tm pbe syscall nx rdtscp lm constant_tsc arch_perfmon pebs bts nopl xtopology nonstop_tsc aperfmperf pni dtes64 monitor ds_cpl vmx est tm2 ssse3 cx16 xtpr pdcm sse4_1 sse4_2 popcnt lahf_lm arat dtherm tpr_shadow vnmi flexpriority ept vpid
bogomips	: 4256.21
clflush size	: 64
cache_alignment	: 64
address sizes	: 36 bits physical, 48 bits virtual
power management:

processor	: 1
vendor_id	: GenuineIntel
cpu family	: 6
model		: 37
model name	: Intel(R) Core(TM) i3 CPU       M 330  @ 2.13GHz
stepping	: 2
microcode	: 0x8
cpu MHz		: 2133.000
cache size	: 3072 KB
physical id	: 0
siblings	: 4
core id		: 0
cpu cores	: 2
apicid		: 1
initial apicid	: 1
fpu		: yes
fpu_exception	: yes
cpuid level	: 11
wp		: yes
flags		: fpu vme de pse tsc msr pae mce cx8 apic sep mtrr pge mca cmov pat pse36 clflush dts acpi mmx fxsr sse sse2 ss ht tm pbe syscall nx rdtscp lm constant_tsc arch_perfmon pebs bts nopl xtopology nonstop_tsc aperfmperf pni dtes64 monitor ds_cpl vmx est tm2 ssse3 cx16 xtpr pdcm sse4_1 sse4_2 popcnt lahf_lm arat dtherm tpr_shadow vnmi flexpriority ept vpid
bogomips	: 4255.90
clflush size	: 64
cache_alignment	: 64
address sizes	: 36 bits physical, 48 bits virtual
power management:

processor	: 2
vendor_id	: GenuineIntel
cpu family	: 6
model		: 37
model name	: Intel(R) Core(TM) i3 CPU       M 330  @ 2.13GHz
stepping	: 2
microcode	: 0x8
cpu MHz		: 933.000
cache size	: 3072 KB
physical id	: 0
siblings	: 4
core id		: 2
cpu cores	: 2
apicid		: 4
initial apicid	: 4
fpu		: yes
fpu_exception	: yes
cpuid level	: 11
wp		: yes
flags		: fpu vme de pse tsc msr pae mce cx8 apic sep mtrr pge mca cmov pat pse36 clflush dts acpi mmx fxsr sse sse2 ss ht tm pbe syscall nx rdtscp lm constant_tsc arch_perfmon pebs bts nopl xtopology nonstop_tsc aperfmperf pni dtes64 monitor ds_cpl vmx est tm2 ssse3 cx16 xtpr pdcm sse4_1 sse4_2 popcnt lahf_lm arat dtherm tpr_shadow vnmi flexpriority ept vpid
bogomips	: 4255.91
clflush size	: 64
cache_alignment	: 64
address sizes	: 36 bits physical, 48 bits virtual
power management:

processor	: 3
vendor_id	: GenuineIntel
cpu family	: 6
model		: 37
model name	: Intel(R) Core(TM) i3 CPU       M 330  @ 2.13GHz
stepping	: 2
microcode	: 0x8
cpu MHz		: 933.000
cache size	: 3072 KB
physical id	: 0
siblings	: 4
core id		: 2
cpu cores	: 2
apicid		: 5
initial apicid	: 5
fpu		: yes
fpu_exception	: yes
cpuid level	: 11
wp		: yes
flags		: fpu vme de pse tsc msr pae mce cx8 apic sep mtrr pge mca cmov pat pse36 clflush dts acpi mmx fxsr sse sse2 ss ht tm pbe syscall nx rdtscp lm constant_tsc arch_perfmon pebs bts nopl xtopology nonstop_tsc aperfmperf pni dtes64 monitor ds_cpl vmx est tm2 ssse3 cx16 xtpr pdcm sse4_1 sse4_2 popcnt lahf_lm arat dtherm tpr_shadow vnmi flexpriority ept vpid
bogomips	: 4255.91
clflush size	: 64
cache_alignment	: 64
address sizes	: 36 bits physical, 48 bits virtual
power management:



Memory: 4k page, physical 3909972k(1263440k free), swap 3905532k(3905532k free)

vm_info: Java HotSpot(TM) 64-Bit Server VM (23.7-b01) for linux-amd64 JRE (1.7.0_17-b02), built on Mar  1 2013 02:59:06 by "java_re" with gcc 4.3.0 20080428 (Red Hat 4.3.0-8)

time: Sat Apr 13 18:40:54 2013
elapsed time: 2 seconds

