#
# A fatal error has been detected by the Java Runtime Environment:
#
#  SIGSEGV (0xb) at pc=0x00007fb53d63ce9f, pid=8903, tid=140416000415488
#
# JRE version: 7.0_17-b02
# Java VM: Java HotSpot(TM) 64-Bit Server VM (23.7-b01 mixed mode linux-amd64 compressed oops)
# Problematic frame:
# V  [libjvm.so+0x57be9f]  jni_GetStringUTFChars+0x9f
#
# Failed to write core dump. Core dumps have been disabled. To enable core dumping, try "ulimit -c unlimited" before starting Java again
#
# If you would like to submit a bug report, please visit:
#   http://bugreport.sun.com/bugreport/crash.jsp
#

---------------  T H R E A D  ---------------

Current thread (0x00007fb53825a000):  JavaThread "AWT-EventQueue-0" [_thread_in_vm, id=8924, stack(0x00007fb525c35000,0x00007fb525d36000)]

siginfo:si_signo=SIGSEGV: si_errno=0, si_code=1 (SEGV_MAPERR), si_addr=0x0000000000000000

Registers:
RAX=0x0000000000000000, RBX=0x00007fb53825a000, RCX=0x00000000ec97dc28, RDX=0x00007fb53ddbb0e0
RSP=0x00007fb525d32af0, RBP=0x00007fb525d32b60, RSI=0x0000000000000000, RDI=0x00007fb53825a1d8
R8 =0x00007fb4ec05e1d8, R9 =0x00000000ec97dc28, R10=0x000000000000001e, R11=0x00007fb53ddbb0e8
R12=0x0000000000000000, R13=0x0000000000000000, R14=0x00007fb525d32c40, R15=0x00007fb53825a000
RIP=0x00007fb53d63ce9f, EFLAGS=0x0000000000010246, CSGSFS=0x0000000000000033, ERR=0x0000000000000004
  TRAPNO=0x000000000000000e

Top of Stack: (sp=0x00007fb525d32af0)
0x00007fb525d32af0:   0000000000000000 0000000000000000
0x00007fb525d32b00:   00007fb53825a000 0000000000000000
0x00007fb525d32b10:   00007fb525d32b40 00007fb534bde158
0x00007fb525d32b20:   00007fb53825a000 00007fb525d32b28
0x00007fb525d32b30:   00000000bf8623b1 00000000bf7f6010
0x00007fb525d32b40:   00007fb4ec05de98 0000000000000000
0x00007fb525d32b50:   00007fb525d32c40 00007fb53825a000
0x00007fb525d32b60:   00007fb53825a1d8 00007fb5259ba2b0
0x00007fb525d32b70:   00007fb534bde158 00000000ec97e5f0
0x00007fb525d32b80:   00000000bf7f6010 00007fb525d32c18
0x00007fb525d32b90:   0000000000000000 00000000bf7f6008
0x00007fb525d32ba0:   00007fb525d32c40 00007fb534bea963
0x00007fb525d32bb0:   0000000000000000 00007fb5259c0794
0x00007fb525d32bc0:   0000000000000000 00007fb534beae74
0x00007fb525d32bd0:   00000000ec97dc28 00007fb525d32bc8
0x00007fb525d32be0:   0000000000000000 00007fb525d32c40
0x00007fb525d32bf0:   00000000bf800420 0000000000000000
0x00007fb525d32c00:   00000000bf7f6010 0000000000000000
0x00007fb525d32c10:   00007fb525d32c38 00007fb525d32ca0
0x00007fb525d32c20:   00007fb534bde275 0000000000000000
0x00007fb525d32c30:   00007fb534be6dd7 0000000000000000
0x00007fb525d32c40:   00000000ec97dc28 00000000ec97e598
0x00007fb525d32c50:   0000000000000000 00000000ec97dc28
0x00007fb525d32c60:   00007fb525d32c50 00000000bf7faacd
0x00007fb525d32c70:   00007fb525d32cb8 00000000bf7ffc80
0x00007fb525d32c80:   0000000000000000 00000000bf7fab18
0x00007fb525d32c90:   00007fb525d32c38 00007fb525d32cb0
0x00007fb525d32ca0:   00007fb525d32d00 00007fb534bde158
0x00007fb525d32cb0:   00000000ec97e598 00000000ec97dc28
0x00007fb525d32cc0:   00007fb525d32cc0 00000000bf85fbfe
0x00007fb525d32cd0:   00007fb525d32d18 00000000bf874be8
0x00007fb525d32ce0:   0000000000000000 00000000bf85fc48 

Instructions: (pc=0x00007fb53d63ce9f)
0x00007fb53d63ce7f:   48 89 5d c0 48 89 5d a0 48 c7 45 a8 00 00 00 00
0x00007fb53d63ce8f:   48 83 7b 08 00 74 09 48 8d 7d a0 e8 e1 1a 21 00
0x00007fb53d63ce9f:   4d 8b 3c 24 4c 89 ff e8 65 8f fd ff 41 89 c5 48
0x00007fb53d63ceaf:   98 4c 8d 60 01 4c 89 e7 e8 14 29 1c 00 48 85 c0 

Register to memory mapping:

RAX=0x0000000000000000 is an unknown value
RBX=0x00007fb53825a000 is a thread
RCX=0x00000000ec97dc28 is an oop
org.sqlite.NativeDB 
 - klass: 'org/sqlite/NativeDB'
RDX=0x00007fb53ddbb0e0: <offset 0xcfa0e0> in /usr/lib/jvm/java-7-oracle/jre/lib/amd64/server/libjvm.so at 0x00007fb53d0c1000
RSP=0x00007fb525d32af0 is pointing into the stack for thread: 0x00007fb53825a000
RBP=0x00007fb525d32b60 is pointing into the stack for thread: 0x00007fb53825a000
RSI=0x0000000000000000 is an unknown value
RDI=0x00007fb53825a1d8 is an unknown value
R8 =0x00007fb4ec05e1d8 is an unknown value
R9 =0x00000000ec97dc28 is an oop
org.sqlite.NativeDB 
 - klass: 'org/sqlite/NativeDB'
R10=0x000000000000001e is an unknown value
R11=0x00007fb53ddbb0e8: <offset 0xcfa0e8> in /usr/lib/jvm/java-7-oracle/jre/lib/amd64/server/libjvm.so at 0x00007fb53d0c1000
R12=0x0000000000000000 is an unknown value
R13=0x0000000000000000 is an unknown value
R14=0x00007fb525d32c40 is pointing into the stack for thread: 0x00007fb53825a000
R15=0x00007fb53825a000 is a thread


Stack: [0x00007fb525c35000,0x00007fb525d36000],  sp=0x00007fb525d32af0,  free space=1014k
Native frames: (J=compiled Java code, j=interpreted, Vv=VM code, C=native code)
V  [libjvm.so+0x57be9f]  jni_GetStringUTFChars+0x9f

Java frames: (J=compiled Java code, j=interpreted, Vv=VM code)
j  org.sqlite.NativeDB.prepare(Ljava/lang/String;)J+0
j  org.sqlite.DB.prepare(Lorg/sqlite/Stmt;)V+21
j  org.sqlite.Stmt.executeQuery(Ljava/lang/String;)Ljava/sql/ResultSet;+14
j  modele.SQLiteImpl.query(Ljava/lang/String;)Ljava/util/List;+38
j  modele.DataBase.getObjets(Ljava/lang/String;)Ljava/util/List;+5
j  modele.ListeObjet.recherche(Ljava/lang/String;)V+26
j  ihm.barresOutils.BarreOutilsPersonnes$RechercheAction.actionPerformed(Ljava/awt/event/ActionEvent;)V+20
j  javax.swing.AbstractButton.fireActionPerformed(Ljava/awt/event/ActionEvent;)V+84
j  javax.swing.AbstractButton$Handler.actionPerformed(Ljava/awt/event/ActionEvent;)V+5
j  javax.swing.DefaultButtonModel.fireActionPerformed(Ljava/awt/event/ActionEvent;)V+35
j  javax.swing.DefaultButtonModel.setPressed(Z)V+117
j  javax.swing.plaf.basic.BasicButtonListener.mouseReleased(Ljava/awt/event/MouseEvent;)V+35
j  java.awt.Component.processMouseEvent(Ljava/awt/event/MouseEvent;)V+64
j  javax.swing.JComponent.processMouseEvent(Ljava/awt/event/MouseEvent;)V+23
j  java.awt.Component.processEvent(Ljava/awt/AWTEvent;)V+81
j  java.awt.Container.processEvent(Ljava/awt/AWTEvent;)V+18
j  java.awt.Component.dispatchEventImpl(Ljava/awt/AWTEvent;)V+581
j  java.awt.Container.dispatchEventImpl(Ljava/awt/AWTEvent;)V+42
j  java.awt.Component.dispatchEvent(Ljava/awt/AWTEvent;)V+2
j  java.awt.LightweightDispatcher.retargetMouseEvent(Ljava/awt/Component;ILjava/awt/event/MouseEvent;)V+327
j  java.awt.LightweightDispatcher.processMouseEvent(Ljava/awt/event/MouseEvent;)Z+139
j  java.awt.LightweightDispatcher.dispatchEvent(Ljava/awt/AWTEvent;)Z+50
j  java.awt.Container.dispatchEventImpl(Ljava/awt/AWTEvent;)V+12
j  java.awt.Window.dispatchEventImpl(Ljava/awt/AWTEvent;)V+19
j  java.awt.Component.dispatchEvent(Ljava/awt/AWTEvent;)V+2
j  java.awt.EventQueue.dispatchEventImpl(Ljava/awt/AWTEvent;Ljava/lang/Object;)V+41
j  java.awt.EventQueue.access$200(Ljava/awt/EventQueue;Ljava/awt/AWTEvent;Ljava/lang/Object;)V+3
j  java.awt.EventQueue$3.run()Ljava/lang/Void;+12
j  java.awt.EventQueue$3.run()Ljava/lang/Object;+1
v  ~StubRoutines::call_stub
j  java.security.AccessController.doPrivileged(Ljava/security/PrivilegedAction;Ljava/security/AccessControlContext;)Ljava/lang/Object;+0
j  java.security.ProtectionDomain$1.doIntersectionPrivilege(Ljava/security/PrivilegedAction;Ljava/security/AccessControlContext;Ljava/security/AccessControlContext;)Ljava/lang/Object;+28
j  java.security.ProtectionDomain$1.doIntersectionPrivilege(Ljava/security/PrivilegedAction;Ljava/security/AccessControlContext;)Ljava/lang/Object;+6
j  java.awt.EventQueue$4.run()Ljava/lang/Void;+11
j  java.awt.EventQueue$4.run()Ljava/lang/Object;+1
v  ~StubRoutines::call_stub
j  java.security.AccessController.doPrivileged(Ljava/security/PrivilegedAction;Ljava/security/AccessControlContext;)Ljava/lang/Object;+0
j  java.security.ProtectionDomain$1.doIntersectionPrivilege(Ljava/security/PrivilegedAction;Ljava/security/AccessControlContext;Ljava/security/AccessControlContext;)Ljava/lang/Object;+28
j  java.awt.EventQueue.dispatchEvent(Ljava/awt/AWTEvent;)V+73
j  java.awt.EventDispatchThread.pumpOneEventForFilters(I)V+245
j  java.awt.EventDispatchThread.pumpEventsForFilter(ILjava/awt/Conditional;Ljava/awt/EventFilter;)V+35
j  java.awt.EventDispatchThread.pumpEventsForHierarchy(ILjava/awt/Conditional;Ljava/awt/Component;)V+11
j  java.awt.EventDispatchThread.pumpEvents(ILjava/awt/Conditional;)V+4
j  java.awt.EventDispatchThread.pumpEvents(Ljava/awt/Conditional;)V+3
j  java.awt.EventDispatchThread.run()V+9
v  ~StubRoutines::call_stub

---------------  P R O C E S S  ---------------

Java Threads: ( => current thread )
  0x00007fb4ec1ba000 JavaThread "TimerQueue" daemon [_thread_blocked, id=8926, stack(0x00007fb524d98000,0x00007fb524e99000)]
  0x00007fb538009000 JavaThread "DestroyJavaVM" [_thread_blocked, id=8908, stack(0x00007fb53e8dd000,0x00007fb53e9de000)]
=>0x00007fb53825a000 JavaThread "AWT-EventQueue-0" [_thread_in_vm, id=8924, stack(0x00007fb525c35000,0x00007fb525d36000)]
  0x00007fb538258000 JavaThread "AWT-Shutdown" [_thread_blocked, id=8923, stack(0x00007fb525d36000,0x00007fb525e37000)]
  0x00007fb538253800 JavaThread "AWT-XAWT" daemon [_thread_in_native, id=8922, stack(0x00007fb525e37000,0x00007fb525f38000)]
  0x00007fb538224000 JavaThread "Java2D Disposer" daemon [_thread_blocked, id=8921, stack(0x00007fb526348000,0x00007fb526449000)]
  0x00007fb5380f0800 JavaThread "Service Thread" daemon [_thread_blocked, id=8919, stack(0x00007fb527bfc000,0x00007fb527cfd000)]
  0x00007fb5380ee000 JavaThread "C2 CompilerThread1" daemon [_thread_blocked, id=8918, stack(0x00007fb527cfd000,0x00007fb527dfe000)]
  0x00007fb5380eb000 JavaThread "C2 CompilerThread0" daemon [_thread_blocked, id=8917, stack(0x00007fb527dfe000,0x00007fb527eff000)]
  0x00007fb5380e9000 JavaThread "Signal Dispatcher" daemon [_thread_blocked, id=8916, stack(0x00007fb527eff000,0x00007fb528000000)]
  0x00007fb53809c000 JavaThread "Finalizer" daemon [_thread_blocked, id=8915, stack(0x00007fb52c7c0000,0x00007fb52c8c1000)]
  0x00007fb538099800 JavaThread "Reference Handler" daemon [_thread_blocked, id=8914, stack(0x00007fb52c8c1000,0x00007fb52c9c2000)]

Other Threads:
  0x00007fb538092000 VMThread [stack: 0x00007fb52c9c2000,0x00007fb52cac3000] [id=8913]
  0x00007fb538103000 WatcherThread [stack: 0x00007fb527afb000,0x00007fb527bfc000] [id=8920]

VM state:not at safepoint (normal execution)

VM Mutex/Monitor currently owned by a thread: None

Heap
 PSYoungGen      total 17856K, used 8628K [0x00000000ec160000, 0x00000000ed540000, 0x0000000100000000)
  eden space 15360K, 56% used [0x00000000ec160000,0x00000000ec9cd0f8,0x00000000ed060000)
  from space 2496K, 0% used [0x00000000ed2d0000,0x00000000ed2d0000,0x00000000ed540000)
  to   space 2496K, 0% used [0x00000000ed060000,0x00000000ed060000,0x00000000ed2d0000)
 ParOldGen       total 40768K, used 0K [0x00000000c4400000, 0x00000000c6bd0000, 0x00000000ec160000)
  object space 40768K, 0% used [0x00000000c4400000,0x00000000c4400000,0x00000000c6bd0000)
 PSPermGen       total 21248K, used 12944K [0x00000000bf200000, 0x00000000c06c0000, 0x00000000c4400000)
  object space 21248K, 60% used [0x00000000bf200000,0x00000000bfea4368,0x00000000c06c0000)

Card table byte_map: [0x00007fb5349d0000,0x00007fb534bd8000] byte_map_base: 0x00007fb5343d7000

Polling page: 0x00007fb53e9fd000

Code Cache  [0x00007fb534bd8000, 0x00007fb534e48000, 0x00007fb537bd8000)
 total_blobs=564 nmethods=96 adapters=420 free_code_cache=48445Kb largest_free_block=49583424

Compilation events (10 events):
Event: 43,008 Thread 0x00007fb5380ee000   89   !         java.awt.Container::getMouseEventTargetImpl (255 bytes)
Event: 43,032 Thread 0x00007fb5380ee000 nmethod 89 0x00007fb534c80550 code [0x00007fb534c807c0, 0x00007fb534c81928]
Event: 43,466 Thread 0x00007fb5380eb000   90             sun.awt.X11.XToolkit::getDisplay (4 bytes)
Event: 43,466 Thread 0x00007fb5380eb000 nmethod 90 0x00007fb534c76590 code [0x00007fb534c766c0, 0x00007fb534c76718]
Event: 48,395 Thread 0x00007fb5380ee000   91             java.awt.Component::isEnabledImpl (5 bytes)
Event: 48,395 Thread 0x00007fb5380ee000 nmethod 91 0x00007fb534c76390 code [0x00007fb534c764c0, 0x00007fb534c76518]
Event: 48,707 Thread 0x00007fb5380eb000   92             java.awt.Component::isVisible_NoClientCode (5 bytes)
Event: 48,708 Thread 0x00007fb5380eb000 nmethod 92 0x00007fb534c76190 code [0x00007fb534c762c0, 0x00007fb534c76318]
Event: 51,718 Thread 0x00007fb5380ee000   93             java.lang.String::getChars (62 bytes)
Event: 51,723 Thread 0x00007fb5380ee000 nmethod 93 0x00007fb534c75d90 code [0x00007fb534c75ee0, 0x00007fb534c76018]

GC Heap History (0 events):
No events

Deoptimization events (10 events):
Event: 0,476 Thread 0x00007fb53825a000 Uncommon trap 18 fr.pc 0x00007fb534c5578c
Event: 0,477 Thread 0x00007fb53825a000 Uncommon trap -83 fr.pc 0x00007fb534c539d0
Event: 0,751 Thread 0x00007fb53825a000 Uncommon trap -34 fr.pc 0x00007fb534c51b10
Event: 0,751 Thread 0x00007fb53825a000 Uncommon trap -34 fr.pc 0x00007fb534c51b10
Event: 0,754 Thread 0x00007fb53825a000 Uncommon trap -34 fr.pc 0x00007fb534c51b10
Event: 0,754 Thread 0x00007fb53825a000 Uncommon trap -34 fr.pc 0x00007fb534c51b10
Event: 4,364 Thread 0x00007fb53825a000 Uncommon trap -34 fr.pc 0x00007fb534c63ad4
Event: 4,364 Thread 0x00007fb53825a000 Uncommon trap -34 fr.pc 0x00007fb534c63ad4
Event: 4,508 Thread 0x00007fb53825a000 Uncommon trap -34 fr.pc 0x00007fb534c63ad4
Event: 4,508 Thread 0x00007fb53825a000 Uncommon trap -34 fr.pc 0x00007fb534c63ad4

Internal exceptions (10 events):
Event: 0,835 Thread 0x00007fb53825a000 Threw 0x00000000ec5dc848 at /HUDSON/workspace/jdk7u17-2-build-linux-amd64-product/jdk7u17/hotspot/src/share/vm/prims/jvm.cpp:1166
Event: 1,134 Thread 0x00007fb53825a000 Threw 0x00000000ec690590 at /HUDSON/workspace/jdk7u17-2-build-linux-amd64-product/jdk7u17/hotspot/src/share/vm/prims/jni.cpp:742
Event: 2,987 Thread 0x00007fb53825a000 Threw 0x00000000ec6de610 at /HUDSON/workspace/jdk7u17-2-build-linux-amd64-product/jdk7u17/hotspot/src/share/vm/prims/jvm.cpp:1166
Event: 2,989 Thread 0x00007fb53825a000 Threw 0x00000000ec6e1640 at /HUDSON/workspace/jdk7u17-2-build-linux-amd64-product/jdk7u17/hotspot/src/share/vm/prims/jvm.cpp:1166
Event: 2,990 Thread 0x00007fb53825a000 Threw 0x00000000ec6e3e78 at /HUDSON/workspace/jdk7u17-2-build-linux-amd64-product/jdk7u17/hotspot/src/share/vm/prims/jvm.cpp:1166
Event: 3,002 Thread 0x00007fb53825a000 Threw 0x00000000ec6f8d50 at /HUDSON/workspace/jdk7u17-2-build-linux-amd64-product/jdk7u17/hotspot/src/share/vm/prims/jvm.cpp:1166
Event: 3,055 Thread 0x00007fb53825a000 Threw 0x00000000ec712f60 at /HUDSON/workspace/jdk7u17-2-build-linux-amd64-product/jdk7u17/hotspot/src/share/vm/prims/jni.cpp:742
Event: 6,956 Thread 0x00007fb53825a000 Threw 0x00000000ec751dc8 at /HUDSON/workspace/jdk7u17-2-build-linux-amd64-product/jdk7u17/hotspot/src/share/vm/prims/jvm.cpp:1166
Event: 6,958 Thread 0x00007fb53825a000 Threw 0x00000000ec755bd0 at /HUDSON/workspace/jdk7u17-2-build-linux-amd64-product/jdk7u17/hotspot/src/share/vm/prims/jvm.cpp:1166
Event: 27,713 Thread 0x00007fb53825a000 Threw 0x00000000ec8253e0 at /HUDSON/workspace/jdk7u17-2-build-linux-amd64-product/jdk7u17/hotspot/src/share/vm/prims/jni.cpp:742

Events (10 events):
Event: 27,677 Executing VM operation: RevokeBias
Event: 27,678 Executing VM operation: RevokeBias done
Event: 27,678 Executing VM operation: RevokeBias
Event: 27,678 Executing VM operation: RevokeBias done
Event: 27,706 Executing VM operation: RevokeBias
Event: 27,706 Executing VM operation: RevokeBias done
Event: 33,722 loading class 0x00007fb4ec11c510
Event: 33,723 loading class 0x00007fb4ec11c510 done
Event: 40,103 Executing VM operation: BulkRevokeBias
Event: 40,103 Executing VM operation: BulkRevokeBias done


Dynamic libraries:
00400000-00401000 r-xp 00000000 08:06 145006                             /usr/lib/jvm/java-7-oracle/bin/java
00600000-00601000 rw-p 00000000 08:06 145006                             /usr/lib/jvm/java-7-oracle/bin/java
02367000-02388000 rw-p 00000000 00:00 0                                  [heap]
bf200000-c06c0000 rw-p 00000000 00:00 0 
c06c0000-c4400000 rw-p 00000000 00:00 0 
c4400000-c6bd0000 rw-p 00000000 00:00 0 
c6bd0000-ec160000 rw-p 00000000 00:00 0 
ec160000-ed540000 rw-p 00000000 00:00 0 
ed540000-100000000 rw-p 00000000 00:00 0 
7fb4e0000000-7fb4e0021000 rw-p 00000000 00:00 0 
7fb4e0021000-7fb4e4000000 ---p 00000000 00:00 0 
7fb4e8000000-7fb4e8021000 rw-p 00000000 00:00 0 
7fb4e8021000-7fb4ec000000 ---p 00000000 00:00 0 
7fb4ec000000-7fb4ec33c000 rw-p 00000000 00:00 0 
7fb4ec33c000-7fb4f0000000 ---p 00000000 00:00 0 
7fb4f0000000-7fb4f0021000 rw-p 00000000 00:00 0 
7fb4f0021000-7fb4f4000000 ---p 00000000 00:00 0 
7fb4f4000000-7fb4f4021000 rw-p 00000000 00:00 0 
7fb4f4021000-7fb4f8000000 ---p 00000000 00:00 0 
7fb4f8000000-7fb4f8021000 rw-p 00000000 00:00 0 
7fb4f8021000-7fb4fc000000 ---p 00000000 00:00 0 
7fb4fc000000-7fb4fc021000 rw-p 00000000 00:00 0 
7fb4fc021000-7fb500000000 ---p 00000000 00:00 0 
7fb500000000-7fb50026b000 rw-p 00000000 00:00 0 
7fb50026b000-7fb504000000 ---p 00000000 00:00 0 
7fb504000000-7fb504803000 rw-p 00000000 00:00 0 
7fb504803000-7fb508000000 ---p 00000000 00:00 0 
7fb508000000-7fb508021000 rw-p 00000000 00:00 0 
7fb508021000-7fb50c000000 ---p 00000000 00:00 0 
7fb50c000000-7fb50c021000 rw-p 00000000 00:00 0 
7fb50c021000-7fb510000000 ---p 00000000 00:00 0 
7fb510000000-7fb510021000 rw-p 00000000 00:00 0 
7fb510021000-7fb514000000 ---p 00000000 00:00 0 
7fb514000000-7fb514021000 rw-p 00000000 00:00 0 
7fb514021000-7fb518000000 ---p 00000000 00:00 0 
7fb518000000-7fb518021000 rw-p 00000000 00:00 0 
7fb518021000-7fb51c000000 ---p 00000000 00:00 0 
7fb520000000-7fb520021000 rw-p 00000000 00:00 0 
7fb520021000-7fb524000000 ---p 00000000 00:00 0 
7fb524c5f000-7fb524d98000 rw-p 00000000 00:00 0 
7fb524d98000-7fb524d9b000 ---p 00000000 00:00 0 
7fb524d9b000-7fb524e99000 rw-p 00000000 00:00 0 
7fb524e99000-7fb524f01000 r-xp 00000000 08:06 147104                     /usr/lib/jvm/java-7-oracle/jre/lib/amd64/libt2k.so
7fb524f01000-7fb525101000 ---p 00068000 08:06 147104                     /usr/lib/jvm/java-7-oracle/jre/lib/amd64/libt2k.so
7fb525101000-7fb525108000 rw-p 00068000 08:06 147104                     /usr/lib/jvm/java-7-oracle/jre/lib/amd64/libt2k.so
7fb525108000-7fb525118000 rw-p 00000000 00:00 0 
7fb525118000-7fb525128000 r-xp 00000000 08:06 147088                     /usr/lib/jvm/java-7-oracle/jre/lib/amd64/libnio.so
7fb525128000-7fb525328000 ---p 00010000 08:06 147088                     /usr/lib/jvm/java-7-oracle/jre/lib/amd64/libnio.so
7fb525328000-7fb525329000 rw-p 00010000 08:06 147088                     /usr/lib/jvm/java-7-oracle/jre/lib/amd64/libnio.so
7fb525329000-7fb52533e000 r-xp 00000000 08:06 147103                     /usr/lib/jvm/java-7-oracle/jre/lib/amd64/libnet.so
7fb52533e000-7fb52553e000 ---p 00015000 08:06 147103                     /usr/lib/jvm/java-7-oracle/jre/lib/amd64/libnet.so
7fb52553e000-7fb52553f000 rw-p 00015000 08:06 147103                     /usr/lib/jvm/java-7-oracle/jre/lib/amd64/libnet.so
7fb52553f000-7fb525554000 r-xp 00000000 08:06 1183589                    /lib/x86_64-linux-gnu/libgcc_s.so.1
7fb525554000-7fb525753000 ---p 00015000 08:06 1183589                    /lib/x86_64-linux-gnu/libgcc_s.so.1
7fb525753000-7fb525754000 r--p 00014000 08:06 1183589                    /lib/x86_64-linux-gnu/libgcc_s.so.1
7fb525754000-7fb525755000 rw-p 00015000 08:06 1183589                    /lib/x86_64-linux-gnu/libgcc_s.so.1
7fb525755000-7fb525799000 r-xp 00000000 08:06 147111                     /usr/lib/jvm/java-7-oracle/jre/lib/amd64/libfontmanager.so
7fb525799000-7fb525999000 ---p 00044000 08:06 147111                     /usr/lib/jvm/java-7-oracle/jre/lib/amd64/libfontmanager.so
7fb525999000-7fb52599d000 rw-p 00044000 08:06 147111                     /usr/lib/jvm/java-7-oracle/jre/lib/amd64/libfontmanager.so
7fb52599d000-7fb5259ad000 rw-p 00000000 00:00 0 
7fb5259ad000-7fb525a31000 r-xp 00000000 08:06 663254                     /tmp/sqlite-3.7.2-libsqlitejdbc.so
7fb525a31000-7fb525c31000 ---p 00084000 08:06 663254                     /tmp/sqlite-3.7.2-libsqlitejdbc.so
7fb525c31000-7fb525c32000 r--p 00084000 08:06 663254                     /tmp/sqlite-3.7.2-libsqlitejdbc.so
7fb525c32000-7fb525c35000 rw-p 00085000 08:06 663254                     /tmp/sqlite-3.7.2-libsqlitejdbc.so
7fb525c35000-7fb525c38000 ---p 00000000 00:00 0 
7fb525c38000-7fb525d36000 rw-p 00000000 00:00 0 
7fb525d36000-7fb525d39000 ---p 00000000 00:00 0 
7fb525d39000-7fb525e37000 rw-p 00000000 00:00 0 
7fb525e37000-7fb525e3a000 ---p 00000000 00:00 0 
7fb525e3a000-7fb525f38000 rw-p 00000000 00:00 0 
7fb525f38000-7fb525f3d000 r-xp 00000000 08:06 1712222                    /usr/lib/x86_64-linux-gnu/libXfixes.so.3.1.0
7fb525f3d000-7fb52613c000 ---p 00005000 08:06 1712222                    /usr/lib/x86_64-linux-gnu/libXfixes.so.3.1.0
7fb52613c000-7fb52613d000 r--p 00004000 08:06 1712222                    /usr/lib/x86_64-linux-gnu/libXfixes.so.3.1.0
7fb52613d000-7fb52613e000 rw-p 00005000 08:06 1712222                    /usr/lib/x86_64-linux-gnu/libXfixes.so.3.1.0
7fb52613e000-7fb526147000 r-xp 00000000 08:06 1712214                    /usr/lib/x86_64-linux-gnu/libXcursor.so.1.0.2
7fb526147000-7fb526346000 ---p 00009000 08:06 1712214                    /usr/lib/x86_64-linux-gnu/libXcursor.so.1.0.2
7fb526346000-7fb526347000 r--p 00008000 08:06 1712214                    /usr/lib/x86_64-linux-gnu/libXcursor.so.1.0.2
7fb526347000-7fb526348000 rw-p 00009000 08:06 1712214                    /usr/lib/x86_64-linux-gnu/libXcursor.so.1.0.2
7fb526348000-7fb52634b000 ---p 00000000 00:00 0 
7fb52634b000-7fb526449000 rw-p 00000000 00:00 0 
7fb526449000-7fb52644e000 r-xp 00000000 08:06 1712218                    /usr/lib/x86_64-linux-gnu/libXdmcp.so.6.0.0
7fb52644e000-7fb52664d000 ---p 00005000 08:06 1712218                    /usr/lib/x86_64-linux-gnu/libXdmcp.so.6.0.0
7fb52664d000-7fb52664e000 r--p 00004000 08:06 1712218                    /usr/lib/x86_64-linux-gnu/libXdmcp.so.6.0.0
7fb52664e000-7fb52664f000 rw-p 00005000 08:06 1712218                    /usr/lib/x86_64-linux-gnu/libXdmcp.so.6.0.0
7fb52664f000-7fb526651000 r-xp 00000000 08:06 1712207                    /usr/lib/x86_64-linux-gnu/libXau.so.6.0.0
7fb526651000-7fb526850000 ---p 00002000 08:06 1712207                    /usr/lib/x86_64-linux-gnu/libXau.so.6.0.0
7fb526850000-7fb526851000 r--p 00001000 08:06 1712207                    /usr/lib/x86_64-linux-gnu/libXau.so.6.0.0
7fb526851000-7fb526852000 rw-p 00002000 08:06 1712207                    /usr/lib/x86_64-linux-gnu/libXau.so.6.0.0
7fb526852000-7fb52686f000 r-xp 00000000 08:06 1705050                    /usr/lib/x86_64-linux-gnu/libxcb.so.1.1.0
7fb52686f000-7fb526a6e000 ---p 0001d000 08:06 1705050                    /usr/lib/x86_64-linux-gnu/libxcb.so.1.1.0
7fb526a6e000-7fb526a6f000 r--p 0001c000 08:06 1705050                    /usr/lib/x86_64-linux-gnu/libxcb.so.1.1.0
7fb526a6f000-7fb526a70000 rw-p 0001d000 08:06 1705050                    /usr/lib/x86_64-linux-gnu/libxcb.so.1.1.0
7fb526a70000-7fb526a7e000 r-xp 00000000 08:06 1712226                    /usr/lib/x86_64-linux-gnu/libXi.so.6.1.0
7fb526a7e000-7fb526c7d000 ---p 0000e000 08:06 1712226                    /usr/lib/x86_64-linux-gnu/libXi.so.6.1.0
7fb526c7d000-7fb526c7e000 r--p 0000d000 08:06 1712226                    /usr/lib/x86_64-linux-gnu/libXi.so.6.1.0
7fb526c7e000-7fb526c7f000 rw-p 0000e000 08:06 1712226                    /usr/lib/x86_64-linux-gnu/libXi.so.6.1.0
7fb526c7f000-7fb526c84000 r-xp 00000000 08:06 1712244                    /usr/lib/x86_64-linux-gnu/libXtst.so.6.1.0
7fb526c84000-7fb526e83000 ---p 00005000 08:06 1712244                    /usr/lib/x86_64-linux-gnu/libXtst.so.6.1.0
7fb526e83000-7fb526e84000 r--p 00004000 08:06 1712244                    /usr/lib/x86_64-linux-gnu/libXtst.so.6.1.0
7fb526e84000-7fb526e85000 rw-p 00005000 08:06 1712244                    /usr/lib/x86_64-linux-gnu/libXtst.so.6.1.0
7fb526e85000-7fb526e8e000 r-xp 00000000 08:06 1712240                    /usr/lib/x86_64-linux-gnu/libXrender.so.1.3.0
7fb526e8e000-7fb52708d000 ---p 00009000 08:06 1712240                    /usr/lib/x86_64-linux-gnu/libXrender.so.1.3.0
7fb52708d000-7fb52708e000 r--p 00008000 08:06 1712240                    /usr/lib/x86_64-linux-gnu/libXrender.so.1.3.0
7fb52708e000-7fb52708f000 rw-p 00009000 08:06 1712240                    /usr/lib/x86_64-linux-gnu/libXrender.so.1.3.0
7fb52708f000-7fb5271be000 r-xp 00000000 08:06 1712205                    /usr/lib/x86_64-linux-gnu/libX11.so.6.3.0
7fb5271be000-7fb5273be000 ---p 0012f000 08:06 1712205                    /usr/lib/x86_64-linux-gnu/libX11.so.6.3.0
7fb5273be000-7fb5273bf000 r--p 0012f000 08:06 1712205                    /usr/lib/x86_64-linux-gnu/libX11.so.6.3.0
7fb5273bf000-7fb5273c3000 rw-p 00130000 08:06 1712205                    /usr/lib/x86_64-linux-gnu/libX11.so.6.3.0
7fb5273c3000-7fb5273d3000 r-xp 00000000 08:06 1712220                    /usr/lib/x86_64-linux-gnu/libXext.so.6.4.0
7fb5273d3000-7fb5275d2000 ---p 00010000 08:06 1712220                    /usr/lib/x86_64-linux-gnu/libXext.so.6.4.0
7fb5275d2000-7fb5275d3000 r--p 0000f000 08:06 1712220                    /usr/lib/x86_64-linux-gnu/libXext.so.6.4.0
7fb5275d3000-7fb5275d4000 rw-p 00010000 08:06 1712220                    /usr/lib/x86_64-linux-gnu/libXext.so.6.4.0
7fb5275d4000-7fb527624000 r-xp 00000000 08:06 147145                     /usr/lib/jvm/java-7-oracle/jre/lib/amd64/xawt/libmawt.so
7fb527624000-7fb527824000 ---p 00050000 08:06 147145                     /usr/lib/jvm/java-7-oracle/jre/lib/amd64/xawt/libmawt.so
7fb527824000-7fb527828000 rw-p 00050000 08:06 147145                     /usr/lib/jvm/java-7-oracle/jre/lib/amd64/xawt/libmawt.so
7fb527828000-7fb527829000 rw-p 00000000 00:00 0 
7fb527829000-7fb5278cb000 r-xp 00000000 08:06 147121                     /usr/lib/jvm/java-7-oracle/jre/lib/amd64/libawt.so
7fb5278cb000-7fb527acb000 ---p 000a2000 08:06 147121                     /usr/lib/jvm/java-7-oracle/jre/lib/amd64/libawt.so
7fb527acb000-7fb527ad7000 rw-p 000a2000 08:06 147121                     /usr/lib/jvm/java-7-oracle/jre/lib/amd64/libawt.so
7fb527ad7000-7fb527afb000 rw-p 00000000 00:00 0 
7fb527afb000-7fb527afc000 ---p 00000000 00:00 0 
7fb527afc000-7fb527bfc000 rw-p 00000000 00:00 0 
7fb527bfc000-7fb527bff000 ---p 00000000 00:00 0 
7fb527bff000-7fb527cfd000 rw-p 00000000 00:00 0 
7fb527cfd000-7fb527d00000 ---p 00000000 00:00 0 
7fb527d00000-7fb527dfe000 rw-p 00000000 00:00 0 
7fb527dfe000-7fb527e01000 ---p 00000000 00:00 0 
7fb527e01000-7fb527eff000 rw-p 00000000 00:00 0 
7fb527eff000-7fb527f02000 ---p 00000000 00:00 0 
7fb527f02000-7fb528000000 rw-p 00000000 00:00 0 
7fb528000000-7fb528021000 rw-p 00000000 00:00 0 
7fb528021000-7fb52c000000 ---p 00000000 00:00 0 
7fb52c019000-7fb52c0d8000 rw-p 00000000 00:00 0 
7fb52c0d8000-7fb52c7c0000 r--p 00000000 08:06 1711054                    /usr/lib/locale/locale-archive
7fb52c7c0000-7fb52c7c3000 ---p 00000000 00:00 0 
7fb52c7c3000-7fb52c8c1000 rw-p 00000000 00:00 0 
7fb52c8c1000-7fb52c8c4000 ---p 00000000 00:00 0 
7fb52c8c4000-7fb52c9c2000 rw-p 00000000 00:00 0 
7fb52c9c2000-7fb52c9c3000 ---p 00000000 00:00 0 
7fb52c9c3000-7fb530000000 rw-p 00000000 00:00 0 
7fb530000000-7fb530021000 rw-p 00000000 00:00 0 
7fb530021000-7fb534000000 ---p 00000000 00:00 0 
7fb534027000-7fb53404c000 r--p 00000000 08:06 153572                     /usr/share/locale-langpack/fr/LC_MESSAGES/libc.mo
7fb53404c000-7fb5343bf000 rw-p 00000000 00:00 0 
7fb5343bf000-7fb53457b000 r--s 039dc000 08:06 146816                     /usr/lib/jvm/java-7-oracle/jre/lib/rt.jar
7fb53457b000-7fb5345a3000 rw-p 00000000 00:00 0 
7fb5345a3000-7fb5345a4000 ---p 00000000 00:00 0 
7fb5345a4000-7fb5346a4000 rw-p 00000000 00:00 0 
7fb5346a4000-7fb5346a5000 ---p 00000000 00:00 0 
7fb5346a5000-7fb5347a5000 rw-p 00000000 00:00 0 
7fb5347a5000-7fb5347a6000 ---p 00000000 00:00 0 
7fb5347a6000-7fb5348a6000 rw-p 00000000 00:00 0 
7fb5348a6000-7fb5348a7000 ---p 00000000 00:00 0 
7fb5348a7000-7fb5349b2000 rw-p 00000000 00:00 0 
7fb5349b2000-7fb5349d0000 rw-p 00000000 00:00 0 
7fb5349d0000-7fb5349db000 rw-p 00000000 00:00 0 
7fb5349db000-7fb5349f9000 rw-p 00000000 00:00 0 
7fb5349f9000-7fb534a0d000 rw-p 00000000 00:00 0 
7fb534a0d000-7fb534b37000 rw-p 00000000 00:00 0 
7fb534b37000-7fb534b42000 rw-p 00000000 00:00 0 
7fb534b42000-7fb534bd7000 rw-p 00000000 00:00 0 
7fb534bd7000-7fb534bd8000 rw-p 00000000 00:00 0 
7fb534bd8000-7fb534e48000 rwxp 00000000 00:00 0 
7fb534e48000-7fb537bd8000 rw-p 00000000 00:00 0 
7fb537bd8000-7fb537bf2000 r-xp 00000000 08:06 147136                     /usr/lib/jvm/java-7-oracle/jre/lib/amd64/libzip.so
7fb537bf2000-7fb537df2000 ---p 0001a000 08:06 147136                     /usr/lib/jvm/java-7-oracle/jre/lib/amd64/libzip.so
7fb537df2000-7fb537df3000 rw-p 0001a000 08:06 147136                     /usr/lib/jvm/java-7-oracle/jre/lib/amd64/libzip.so
7fb537df3000-7fb537dff000 r-xp 00000000 08:06 1190731                    /lib/x86_64-linux-gnu/libnss_files-2.15.so
7fb537dff000-7fb537ffe000 ---p 0000c000 08:06 1190731                    /lib/x86_64-linux-gnu/libnss_files-2.15.so
7fb537ffe000-7fb537fff000 r--p 0000b000 08:06 1190731                    /lib/x86_64-linux-gnu/libnss_files-2.15.so
7fb537fff000-7fb538000000 rw-p 0000c000 08:06 1190731                    /lib/x86_64-linux-gnu/libnss_files-2.15.so
7fb538000000-7fb53825d000 rw-p 00000000 00:00 0 
7fb53825d000-7fb53c000000 ---p 00000000 00:00 0 
7fb53c016000-7fb53c02a000 rw-p 00000000 00:00 0 
7fb53c02a000-7fb53c155000 rw-p 00000000 00:00 0 
7fb53c155000-7fb53c15f000 r-xp 00000000 08:06 1190655                    /lib/x86_64-linux-gnu/libnss_nis-2.15.so
7fb53c15f000-7fb53c35f000 ---p 0000a000 08:06 1190655                    /lib/x86_64-linux-gnu/libnss_nis-2.15.so
7fb53c35f000-7fb53c360000 r--p 0000a000 08:06 1190655                    /lib/x86_64-linux-gnu/libnss_nis-2.15.so
7fb53c360000-7fb53c361000 rw-p 0000b000 08:06 1190655                    /lib/x86_64-linux-gnu/libnss_nis-2.15.so
7fb53c361000-7fb53c378000 r-xp 00000000 08:06 1190745                    /lib/x86_64-linux-gnu/libnsl-2.15.so
7fb53c378000-7fb53c577000 ---p 00017000 08:06 1190745                    /lib/x86_64-linux-gnu/libnsl-2.15.so
7fb53c577000-7fb53c578000 r--p 00016000 08:06 1190745                    /lib/x86_64-linux-gnu/libnsl-2.15.so
7fb53c578000-7fb53c579000 rw-p 00017000 08:06 1190745                    /lib/x86_64-linux-gnu/libnsl-2.15.so
7fb53c579000-7fb53c57b000 rw-p 00000000 00:00 0 
7fb53c57b000-7fb53c583000 r-xp 00000000 08:06 1190732                    /lib/x86_64-linux-gnu/libnss_compat-2.15.so
7fb53c583000-7fb53c782000 ---p 00008000 08:06 1190732                    /lib/x86_64-linux-gnu/libnss_compat-2.15.so
7fb53c782000-7fb53c783000 r--p 00007000 08:06 1190732                    /lib/x86_64-linux-gnu/libnss_compat-2.15.so
7fb53c783000-7fb53c784000 rw-p 00008000 08:06 1190732                    /lib/x86_64-linux-gnu/libnss_compat-2.15.so
7fb53c784000-7fb53c7ad000 r-xp 00000000 08:06 147089                     /usr/lib/jvm/java-7-oracle/jre/lib/amd64/libjava.so
7fb53c7ad000-7fb53c9ad000 ---p 00029000 08:06 147089                     /usr/lib/jvm/java-7-oracle/jre/lib/amd64/libjava.so
7fb53c9ad000-7fb53c9af000 rw-p 00029000 08:06 147089                     /usr/lib/jvm/java-7-oracle/jre/lib/amd64/libjava.so
7fb53c9af000-7fb53c9bc000 r-xp 00000000 08:06 147093                     /usr/lib/jvm/java-7-oracle/jre/lib/amd64/libverify.so
7fb53c9bc000-7fb53cbbb000 ---p 0000d000 08:06 147093                     /usr/lib/jvm/java-7-oracle/jre/lib/amd64/libverify.so
7fb53cbbb000-7fb53cbbd000 rw-p 0000c000 08:06 147093                     /usr/lib/jvm/java-7-oracle/jre/lib/amd64/libverify.so
7fb53cbbd000-7fb53cbc4000 r-xp 00000000 08:06 1190653                    /lib/x86_64-linux-gnu/librt-2.15.so
7fb53cbc4000-7fb53cdc3000 ---p 00007000 08:06 1190653                    /lib/x86_64-linux-gnu/librt-2.15.so
7fb53cdc3000-7fb53cdc4000 r--p 00006000 08:06 1190653                    /lib/x86_64-linux-gnu/librt-2.15.so
7fb53cdc4000-7fb53cdc5000 rw-p 00007000 08:06 1190653                    /lib/x86_64-linux-gnu/librt-2.15.so
7fb53cdc5000-7fb53cec0000 r-xp 00000000 08:06 1190724                    /lib/x86_64-linux-gnu/libm-2.15.so
7fb53cec0000-7fb53d0bf000 ---p 000fb000 08:06 1190724                    /lib/x86_64-linux-gnu/libm-2.15.so
7fb53d0bf000-7fb53d0c0000 r--p 000fa000 08:06 1190724                    /lib/x86_64-linux-gnu/libm-2.15.so
7fb53d0c0000-7fb53d0c1000 rw-p 000fb000 08:06 1190724                    /lib/x86_64-linux-gnu/libm-2.15.so
7fb53d0c1000-7fb53db08000 r-xp 00000000 08:06 147141                     /usr/lib/jvm/java-7-oracle/jre/lib/amd64/server/libjvm.so
7fb53db08000-7fb53dd08000 ---p 00a47000 08:06 147141                     /usr/lib/jvm/java-7-oracle/jre/lib/amd64/server/libjvm.so
7fb53dd08000-7fb53ddab000 rw-p 00a47000 08:06 147141                     /usr/lib/jvm/java-7-oracle/jre/lib/amd64/server/libjvm.so
7fb53ddab000-7fb53dde7000 rw-p 00000000 00:00 0 
7fb53dde7000-7fb53df9c000 r-xp 00000000 08:06 1190614                    /lib/x86_64-linux-gnu/libc-2.15.so
7fb53df9c000-7fb53e19b000 ---p 001b5000 08:06 1190614                    /lib/x86_64-linux-gnu/libc-2.15.so
7fb53e19b000-7fb53e19f000 r--p 001b4000 08:06 1190614                    /lib/x86_64-linux-gnu/libc-2.15.so
7fb53e19f000-7fb53e1a1000 rw-p 001b8000 08:06 1190614                    /lib/x86_64-linux-gnu/libc-2.15.so
7fb53e1a1000-7fb53e1a6000 rw-p 00000000 00:00 0 
7fb53e1a6000-7fb53e1a8000 r-xp 00000000 08:06 1190613                    /lib/x86_64-linux-gnu/libdl-2.15.so
7fb53e1a8000-7fb53e3a8000 ---p 00002000 08:06 1190613                    /lib/x86_64-linux-gnu/libdl-2.15.so
7fb53e3a8000-7fb53e3a9000 r--p 00002000 08:06 1190613                    /lib/x86_64-linux-gnu/libdl-2.15.so
7fb53e3a9000-7fb53e3aa000 rw-p 00003000 08:06 1190613                    /lib/x86_64-linux-gnu/libdl-2.15.so
7fb53e3aa000-7fb53e3c0000 r-xp 00000000 08:06 147116                     /usr/lib/jvm/java-7-oracle/jre/lib/amd64/jli/libjli.so
7fb53e3c0000-7fb53e5c0000 ---p 00016000 08:06 147116                     /usr/lib/jvm/java-7-oracle/jre/lib/amd64/jli/libjli.so
7fb53e5c0000-7fb53e5c1000 rw-p 00016000 08:06 147116                     /usr/lib/jvm/java-7-oracle/jre/lib/amd64/jli/libjli.so
7fb53e5c1000-7fb53e5d9000 r-xp 00000000 08:06 1190624                    /lib/x86_64-linux-gnu/libpthread-2.15.so
7fb53e5d9000-7fb53e7d8000 ---p 00018000 08:06 1190624                    /lib/x86_64-linux-gnu/libpthread-2.15.so
7fb53e7d8000-7fb53e7d9000 r--p 00017000 08:06 1190624                    /lib/x86_64-linux-gnu/libpthread-2.15.so
7fb53e7d9000-7fb53e7da000 rw-p 00018000 08:06 1190624                    /lib/x86_64-linux-gnu/libpthread-2.15.so
7fb53e7da000-7fb53e7de000 rw-p 00000000 00:00 0 
7fb53e7de000-7fb53e800000 r-xp 00000000 08:06 1190735                    /lib/x86_64-linux-gnu/ld-2.15.so
7fb53e80f000-7fb53e813000 r--s 0008a000 08:06 147216                     /usr/lib/jvm/java-7-oracle/jre/lib/jsse.jar
7fb53e813000-7fb53e81d000 r--s 00254000 08:06 147083                     /usr/lib/jvm/java-7-oracle/jre/lib/resources.jar
7fb53e81d000-7fb53e827000 rw-p 00000000 00:00 0 
7fb53e827000-7fb53e8dd000 rw-p 00000000 00:00 0 
7fb53e8dd000-7fb53e8e0000 ---p 00000000 00:00 0 
7fb53e8e0000-7fb53e9e2000 rw-p 00000000 00:00 0 
7fb53e9e8000-7fb53e9ed000 r--s 00309000 08:02 187442                     /media/WINDOWS/Users/Xavier/Software/workspace/Eclipse Project/Projet_Billeterie/lib/sqlite-jdbc-3.7.2.jar
7fb53e9ed000-7fb53e9f4000 r--s 00000000 08:06 4688                       /usr/lib/x86_64-linux-gnu/gconv/gconv-modules.cache
7fb53e9f4000-7fb53e9fc000 rw-s 00000000 08:06 661683                     /tmp/hsperfdata_xavier/8903
7fb53e9fc000-7fb53e9fd000 rw-p 00000000 00:00 0 
7fb53e9fd000-7fb53e9fe000 r--p 00000000 00:00 0 
7fb53e9fe000-7fb53ea00000 rw-p 00000000 00:00 0 
7fb53ea00000-7fb53ea01000 r--p 00022000 08:06 1190735                    /lib/x86_64-linux-gnu/ld-2.15.so
7fb53ea01000-7fb53ea03000 rw-p 00023000 08:06 1190735                    /lib/x86_64-linux-gnu/ld-2.15.so
7fff6d8bb000-7fff6d8dc000 rw-p 00000000 00:00 0                          [stack]
7fff6d9ff000-7fff6da00000 r-xp 00000000 00:00 0                          [vdso]
ffffffffff600000-ffffffffff601000 r-xp 00000000 00:00 0                  [vsyscall]

VM Arguments:
jvm_args: -Dfile.encoding=UTF-8 
java_command: ihm.fenetres.FenetrePrincipale
Launcher Type: SUN_STANDARD

Environment Variables:
PATH=/usr/lib/lightdm/lightdm:/usr/local/sbin:/usr/local/bin:/usr/sbin:/usr/bin:/sbin:/bin:/usr/games
SHELL=/bin/bash
DISPLAY=:0.0

Signal Handlers:
SIGSEGV: [libjvm.so+0x8a5d70], sa_mask[0]=0x7ffbfeff, sa_flags=0x10000004
SIGBUS: [libjvm.so+0x8a5d70], sa_mask[0]=0x7ffbfeff, sa_flags=0x10000004
SIGFPE: [libjvm.so+0x741e50], sa_mask[0]=0x7ffbfeff, sa_flags=0x10000004
SIGPIPE: [libjvm.so+0x741e50], sa_mask[0]=0x7ffbfeff, sa_flags=0x10000004
SIGXFSZ: [libjvm.so+0x741e50], sa_mask[0]=0x7ffbfeff, sa_flags=0x10000004
SIGILL: [libjvm.so+0x741e50], sa_mask[0]=0x7ffbfeff, sa_flags=0x10000004
SIGUSR1: SIG_DFL, sa_mask[0]=0x00000000, sa_flags=0x00000000
SIGUSR2: [libjvm.so+0x7417a0], sa_mask[0]=0x00000004, sa_flags=0x10000004
SIGHUP: [libjvm.so+0x743b30], sa_mask[0]=0x7ffbfeff, sa_flags=0x10000004
SIGINT: [libjvm.so+0x743b30], sa_mask[0]=0x7ffbfeff, sa_flags=0x10000004
SIGTERM: [libjvm.so+0x743b30], sa_mask[0]=0x7ffbfeff, sa_flags=0x10000004
SIGQUIT: [libjvm.so+0x743b30], sa_mask[0]=0x7ffbfeff, sa_flags=0x10000004


---------------  S Y S T E M  ---------------

OS:wheezy/sid

uname:Linux 3.2.0-40-generic #64-Ubuntu SMP Mon Mar 25 21:22:10 UTC 2013 x86_64
libc:glibc 2.15 NPTL 2.15 
rlimit: STACK 8192k, CORE 0k, NPROC 30408, NOFILE 4096, AS infinity
load average:0,82 0,49 0,44

/proc/meminfo:
MemTotal:        3909972 kB
MemFree:         1265152 kB
Buffers:          254812 kB
Cached:           889180 kB
SwapCached:            0 kB
Active:          1404452 kB
Inactive:         874752 kB
Active(anon):    1136020 kB
Inactive(anon):     2228 kB
Active(file):     268432 kB
Inactive(file):   872524 kB
Unevictable:           0 kB
Mlocked:               0 kB
SwapTotal:       3905532 kB
SwapFree:        3905532 kB
Dirty:              1196 kB
Writeback:             0 kB
AnonPages:       1135172 kB
Mapped:           272772 kB
Shmem:              3028 kB
Slab:              72028 kB
SReclaimable:      42968 kB
SUnreclaim:        29060 kB
KernelStack:        3680 kB
PageTables:        25460 kB
NFS_Unstable:          0 kB
Bounce:                0 kB
WritebackTmp:          0 kB
CommitLimit:     5860516 kB
Committed_AS:    3456068 kB
VmallocTotal:   34359738367 kB
VmallocUsed:      304632 kB
VmallocChunk:   34359431528 kB
HardwareCorrupted:     0 kB
AnonHugePages:         0 kB
HugePages_Total:       0
HugePages_Free:        0
HugePages_Rsvd:        0
HugePages_Surp:        0
Hugepagesize:       2048 kB
DirectMap4k:      143360 kB
DirectMap2M:     3911680 kB


CPU:total 4 (2 cores per cpu, 2 threads per core) family 6 model 37 stepping 2, cmov, cx8, fxsr, mmx, sse, sse2, sse3, ssse3, sse4.1, sse4.2, popcnt, ht, tsc, tscinvbit

/proc/cpuinfo:
processor	: 0
vendor_id	: GenuineIntel
cpu family	: 6
model		: 37
model name	: Intel(R) Core(TM) i3 CPU       M 330  @ 2.13GHz
stepping	: 2
microcode	: 0x8
cpu MHz		: 2133.000
cache size	: 3072 KB
physical id	: 0
siblings	: 4
core id		: 0
cpu cores	: 2
apicid		: 0
initial apicid	: 0
fpu		: yes
fpu_exception	: yes
cpuid level	: 11
wp		: yes
flags		: fpu vme de pse tsc msr pae mce cx8 apic sep mtrr pge mca cmov pat pse36 clflush dts acpi mmx fxsr sse sse2 ss ht tm pbe syscall nx rdtscp lm constant_tsc arch_perfmon pebs bts nopl xtopology nonstop_tsc aperfmperf pni dtes64 monitor ds_cpl vmx est tm2 ssse3 cx16 xtpr pdcm sse4_1 sse4_2 popcnt lahf_lm arat dtherm tpr_shadow vnmi flexpriority ept vpid
bogomips	: 4256.21
clflush size	: 64
cache_alignment	: 64
address sizes	: 36 bits physical, 48 bits virtual
power management:

processor	: 1
vendor_id	: GenuineIntel
cpu family	: 6
model		: 37
model name	: Intel(R) Core(TM) i3 CPU       M 330  @ 2.13GHz
stepping	: 2
microcode	: 0x8
cpu MHz		: 933.000
cache size	: 3072 KB
physical id	: 0
siblings	: 4
core id		: 0
cpu cores	: 2
apicid		: 1
initial apicid	: 1
fpu		: yes
fpu_exception	: yes
cpuid level	: 11
wp		: yes
flags		: fpu vme de pse tsc msr pae mce cx8 apic sep mtrr pge mca cmov pat pse36 clflush dts acpi mmx fxsr sse sse2 ss ht tm pbe syscall nx rdtscp lm constant_tsc arch_perfmon pebs bts nopl xtopology nonstop_tsc aperfmperf pni dtes64 monitor ds_cpl vmx est tm2 ssse3 cx16 xtpr pdcm sse4_1 sse4_2 popcnt lahf_lm arat dtherm tpr_shadow vnmi flexpriority ept vpid
bogomips	: 4255.90
clflush size	: 64
cache_alignment	: 64
address sizes	: 36 bits physical, 48 bits virtual
power management:

processor	: 2
vendor_id	: GenuineIntel
cpu family	: 6
model		: 37
model name	: Intel(R) Core(TM) i3 CPU       M 330  @ 2.13GHz
stepping	: 2
microcode	: 0x8
cpu MHz		: 2133.000
cache size	: 3072 KB
physical id	: 0
siblings	: 4
core id		: 2
cpu cores	: 2
apicid		: 4
initial apicid	: 4
fpu		: yes
fpu_exception	: yes
cpuid level	: 11
wp		: yes
flags		: fpu vme de pse tsc msr pae mce cx8 apic sep mtrr pge mca cmov pat pse36 clflush dts acpi mmx fxsr sse sse2 ss ht tm pbe syscall nx rdtscp lm constant_tsc arch_perfmon pebs bts nopl xtopology nonstop_tsc aperfmperf pni dtes64 monitor ds_cpl vmx est tm2 ssse3 cx16 xtpr pdcm sse4_1 sse4_2 popcnt lahf_lm arat dtherm tpr_shadow vnmi flexpriority ept vpid
bogomips	: 4255.91
clflush size	: 64
cache_alignment	: 64
address sizes	: 36 bits physical, 48 bits virtual
power management:

processor	: 3
vendor_id	: GenuineIntel
cpu family	: 6
model		: 37
model name	: Intel(R) Core(TM) i3 CPU       M 330  @ 2.13GHz
stepping	: 2
microcode	: 0x8
cpu MHz		: 933.000
cache size	: 3072 KB
physical id	: 0
siblings	: 4
core id		: 2
cpu cores	: 2
apicid		: 5
initial apicid	: 5
fpu		: yes
fpu_exception	: yes
cpuid level	: 11
wp		: yes
flags		: fpu vme de pse tsc msr pae mce cx8 apic sep mtrr pge mca cmov pat pse36 clflush dts acpi mmx fxsr sse sse2 ss ht tm pbe syscall nx rdtscp lm constant_tsc arch_perfmon pebs bts nopl xtopology nonstop_tsc aperfmperf pni dtes64 monitor ds_cpl vmx est tm2 ssse3 cx16 xtpr pdcm sse4_1 sse4_2 popcnt lahf_lm arat dtherm tpr_shadow vnmi flexpriority ept vpid
bogomips	: 4255.91
clflush size	: 64
cache_alignment	: 64
address sizes	: 36 bits physical, 48 bits virtual
power management:



Memory: 4k page, physical 3909972k(1265152k free), swap 3905532k(3905532k free)

vm_info: Java HotSpot(TM) 64-Bit Server VM (23.7-b01) for linux-amd64 JRE (1.7.0_17-b02), built on Mar  1 2013 02:59:06 by "java_re" with gcc 4.3.0 20080428 (Red Hat 4.3.0-8)

time: Sat Apr 13 18:35:11 2013
elapsed time: 51 seconds

